This is LuaHBTeX, Version 1.22.0 (MiKTeX 25.4) (format=lualatex 2025.10.27)  24 MAY 2026 14:27
 restricted system commands enabled.
**BRD.tex
(./BRD.tex
LaTeX2e <2025-06-01> patch level 1
L3 programming layer <2025-10-09>
Lua module: luaotfload 2024-12-03 v3.29 Lua based OpenType font support
Lua module: lualibs 2023-07-13 v2.76 ConTeXt Lua standard libraries.
Lua module: lualibs-extended 2023-07-13 v2.76 ConTeXt Lua libraries -- extended 
collection.
luaotfload | conf : Root cache directory is "C:/Users/Admin/AppData/Local/MiKTeX
/luatex-cache/generic/names".
luaotfload | init : Loading fontloader "fontloader-2023-12-28.lua" from kpse-res
olved path "C:/Users/Admin/AppData/Local/Programs/MiKTeX/tex/luatex/luaotfload/f
ontloader-2023-12-28.lua".
Lua-only attribute luaotfload@noligature = 1
luaotfload | init : Context OpenType loader version 3.134
Inserting `luaotfload.node_processor' in `pre_linebreak_filter'.
Inserting `luaotfload.node_processor' in `hpack_filter'.
Inserting `luaotfload.glyph_stream' in `glyph_stream_provider'.
Inserting `luaotfload.define_font' in `define_font'.
Lua-only attribute luaotfload_color_attribute = 2
luaotfload | conf : Root cache directory is "C:/Users/Admin/AppData/Local/MiKTeX
/luatex-cache/generic/names".
Inserting `luaotfload.harf.strip_prefix' in `find_opentype_file'.
Inserting `luaotfload.harf.strip_prefix' in `find_truetype_file'.
Removing  `luaotfload.glyph_stream' from `glyph_stream_provider'.
Inserting `luaotfload.harf.glyphstream' in `glyph_stream_provider'.
Inserting `luaotfload.harf.finalize_vlist' in `post_linebreak_filter'.
Inserting `luaotfload.harf.finalize_hlist' in `hpack_filter'.
Inserting `luaotfload.cleanup_files' in `wrapup_run'.
Inserting `luaotfload.harf.finalize_unicode' in `finish_pdffile'.
Inserting `luaotfload.glyphinfo' in `glyph_info'.
Lua-only attribute luaotfload.letterspace_done = 3
Inserting `luaotfload.aux.set_sscale_dimens' in `luaotfload.patch_font'.
Inserting `luaotfload.aux.set_font_index' in `luaotfload.patch_font'.
Inserting `luaotfload.aux.patch_cambria_domh' in `luaotfload.patch_font'.
Inserting `luaotfload.aux.fixup_fontdata' in `luaotfload.patch_font_unsafe'.
Inserting `luaotfload.aux.set_capheight' in `luaotfload.patch_font'.
Inserting `luaotfload.aux.set_xheight' in `luaotfload.patch_font'.
Inserting `luaotfload.rewrite_fontname' in `luaotfload.patch_font'.
Inserting `tracingstacklevels' in `input_level_string'.
(C:/Users/Admin/AppData/Local/Programs/MiKTeX/tex/latex/koma-script/scrreprt.cl
s
Document Class: scrreprt 2026/02/02 v3.49.2 KOMA-Script document class (report)


(C:/Users/Admin/AppData/Local/Programs/MiKTeX/tex/latex/koma-script/scrkbase.st
y
Package: scrkbase 2026/02/02 v3.49.2 KOMA-Script package (KOMA-Script-dependent
 basics and keyval usage)

(C:/Users/Admin/AppData/Local/Programs/MiKTeX/tex/latex/koma-script/scrbase.sty
Package: scrbase 2026/02/02 v3.49.2 KOMA-Script package (KOMA-Script-independen
t basics and keyval usage)

(C:/Users/Admin/AppData/Local/Programs/MiKTeX/tex/latex/koma-script/scrlfile.st
y
Package: scrlfile 2026/02/02 v3.49.2 KOMA-Script package (file load hooks)

(C:/Users/Admin/AppData/Local/Programs/MiKTeX/tex/latex/koma-script/scrlfile-ho
ok.sty
Package: scrlfile-hook 2026/02/02 v3.49.2 KOMA-Script package (using LaTeX hook
s)

(C:/Users/Admin/AppData/Local/Programs/MiKTeX/tex/latex/koma-script/scrlogo.sty
Package: scrlogo 2026/02/02 v3.49.2 KOMA-Script package (logo)
))) (C:/Users/Admin/AppData/Local/Programs/MiKTeX/tex/latex/graphics/keyval.sty
Package: keyval 2022/05/29 v1.15 key=value parser (DPC)
\KV@toks@=\toks17
)
Applying: [2021/05/01] Usage of raw or classic option list on input line 254.
Already applied: [0000/00/00] Usage of raw or classic option list on input line
 370.
))
(C:/Users/Admin/AppData/Local/Programs/MiKTeX/tex/latex/koma-script/tocbasic.st
y
Package: tocbasic 2026/02/02 v3.49.2 KOMA-Script package (handling toc-files)
\scr@dte@tocline@numberwidth=\skip49
\scr@dte@tocline@numbox=\box53
)
Package tocbasic Info: omitting babel extension for `toc'
(tocbasic)             because of feature `nobabel' available
(tocbasic)             for `toc' on input line 143.
Class scrreprt Info: File `scrsize11pt.clo' used instead of
(scrreprt)           file `scrsize11.clo' to setup font sizes on input line 271
0.

(C:/Users/Admin/AppData/Local/Programs/MiKTeX/tex/latex/koma-script/scrsize11pt
.clo
File: scrsize11pt.clo 2026/02/02 v3.49.2 KOMA-Script font size class option (11
pt)
luaotfload | db : Font names database loaded from C:/Users/Admin/AppData/Local/M
iKTeX/luatex-cache/generic/names/luaotfload-names.luc.gz)
(C:/Users/Admin/AppData/Local/Programs/MiKTeX/tex/latex/koma-script/typearea.st
y
Package: typearea 2026/02/02 v3.49.2 KOMA-Script package (type area)
\ta@bcor=\skip50
\ta@div=\count273
\ta@hblk=\skip51
\ta@vblk=\skip52
\ta@temp=\skip53
\footheight=\skip54
Package typearea Info: These are the values describing the layout:
(typearea)             DIV  = 10
(typearea)             BCOR = 0.0pt
(typearea)             \paperwidth      = 597.50793pt
(typearea)              \textwidth      = 418.25555pt
(typearea)              DIV departure   = -6%
(typearea)              \evensidemargin = 17.3562pt
(typearea)              \oddsidemargin  = 17.3562pt
(typearea)             \paperheight     = 845.04694pt
(typearea)              \textheight     = 595.80026pt
(typearea)              \topmargin      = -25.16531pt
(typearea)              \headheight     = 17.0pt
(typearea)              \headsep        = 20.40001pt
(typearea)              \topskip        = 11.0pt
(typearea)              \footskip       = 47.6pt
(typearea)              \baselineskip   = 13.6pt
(typearea)              on input line 1810.
)
\c_scrreprt_cmdhook_cctab=\catcodetable14
\c@part=\count274
\c@chapter=\count275
\c@section=\count276
\c@subsection=\count277
\c@subsubsection=\count278
\c@paragraph=\count279
\c@subparagraph=\count280
\scr@dte@chapter@maxnumwidth=\skip55
Class scrreprt Info: using compatibility default `afterindent=bysign'
(scrreprt)           for `\chapter on input line 5934.
\scr@dte@section@maxnumwidth=\skip56
Class scrreprt Info: using compatibility default `runin=bysign'
(scrreprt)           for `\section on input line 5945.
Class scrreprt Info: using compatibility default `afterindent=bysign'
(scrreprt)           for `\section on input line 5945.
\scr@dte@part@maxnumwidth=\skip57
Class scrreprt Info: using compatibility default `afterindent=true'
(scrreprt)           for `\part on input line 5954.
\scr@dte@subsection@maxnumwidth=\skip58
Class scrreprt Info: using compatibility default `runin=bysign'
(scrreprt)           for `\subsection on input line 5964.
Class scrreprt Info: using compatibility default `afterindent=bysign'
(scrreprt)           for `\subsection on input line 5964.
\scr@dte@subsubsection@maxnumwidth=\skip59
Class scrreprt Info: using compatibility default `runin=bysign'
(scrreprt)           for `\subsubsection on input line 5974.
Class scrreprt Info: using compatibility default `afterindent=bysign'
(scrreprt)           for `\subsubsection on input line 5974.
\scr@dte@paragraph@maxnumwidth=\skip60
Class scrreprt Info: using compatibility default `runin=bysign'
(scrreprt)           for `\paragraph on input line 5985.
Class scrreprt Info: using compatibility default `afterindent=bysign'
(scrreprt)           for `\paragraph on input line 5985.
\scr@dte@subparagraph@maxnumwidth=\skip61
Class scrreprt Info: using compatibility default `runin=bysign'
(scrreprt)           for `\subparagraph on input line 5995.
Class scrreprt Info: using compatibility default `afterindent=bysign'
(scrreprt)           for `\subparagraph on input line 5995.
\abovecaptionskip=\skip62
\belowcaptionskip=\skip63
\c@pti@nb@sid@b@x=\box54
Package tocbasic Info: omitting babel extension for `lof'
(tocbasic)             because of feature `nobabel' available
(tocbasic)             for `lof' on input line 7225.
\scr@dte@figure@maxnumwidth=\skip64
\c@figure=\count281
Package tocbasic Info: omitting babel extension for `lot'
(tocbasic)             because of feature `nobabel' available
(tocbasic)             for `lot' on input line 7238.
\scr@dte@table@maxnumwidth=\skip65
\c@table=\count282
Class scrreprt Info: Redefining `\numberline' on input line 7409.
\bibindent=\dimen147
)
(C:/Users/Admin/AppData/Local/Programs/MiKTeX/tex/latex/listings/listings.sty
\lst@mode=\count283
\lst@gtempboxa=\box55
\lst@token=\toks18
\lst@length=\count284
\lst@currlwidth=\dimen148
\lst@column=\count285
\lst@pos=\count286
\lst@lostspace=\dimen149
\lst@width=\dimen150
\lst@newlines=\count287
\lst@lineno=\count288
\lst@maxwidth=\dimen151

(C:/Users/Admin/AppData/Local/Programs/MiKTeX/tex/latex/listings/lstpatch.sty
File: lstpatch.sty 2024/09/23 1.10c (Carsten Heinz)
)
(C:/Users/Admin/AppData/Local/Programs/MiKTeX/tex/latex/listings/lstmisc.sty
File: lstmisc.sty 2024/09/23 1.10c (Carsten Heinz)
\c@lstnumber=\count289
\lst@skipnumbers=\count290
\lst@framebox=\box56
)
(C:/Users/Admin/AppData/Local/Programs/MiKTeX/tex/latex/listings/listings.cfg
File: listings.cfg 2024/09/23 1.10c listings configuration
))
Package: listings 2024/09/23 1.10c (Carsten Heinz)

(C:/Users/Admin/AppData/Local/Programs/MiKTeX/tex/latex/underscore/underscore.s
ty
Package: underscore 2006/09/13
LaTeX Info: Redefining \_ on input line 42.
)
==> First Aid for underscore.sty applied!

(C:/Users/Admin/AppData/Local/Programs/MiKTeX/tex/latex/firstaid/underscore-ltx
.sty
Package: underscore-ltx 2023/09/20 LaTeX firstaid to make underscore protected 

)
(C:/Users/Admin/AppData/Local/Programs/MiKTeX/tex/latex/graphics/graphicx.sty
Package: graphicx 2024/12/31 v1.2e Enhanced LaTeX Graphics (DPC,SPQR)

(C:/Users/Admin/AppData/Local/Programs/MiKTeX/tex/latex/graphics/graphics.sty
Package: graphics 2024/08/06 v1.4g Standard LaTeX Graphics (DPC,SPQR)

(C:/Users/Admin/AppData/Local/Programs/MiKTeX/tex/latex/graphics/trig.sty
Package: trig 2023/12/02 v1.11 sin cos tan (DPC)
)
(C:/Users/Admin/AppData/Local/Programs/MiKTeX/tex/latex/graphics-cfg/graphics.c
fg
File: graphics.cfg 2016/06/04 v1.11 sample graphics configuration
)
Package graphics Info: Driver file: luatex.def on input line 106.

(C:/Users/Admin/AppData/Local/Programs/MiKTeX/tex/latex/graphics-def/luatex.def
File: luatex.def 2025/09/29 v1.2f Graphics/color driver for luatex
))
\Gin@req@height=\dimen152
\Gin@req@width=\dimen153
)
(C:/Users/Admin/AppData/Local/Programs/MiKTeX/tex/latex/hyperref/hyperref.sty
Package: hyperref 2025-07-12 v7.01o Hypertext links for LaTeX

(C:/Users/Admin/AppData/Local/Programs/MiKTeX/tex/generic/iftex/iftex.sty
Package: iftex 2024/12/12 v1.0g TeX engine tests
)
(C:/Users/Admin/AppData/Local/Programs/MiKTeX/tex/latex/kvsetkeys/kvsetkeys.sty
Package: kvsetkeys 2022-10-05 v1.19 Key value parser (HO)
)
(C:/Users/Admin/AppData/Local/Programs/MiKTeX/tex/generic/kvdefinekeys/kvdefine
keys.sty
Package: kvdefinekeys 2019-12-19 v1.6 Define keys (HO)
)
(C:/Users/Admin/AppData/Local/Programs/MiKTeX/tex/generic/pdfescape/pdfescape.s
ty
Package: pdfescape 2019/12/09 v1.15 Implements pdfTeX's escape features (HO)

(C:/Users/Admin/AppData/Local/Programs/MiKTeX/tex/generic/ltxcmds/ltxcmds.sty
Package: ltxcmds 2023-12-04 v1.26 LaTeX kernel commands for general use (HO)
)
(C:/Users/Admin/AppData/Local/Programs/MiKTeX/tex/generic/pdftexcmds/pdftexcmds
.sty
Package: pdftexcmds 2020-06-27 v0.33 Utility functions of pdfTeX for LuaTeX (HO
)

(C:/Users/Admin/AppData/Local/Programs/MiKTeX/tex/generic/infwarerr/infwarerr.s
ty
Package: infwarerr 2019/12/03 v1.5 Providing info/warning/error messages (HO)
)
Package pdftexcmds Info: \pdf@primitive is available.
Package pdftexcmds Info: \pdf@ifprimitive is available.
Package pdftexcmds Info: \pdfdraftmode found.
\pdftexcmds@toks=\toks19
))
(C:/Users/Admin/AppData/Local/Programs/MiKTeX/tex/latex/hycolor/hycolor.sty
Package: hycolor 2020-01-27 v1.10 Color options for hyperref/bookmark (HO)
)
(C:/Users/Admin/AppData/Local/Programs/MiKTeX/tex/latex/hyperref/nameref.sty
Package: nameref 2025-06-21 v2.57 Cross-referencing by name of section

(C:/Users/Admin/AppData/Local/Programs/MiKTeX/tex/latex/refcount/refcount.sty
Package: refcount 2019/12/15 v3.6 Data extraction from label references (HO)
)
(C:/Users/Admin/AppData/Local/Programs/MiKTeX/tex/generic/gettitlestring/gettit
lestring.sty
Package: gettitlestring 2019/12/15 v1.6 Cleanup title references (HO)

(C:/Users/Admin/AppData/Local/Programs/MiKTeX/tex/latex/kvoptions/kvoptions.sty
Package: kvoptions 2022-06-15 v3.15 Key value format for package options (HO)
))
\c@section@level=\count291
)
(C:/Users/Admin/AppData/Local/Programs/MiKTeX/tex/latex/etoolbox/etoolbox.sty
Package: etoolbox 2025/10/02 v2.5m e-TeX tools for LaTeX (JAW)
\etb@tempcnta=\count292
)
(C:/Users/Admin/AppData/Local/Programs/MiKTeX/tex/generic/stringenc/stringenc.s
ty
Package: stringenc 2019/11/29 v1.12 Convert strings between diff. encodings (HO
)
)
\@linkdim=\dimen154
\Hy@linkcounter=\count293
\Hy@pagecounter=\count294
 (C:/Users/Admin/AppData/Local/Programs/MiKTeX/tex/latex/hyperref/pd1enc.def
File: pd1enc.def 2025-07-12 v7.01o Hyperref: PDFDocEncoding definition (HO)
) (C:/Users/Admin/AppData/Local/Programs/MiKTeX/tex/generic/intcalc/intcalc.sty
Package: intcalc 2019/12/15 v1.3 Expandable calculations with integers (HO)
)
\Hy@SavedSpaceFactor=\count295
 (C:/Users/Admin/AppData/Local/Programs/MiKTeX/tex/latex/hyperref/puenc.def
File: puenc.def 2025-07-12 v7.01o Hyperref: PDF Unicode definition (HO)
)
Package hyperref Info: Option `bookmarks' set `true' on input line 4066.
Package hyperref Info: Hyper figures OFF on input line 4195.
Package hyperref Info: Link nesting OFF on input line 4200.
Package hyperref Info: Hyper index ON on input line 4203.
Package hyperref Info: Plain pages OFF on input line 4210.
Package hyperref Info: Backreferencing OFF on input line 4215.
Package hyperref Info: Implicit mode ON; LaTeX internals redefined.
Package hyperref Info: Bookmarks ON on input line 4462.
\c@Hy@tempcnt=\count296

(C:/Users/Admin/AppData/Local/Programs/MiKTeX/tex/latex/url/url.sty
\Urlmuskip=\muskip17
Package: url 2013/09/16  ver 3.4  Verb mode for urls, etc.
)
LaTeX Info: Redefining \url on input line 4801.
\XeTeXLinkMargin=\dimen155

(C:/Users/Admin/AppData/Local/Programs/MiKTeX/tex/generic/bitset/bitset.sty
Package: bitset 2019/12/09 v1.3 Handle bit-vector datatype (HO)

(C:/Users/Admin/AppData/Local/Programs/MiKTeX/tex/generic/bigintcalc/bigintcalc
.sty
Package: bigintcalc 2019/12/15 v1.5 Expandable calculations on big integers (HO
)
))
\Fld@menulength=\count297
\Field@Width=\dimen156
\Fld@charsize=\dimen157
Package hyperref Info: Hyper figures OFF on input line 6078.
Package hyperref Info: Link nesting OFF on input line 6083.
Package hyperref Info: Hyper index ON on input line 6086.
Package hyperref Info: backreferencing OFF on input line 6093.
Package hyperref Info: Link coloring OFF on input line 6098.
Package hyperref Info: Link coloring with OCG OFF on input line 6103.
Package hyperref Info: PDF/A mode OFF on input line 6108.
\Hy@abspage=\count298
\c@Item=\count299
\c@Hfootnote=\count300
)
Package hyperref Info: Driver (autodetected): hluatex.

(C:/Users/Admin/AppData/Local/Programs/MiKTeX/tex/latex/hyperref/hluatex.def
File: hluatex.def 2025-07-12 v7.01o Hyperref driver for luaTeX
\Fld@listcount=\count301
\c@bookmark@seq@number=\count302

(C:/Users/Admin/AppData/Local/Programs/MiKTeX/tex/latex/rerunfilecheck/rerunfil
echeck.sty
Package: rerunfilecheck 2025-06-21 v1.11 Rerun checks for auxiliary files (HO)

(C:/Users/Admin/AppData/Local/Programs/MiKTeX/tex/generic/uniquecounter/uniquec
ounter.sty
Package: uniquecounter 2019/12/15 v1.4 Provide unlimited unique counter (HO)
)
Package uniquecounter Info: New unique counter `rerunfilecheck' on input line 2
84.
)
\Hy@SectionHShift=\skip66
)
(C:/Users/Admin/AppData/Local/Programs/MiKTeX/tex/latex/base/inputenc.sty
Package: inputenc 2024/02/08 v1.3d Input encoding file
\inpenc@prehook=\toks20
\inpenc@posthook=\toks21


Package inputenc Warning: inputenc package ignored with utf8 based engines.

) (C:/Users/Admin/AppData/Local/Programs/MiKTeX/tex/generic/babel/babel.sty
Package: babel 2025/10/22 v25.14 The multilingual framework for LuaLaTeX, pdfLa
TeX and XeLaTeX

(C:/Users/Admin/AppData/Local/Programs/MiKTeX/tex/generic/babel/luababel.def
\bbl@readstream=\read2
\l@afrikaans=\language2
Package babel Info: Non-standard hyphenation setup on input line 118.
\l@ancientgreek=\language3
\l@armenian=\language4
\l@assamese=\language5
\l@basque=\language6
\l@belarusian=\language7
\l@bengali=\language8
\l@bokmal=\language9
\l@bulgarian=\language10
\l@catalan=\language11
\l@churchslavonic=\language12
\l@classiclatin=\language13
\l@coptic=\language14
\l@croatian=\language15
\l@czech=\language16
\l@danish=\language17
\l@dutch=\language18
\l@esperanto=\language19
\l@estonian=\language20
\l@ethiopic=\language21
\l@finnish=\language22
\l@french=\language23
\l@friulan=\language24
\l@galician=\language25
\l@georgian=\language26
\l@german=\language27
\l@greek=\language28
\l@gujarati=\language29
\l@hindi=\language30
\l@hungarian=\language31
\l@icelandic=\language32
\l@indonesian=\language33
\l@interlingua=\language34
\l@irish=\language35
\l@italian=\language36
\l@kannada=\language37
\l@kurmanji=\language38
\l@latin=\language39
\l@latvian=\language40
\l@lithuanian=\language41
\l@liturgicallatin=\language42
\l@macedonian=\language43
\l@malayalam=\language44
\l@marathi=\language45
\l@mongolian=\language46
\l@mongolianlmc=\language47
\l@monogreek=\language48
\l@ngerman=\language49
\l@nynorsk=\language50
\l@occitan=\language51
\l@oriya=\language52
\l@pali=\language53
\l@panjabi=\language54
\l@piedmontese=\language55
\l@polish=\language56
\l@portuguese=\language57
\l@romanian=\language58
\l@romansh=\language59
\l@russian=\language60
\l@sanskrit=\language61
\l@serbian=\language62
\l@serbianc=\language63
\l@slovak=\language64
\l@slovenian=\language65
\l@spanish=\language66
\l@swedish=\language67
\l@swissgerman=\language68
\l@tamil=\language69
\l@telugu=\language70
\l@thai=\language71
\l@turkish=\language72
\l@turkmen=\language73
\l@ukenglish=\language74
\l@ukrainian=\language75
\l@uppersorbian=\language76
\l@usenglishmax=\language77
\l@welsh=\language78
\babelcatcodetablenum=\catcodetable15
\bbl@pattcodes=\catcodetable16
)
\babel@savecnt=\count303
LaTeX Encoding Info:    Redeclaring text command \ij (encoding OT1) on input li
ne 2050.
LaTeX Encoding Info:    Redeclaring text command \IJ (encoding OT1) on input li
ne 2052.
LaTeX Encoding Info:    Redeclaring text command \ij (encoding T1) on input lin
e 2054.
LaTeX Encoding Info:    Redeclaring text command \IJ (encoding T1) on input lin
e 2055.
LaTeX Encoding Info:    Ignoring declaration for text command \ij (encoding ?) 
on input line 2056.
LaTeX Encoding Info:    Ignoring declaration for text command \IJ (encoding ?) 
on input line 2058.
LaTeX Encoding Info:    Ignoring declaration for text command \SS (encoding ?) 
on input line 2083.
\U@D=\dimen158
\l@unhyphenated=\language79

(C:/Users/Admin/AppData/Local/Programs/MiKTeX/tex/generic/babel/luababel.def
\bbl@attr@locale=\attribute4
)

Package babel Warning: Configuration files are deprecated, as
(babel)                they can break document portability.
(babel)                Reported on input line 4172.

*************************************
* Local config file bblopts.cfg used
*
(C:/Users/Admin/AppData/Local/Programs/MiKTeX/tex/latex/arabi/bblopts.cfg
File: bblopts.cfg 2005/09/08 v0.1 add Arabic and Farsi to "declared" options of
 babel
)
(C:/Users/Admin/AppData/Local/Programs/MiKTeX/tex/generic/babel/locale/en/babel
-english.tex)
Package babel Info: Importing font and identification data for english
(babel)             from babel-en.ini. Reported on input line 4295.

(C:/Users/Admin/AppData/Local/Programs/MiKTeX/tex/latex/babel-english/english.l
df
Language: english 2017/06/06 v3.3r English support from the babel system
Package babel Info: Hyphen rules for 'canadian' set to \l@english
(babel)             (\language0). Reported on input line 102.
Package babel Info: Hyphen rules for 'australian' set to \l@ukenglish
(babel)             (\language74). Reported on input line 105.
Package babel Info: Hyphen rules for 'newzealand' set to \l@ukenglish
(babel)             (\language74). Reported on input line 108.
))
(C:/Users/Admin/AppData/Local/Programs/MiKTeX/tex/latex/tools/longtable.sty
Package: longtable 2024-12-18 v4.23 Multi-page Table package (DPC)
\LTleft=\skip67
\LTright=\skip68
\LTpre=\skip69
\LTpost=\skip70
\LTchunksize=\count304
\LTcapwidth=\dimen159
\LT@head=\box57
\LT@firsthead=\box58
\LT@foot=\box59
\LT@lastfoot=\box60
\LT@gbox=\box61
\LT@cols=\count305
\LT@rows=\count306
\c@LT@tables=\count307
\c@LT@chunks=\count308
\LT@p@ftn=\toks22
)
Class scrreprt Info: longtable captions redefined on input line 9.

(C:/Users/Admin/AppData/Local/Programs/MiKTeX/tex/latex/float/float.sty
Package: float 2001/11/08 v1.3d Float enhancements (AL)
\c@float@type=\count309
\float@exts=\toks23
\float@box=\box62
\@float@everytoks=\toks24
\@floatcapt=\box63
)
(C:/Users/Admin/AppData/Local/Programs/MiKTeX/tex/latex/pdflscape/pdflscape.sty
Package: pdflscape 2022-10-27 v0.13 Display of landscape pages in PDF

(C:/Users/Admin/AppData/Local/Programs/MiKTeX/tex/latex/pdflscape/pdflscape-nom
etadata.sty
Package: pdflscape-nometadata 2022-10-28 v0.13 Display of landscape pages in PD
F (HO)

(C:/Users/Admin/AppData/Local/Programs/MiKTeX/tex/latex/graphics/lscape.sty
Package: lscape 2020/05/28 v3.02 Landscape Pages (DPC)
)
Package pdflscape Info: Auto-detected driver: pdftex on input line 81.
))
(C:/Users/Admin/AppData/Local/Programs/MiKTeX/tex/latex/tools/array.sty
Package: array 2025/06/08 v2.6j Tabular extension package (FMi)
\col@sep=\dimen160
\ar@mcellbox=\box64
\extrarowheight=\dimen161
\NC@list=\toks25
\extratabsurround=\skip71
\backup@length=\skip72
\ar@cellbox=\box65
)
(C:/Users/Admin/AppData/Local/Programs/MiKTeX/tex/latex/tabularray/tabularray.s
ty
Package: tabularray 2025-08-29 v2025B Typeset tabulars and arrays with LaTeX3
\l__tblr_a_int=\count310
\l__tblr_c_int=\count311
\l__tblr_r_int=\count312
\l__tblr_d_dim=\dimen162
\l__tblr_h_dim=\dimen163
\l__tblr_o_dim=\dimen164
\l__tblr_p_dim=\dimen165
\l__tblr_q_dim=\dimen166
\l__tblr_r_dim=\dimen167
\l__tblr_s_dim=\dimen168
\l__tblr_t_dim=\dimen169
\l__tblr_v_dim=\dimen170
\l__tblr_w_dim=\dimen171
\l__tblr_a_box=\box66
\l__tblr_b_box=\box67
\l__tblr_c_box=\box68
\l__tblr_d_box=\box69
\c@tblrcount=\count313
\c@rownum=\count314
\c@colnum=\count315
\c@rowcount=\count316
\c@colcount=\count317
\abovesep=\dimen172
\belowsep=\dimen173
\leftsep=\dimen174
\rightsep=\dimen175
\gTblrLevelInt=\count318
\g__tblr_data_row_key_count_int=\count319
\g__tblr_data_column_key_count_int=\count320
\g__tblr_data_cell_key_count_int=\count321
\g__tblr_array_int=\count322
\l__tblr_key_count_int=\count323
\l__tblr_key_quotient_int=\count324
\l__tblr_key_quotient_two_int=\count325
\l__tblr_key_remainder_int=\count326
\g__tblr_data_str_value_count_int=\count327
\lTblrChildTotalInt=\count328
\lTblrChildHtotalInt=\count329
\lTblrChildVtotalInt=\count330
\l__child_diff_h_int=\count331
\l__child_diff_v_int=\count332
\l__child_sign_h_int=\count333
\l__child_sign_v_int=\count334
\l__child_step_int=\count335
\lTblrDefaultHruleWidthDim=\dimen176
\lTblrDefaultVruleWidthDim=\dimen177
\l__tblr_split_balance_int=\count336
\l__tblr_strut_dp_dim=\dimen178
\l__tblr_strut_ht_dim=\dimen179
\g__tblr_cell_wd_dim=\dimen180
\g__tblr_cell_ht_dim=\dimen181
\g__tblr_cell_head_dim=\dimen182
\g__tblr_cell_foot_dim=\dimen183
\l__tblr_measured_cell_box=\box70
\g__tblr_last_box=\box71
\l__tblr_temp_box=\box72
\l__tblr_column_target_dim=\dimen184
\l__tblr_hfuzz_dim=\dimen185
\l__tblr_caption_box=\box73
\l__tblr_caption_left_box=\box74
\lTblrRowHeadInt=\count337
\lTblrRowFootInt=\count338
\l__tblr_row_head_box=\box75
\l__tblr_row_foot_box=\box76
\l__tblr_row_head_foot_dim=\dimen186
\lTblrTableWidthDim=\dimen187
\l__tblr_table_firsthead_box=\box77
\l__tblr_table_middlehead_box=\box78
\l__tblr_table_lasthead_box=\box79
\l__tblr_table_firstfoot_box=\box80
\l__tblr_table_middlefoot_box=\box81
\l__tblr_table_lastfoot_box=\box82
\l__tblr_remain_height_dim=\dimen188
\l__tblr_long_from_int=\count339
\l__tblr_long_to_int=\count340
\l__tblr_curr_i_int=\count341
\l__tblr_prev_i_int=\count342
\lTblrTablePageInt=\count343
\l__tblr_table_head_box=\box83
\l__tblr_table_foot_box=\box84
\l__tblr_table_head_foot_dim=\dimen189
\l__tblr_table_head_body_foot_dim=\dimen190
\l__tblr_table_box=\box85
\lTblrRowFirstInt=\count344
\lTblrRowLastInt=\count345
\l__tblr_table_hlines_box=\box86
\l__tblr_hline_box=\box87
\l__tblr_row_box=\box88
\l__tblr_col_o_wd_dim=\dimen191
\l__tblr_col_b_wd_dim=\dimen192
\l__tblr_hline_leftskip_dim=\dimen193
\l__tblr_hline_rightskip_dim=\dimen194
\l__tblr_row_ht_dim=\dimen195
\l__tblr_row_dp_dim=\dimen196
\l__tblr_row_abovesep_dim=\dimen197
\l__tblr_row_belowsep_dim=\dimen198
\l__tblr_row_vlines_box=\box89
\l__tblr_vline_box=\box90
\l__tblr_cell_box=\box91
\l__tblr_row_upper_dim=\dimen199
\l__tblr_row_lower_dim=\dimen256
\l__tblr_row_vpace_dim=\dimen257
\l__tblr_vline_aboveskip_dim=\dimen258
\l__tblr_vline_belowskip_dim=\dimen259
\lTblrCellRowSpanInt=\count346
\lTblrCellColSpanInt=\count347
\l__tblr_cell_wd_dim=\dimen260
\l__tblr_cell_ht_dim=\dimen261
\lTblrCellAboveBorderWidthDim=\dimen262
\lTblrCellBelowBorderWidthDim=\dimen263
\lTblrCellLeftBorderWidthDim=\dimen264
\lTblrCellRightBorderWidthDim=\dimen265
\l__tblr_diag_box=\box92
\l__tblr_cell_inner_wd_dim=\dimen266
\l__tblr_cell_inner_dp_dim=\dimen267
\l__tblr_cell_hanchor_dim=\dimen268
\l__tblr_last_cell_table_ht_dim=\dimen269
\l__tblr_last_cell_table_dp_dim=\dimen270
\l__tblr_last_vline_wd_dim=\dimen271
\l__tblr_tikz_node_box=\box93
)
(C:/Users/Admin/AppData/Local/Programs/MiKTeX/tex/latex/booktabs/booktabs.sty
Package: booktabs 2020/01/12 v1.61803398 Publication quality tables
\heavyrulewidth=\dimen272
\lightrulewidth=\dimen273
\cmidrulewidth=\dimen274
\belowrulesep=\dimen275
\belowbottomsep=\dimen276
\aboverulesep=\dimen277
\abovetopsep=\dimen278
\cmidrulesep=\dimen279
\cmidrulekern=\dimen280
\defaultaddspace=\dimen281
\@cmidla=\count348
\@cmidlb=\count349
\@aboverulesep=\dimen282
\@belowrulesep=\dimen283
\@thisruleclass=\count350
\@lastruleclass=\count351
\@thisrulewidth=\dimen284
)
(C:/Users/Admin/AppData/Local/Programs/MiKTeX/tex/latex/geometry/geometry.sty
Package: geometry 2020/01/02 v5.9 Page Geometry

(C:/Users/Admin/AppData/Local/Programs/MiKTeX/tex/generic/iftex/ifvtex.sty
Package: ifvtex 2019/10/25 v1.7 ifvtex legacy package. Use iftex instead.
)
\Gm@cnth=\count352
\Gm@cntv=\count353
\c@Gm@tempcnt=\count354
\Gm@bindingoffset=\dimen285
\Gm@wd@mp=\dimen286
\Gm@odd@mp=\dimen287
\Gm@even@mp=\dimen288
\Gm@layoutwidth=\dimen289
\Gm@layoutheight=\dimen290
\Gm@layouthoffset=\dimen291
\Gm@layoutvoffset=\dimen292
\Gm@dimlist=\toks26

(C:/Users/Admin/AppData/Local/Programs/MiKTeX/tex/latex/geometry/geometry.cfg))

Package hyperref Warning: Option `bookmarks' has already been used,
(hyperref)                setting the option has no effect on input line 49.

Package hyperref Info: Option `colorlinks' set `true' on input line 49.
Class scrreprt Info: loading recommended package `bookmark'.
(scrreprt)           Using `bookmark' together with `hyperref' is recommended,
(scrreprt)           because of handling of possible bookmark level gaps.
(scrreprt)           You can avoid loading `bookmark' with KOMA-Script option
(scrreprt)           `bookmarkpackage=false' before \begin{document} and
(scrreprt)           you can avoid this message adding:
(scrreprt)             \usepackage{bookmark}
(scrreprt)           before \begin{document} on input line 56.
(C:/Users/Admin/AppData/Local/Programs/MiKTeX/tex/latex/bookmark/bookmark.sty
Package: bookmark 2023-12-10 v1.31 PDF bookmarks (HO)

(C:/Users/Admin/AppData/Local/Programs/MiKTeX/tex/latex/bookmark/bkm-pdftex.def
File: bkm-pdftex.def 2023-12-10 v1.31 bookmark driver for pdfTeX and luaTeX (HO
)
\BKM@id=\count355
))
(C:/Users/Admin/AppData/Local/Programs/MiKTeX/tex/latex/l3backend/l3backend-lua
tex.def
File: l3backend-luatex.def 2025-10-09 L3 backend support: PDF output (LuaTeX)
\l__color_backend_stack_int=\count356
Inserting `l3color' in `luaotfload.parse_color'.) (./BRD.aux)
\openout1 = BRD.aux

LaTeX Font Info:    Checking defaults for OML/cmm/m/it on input line 56.
LaTeX Font Info:    ... okay on input line 56.
LaTeX Font Info:    Checking defaults for OMS/cmsy/m/n on input line 56.
LaTeX Font Info:    ... okay on input line 56.
LaTeX Font Info:    Checking defaults for OT1/cmr/m/n on input line 56.
LaTeX Font Info:    ... okay on input line 56.
LaTeX Font Info:    Checking defaults for T1/cmr/m/n on input line 56.
LaTeX Font Info:    ... okay on input line 56.
LaTeX Font Info:    Checking defaults for TS1/cmr/m/n on input line 56.
LaTeX Font Info:    ... okay on input line 56.
LaTeX Font Info:    Checking defaults for TU/lmr/m/n on input line 56.
LaTeX Font Info:    ... okay on input line 56.
LaTeX Font Info:    Checking defaults for OMX/cmex/m/n on input line 56.
LaTeX Font Info:    ... okay on input line 56.
LaTeX Font Info:    Checking defaults for U/cmr/m/n on input line 56.
LaTeX Font Info:    ... okay on input line 56.
LaTeX Font Info:    Checking defaults for PD1/pdf/m/n on input line 56.
LaTeX Font Info:    ... okay on input line 56.
LaTeX Font Info:    Checking defaults for PU/pdf/m/n on input line 56.
LaTeX Font Info:    ... okay on input line 56.
Package scrbase Info: activating english \abstractname on input line 56.
Package scrbase Info: activating english \partname on input line 56.
Package scrbase Info: activating english \chaptername on input line 56.
Package scrbase Info: activating english \appendixname on input line 56.
Package scrbase Info: activating english \figurename on input line 56.
Package scrbase Info: activating english \tablename on input line 56.
Package scrbase Info: activating english \contentsname on input line 56.
Package scrbase Info: activating english \listfigurename on input line 56.
Package scrbase Info: activating english \listtablename on input line 56.
Package scrbase Info: activating english \bibname on input line 56.
Package scrbase Info: activating english \indexname on input line 56.
\c@lstlisting=\count357
Package tocbasic Info: setting babel extension for `lol' on input line 56.
\scr@dte@lstlisting@maxnumwidth=\skip73

(C:/Users/Admin/AppData/Local/Programs/MiKTeX/tex/context/base/mkii/supp-pdf.mk
ii
[Loading MPS to PDF converter (version 2006.09.02).]
\scratchcounter=\count358
\scratchdimen=\dimen293
\scratchbox=\box94
\nofMPsegments=\count359
\nofMParguments=\count360
\everyMPshowfont=\toks27
\MPscratchCnt=\count361
\MPscratchDim=\dimen294
\MPnumerator=\count362
\makeMPintoPDFobject=\count363
\everyMPtoPDFconversion=\toks28
)
(C:/Users/Admin/AppData/Local/Programs/MiKTeX/tex/latex/epstopdf-pkg/epstopdf-b
ase.sty
Package: epstopdf-base 2020-01-24 v2.11 Base part for package epstopdf
Package epstopdf-base Info: Redefining graphics rule for `.eps' on input line 4
85.

(C:/Users/Admin/AppData/Local/Programs/MiKTeX/tex/latex/00miktex/epstopdf-sys.c
fg
File: epstopdf-sys.cfg 2021/03/18 v2.0 Configuration of epstopdf for MiKTeX
)) (C:/Users/Admin/AppData/Local/Programs/MiKTeX/tex/latex/graphics/color.sty
Package: color 2025/01/14 v1.3e Standard LaTeX Color (DPC)
(C:/Users/Admin/AppData/Local/Programs/MiKTeX/tex/latex/graphics-cfg/color.cfg
File: color.cfg 2016/01/02 v1.6 sample color configuration
)
Package color Info: Driver file: luatex.def on input line 149.
(C:/Users/Admin/AppData/Local/Programs/MiKTeX/tex/latex/graphics/mathcolor.ltx))
Package hyperref Info: Link coloring ON on input line 56.

*geometry* driver: auto-detecting
*geometry* detected driver: luatex
*geometry* verbose mode - [ preamble ] result:
* driver: luatex
* paper: a4paper
* layout: <same size as paper>
* layoutoffset:(h,v)=(0.0pt,0.0pt)
* modes: 
* h-part:(L,W,R)=(85.35826pt, 426.79135pt, 85.35826pt)
* v-part:(T,H,B)=(85.35826pt, 674.33032pt, 85.35826pt)
* \paperwidth=597.50787pt
* \paperheight=845.04684pt
* \textwidth=426.79135pt
* \textheight=674.33032pt
* \oddsidemargin=13.08827pt
* \evensidemargin=13.08827pt
* \topmargin=-24.31174pt
* \headheight=17.0pt
* \headsep=20.40001pt
* \topskip=11.0pt
* \footskip=47.6pt
* \marginparwidth=59.7508pt
* \marginparsep=12.8401pt
* \columnsep=10.0pt
* \skip\footins=10.0pt plus 4.0pt minus 2.0pt
* \hoffset=0.0pt
* \voffset=0.0pt
* \mag=1000
* \@twocolumnfalse
* \@twosidefalse
* \@mparswitchfalse
* \@reversemarginfalse
* (1in=72.27pt=25.4mm, 1cm=28.453pt)

\g__cctab_next_cctab=\catcodetable17

Overfull \hbox (28.45273pt too wide) in paragraph at lines 59--59
 []
 []



[1

{C:/Users/Admin/AppData/Local/MiKTeX/fonts/map/pdftex/pdftex.map}] (./BRD.toc
LaTeX Font Info:    External font `cmex10' loaded for size
(Font)              <10.95> on input line 3.
LaTeX Font Info:    External font `cmex10' loaded for size
(Font)              <8> on input line 3.
LaTeX Font Info:    External font `cmex10' loaded for size
(Font)              <6> on input line 3.
)
\tf@toc=\write3

\openout3 = BRD.toc


[2

]
chapter 1.


[3

]
chapter 2.
<diagrams/domain_model.png, id=70, 1171.37625pt x 565.11125pt>
File: diagrams/domain_model.png Graphic file (type png)
<use diagrams/domain_model.png>
Package luatex.def Info: diagrams/domain_model.png  used on input line 125.
(luatex.def)             Requested size: 384.1096pt x 185.30594pt.


[4


warning  (pdf backend): ignoring duplicate destination with the name 'figure.2.1
'
<./diagrams/domain_model.png>]
<diagrams/use_case_diagram.png, id=76, 763.85374pt x 2617.78pt>
File: diagrams/use_case_diagram.png Graphic file (type png)
<use diagrams/use_case_diagram.png>
Package luatex.def Info: diagrams/use_case_diagram.png  used on input line 204.

(luatex.def)             Requested size: 167.24411pt x 573.15724pt.


[5
warning  (pdf backend): ignoring duplicate destination with the name 'table.2.1'

]

[6
warning  (pdf backend): ignoring duplicate destination with the name 'figure.2.2
'
<./diagrams/use_case_diagram.png>]

[7
warning  (pdf backend): ignoring duplicate destination with the name 'table.2.2'

]
Overfull \hbox (4.07971pt too wide) in paragraph at lines 328--328
 []\TU/lmr/bx/n/10.95 Guest 
 []


Overfull \hbox (2.37502pt too wide) in paragraph at lines 328--328
 []\TU/lmr/bx/n/10.95 Owner 
 []



[8]
Overfull \hbox (4.07971pt too wide) in paragraph at lines 328--328
 []\TU/lmr/bx/n/10.95 Guest 
 []


Overfull \hbox (2.37502pt too wide) in paragraph at lines 328--328
 []\TU/lmr/bx/n/10.95 Owner 
 []



[9]

[10]

[11]

[12]
chapter 3.


[13

] (./BRD.aux)
 ***********
LaTeX2e <2025-06-01> patch level 1
L3 programming layer <2025-10-09>
 ***********
)

Here is how much of LuaTeX's memory you used:
 20149 strings out of 476290
 195337,953878 words of node,token memory allocated
 495 words of node memory still in use:
   3 hlist, 1 vlist, 1 rule, 2 glue, 3 kern, 1 glyph, 6 attribute, 65 glue_spec,
 4 attribute_list, 1 write nodes
   avail lists: 1:2,2:11710,3:395,4:222,5:467,6:323,7:9584,8:1,9:6958,10:19,11:4
50
 42044 multiletter control sequences out of 65536+600000
 34 fonts using 2530631 bytes
 108i,8n,112p,11226b,2817s stack positions out of 10000i,1000n,20000p,200000b,200000s
<c:/users/admin/appdata/local/programs/miktex/fonts/opentype/public/lm/lmroman10
-italic.otf><c:/users/admin/appdata/local/programs/miktex/fonts/opentype/public/
lm/lmroman10-bold.otf><c:/users/admin/appdata/local/programs/miktex/fonts/openty
pe/public/lm/lmsans10-bold.otf><c:/users/admin/appdata/local/programs/miktex/fon
ts/opentype/public/lm/lmroman10-regular.otf><c:/users/admin/appdata/local/progra
ms/miktex/fonts/opentype/public/lm/lmroman12-bold.otf>
Output written on BRD.pdf (13 pages, 413487 bytes).

PDF statistics: 241 PDF objects out of 1000 (max. 8388607)
 57 named destinations out of 1000 (max. 131072)
 193 words of extra memory for PDF output out of 10000 (max. 100000000)

