This is pdfTeX, Version 3.141592653-2.6-1.40.29 (TeX Live 2026/Arch Linux) (preloaded format=pdflatex 2026.4.17)  17 MAY 2026 19:07
entering extended mode
 restricted \write18 enabled.
 %&-line parsing enabled.
**SAD.tex
(./SAD.tex
LaTeX2e <2025-11-01>
L3 programming layer <2026-01-19>
(/usr/share/texmf-dist/tex/latex/koma-script/scrreprt.cls
Document Class: scrreprt 2026/02/02 v3.49.2 KOMA-Script document class (report)

(/usr/share/texmf-dist/tex/latex/koma-script/scrkbase.sty
Package: scrkbase 2026/02/02 v3.49.2 KOMA-Script package (KOMA-Script-dependent
 basics and keyval usage)

(/usr/share/texmf-dist/tex/latex/koma-script/scrbase.sty
Package: scrbase 2026/02/02 v3.49.2 KOMA-Script package (KOMA-Script-independen
t basics and keyval usage)

(/usr/share/texmf-dist/tex/latex/koma-script/scrlfile.sty
Package: scrlfile 2026/02/02 v3.49.2 KOMA-Script package (file load hooks)

(/usr/share/texmf-dist/tex/latex/koma-script/scrlfile-hook.sty
Package: scrlfile-hook 2026/02/02 v3.49.2 KOMA-Script package (using LaTeX hook
s)

(/usr/share/texmf-dist/tex/latex/koma-script/scrlogo.sty
Package: scrlogo 2026/02/02 v3.49.2 KOMA-Script package (logo)
)))
(/usr/share/texmf-dist/tex/latex/graphics/keyval.sty
Package: keyval 2022/05/29 v1.15 key=value parser (DPC)
\KV@toks@=\toks17
)
Applying: [2021/05/01] Usage of raw or classic option list on input line 254.
Already applied: [0000/00/00] Usage of raw or classic option list on input line
 370.
))
(/usr/share/texmf-dist/tex/latex/koma-script/tocbasic.sty
Package: tocbasic 2026/02/02 v3.49.2 KOMA-Script package (handling toc-files)
\scr@dte@tocline@numberwidth=\skip49
\scr@dte@tocline@numbox=\box53
)
Package tocbasic Info: omitting babel extension for `toc'
(tocbasic)             because of feature `nobabel' available
(tocbasic)             for `toc' on input line 143.
Class scrreprt Info: File `scrsize11pt.clo' used instead of
(scrreprt)           file `scrsize11.clo' to setup font sizes on input line 271
0.

(/usr/share/texmf-dist/tex/latex/koma-script/scrsize11pt.clo
File: scrsize11pt.clo 2026/02/02 v3.49.2 KOMA-Script font size class option (11
pt)
)
(/usr/share/texmf-dist/tex/latex/koma-script/typearea.sty
Package: typearea 2026/02/02 v3.49.2 KOMA-Script package (type area)
\ta@bcor=\skip50
\ta@div=\count275
\ta@hblk=\skip51
\ta@vblk=\skip52
\ta@temp=\skip53
\footheight=\skip54
Package typearea Info: These are the values describing the layout:
(typearea)             DIV  = 10
(typearea)             BCOR = 0.0pt
(typearea)             \paperwidth      = 597.50793pt
(typearea)              \textwidth      = 418.25555pt
(typearea)              DIV departure   = -6%
(typearea)              \evensidemargin = 17.3562pt
(typearea)              \oddsidemargin  = 17.3562pt
(typearea)             \paperheight     = 845.04694pt
(typearea)              \textheight     = 595.80026pt
(typearea)              \topmargin      = -25.16531pt
(typearea)              \headheight     = 17.0pt
(typearea)              \headsep        = 20.40001pt
(typearea)              \topskip        = 11.0pt
(typearea)              \footskip       = 47.6pt
(typearea)              \baselineskip   = 13.6pt
(typearea)              on input line 1810.
)
\c@part=\count276
\c@chapter=\count277
\c@section=\count278
\c@subsection=\count279
\c@subsubsection=\count280
\c@paragraph=\count281
\c@subparagraph=\count282
\scr@dte@chapter@maxnumwidth=\skip55
Class scrreprt Info: using compatibility default `afterindent=bysign'
(scrreprt)           for `\chapter on input line 5934.
\scr@dte@section@maxnumwidth=\skip56
Class scrreprt Info: using compatibility default `runin=bysign'
(scrreprt)           for `\section on input line 5945.
Class scrreprt Info: using compatibility default `afterindent=bysign'
(scrreprt)           for `\section on input line 5945.
\scr@dte@part@maxnumwidth=\skip57
Class scrreprt Info: using compatibility default `afterindent=true'
(scrreprt)           for `\part on input line 5954.
\scr@dte@subsection@maxnumwidth=\skip58
Class scrreprt Info: using compatibility default `runin=bysign'
(scrreprt)           for `\subsection on input line 5964.
Class scrreprt Info: using compatibility default `afterindent=bysign'
(scrreprt)           for `\subsection on input line 5964.
\scr@dte@subsubsection@maxnumwidth=\skip59
Class scrreprt Info: using compatibility default `runin=bysign'
(scrreprt)           for `\subsubsection on input line 5974.
Class scrreprt Info: using compatibility default `afterindent=bysign'
(scrreprt)           for `\subsubsection on input line 5974.
\scr@dte@paragraph@maxnumwidth=\skip60
Class scrreprt Info: using compatibility default `runin=bysign'
(scrreprt)           for `\paragraph on input line 5985.
Class scrreprt Info: using compatibility default `afterindent=bysign'
(scrreprt)           for `\paragraph on input line 5985.
\scr@dte@subparagraph@maxnumwidth=\skip61
Class scrreprt Info: using compatibility default `runin=bysign'
(scrreprt)           for `\subparagraph on input line 5995.
Class scrreprt Info: using compatibility default `afterindent=bysign'
(scrreprt)           for `\subparagraph on input line 5995.
\abovecaptionskip=\skip62
\belowcaptionskip=\skip63
\c@pti@nb@sid@b@x=\box54
Package tocbasic Info: omitting babel extension for `lof'
(tocbasic)             because of feature `nobabel' available
(tocbasic)             for `lof' on input line 7225.
\scr@dte@figure@maxnumwidth=\skip64
\c@figure=\count283
Package tocbasic Info: omitting babel extension for `lot'
(tocbasic)             because of feature `nobabel' available
(tocbasic)             for `lot' on input line 7238.
\scr@dte@table@maxnumwidth=\skip65
\c@table=\count284
Class scrreprt Info: Redefining `\numberline' on input line 7409.
\bibindent=\dimen148
)
(/usr/share/texmf-dist/tex/latex/listings/listings.sty
\lst@mode=\count285
\lst@gtempboxa=\box55
\lst@token=\toks18
\lst@length=\count286
\lst@currlwidth=\dimen149
\lst@column=\count287
\lst@pos=\count288
\lst@lostspace=\dimen150
\lst@width=\dimen151
\lst@newlines=\count289
\lst@lineno=\count290
\lst@maxwidth=\dimen152

(/usr/share/texmf-dist/tex/latex/listings/lstpatch.sty
File: lstpatch.sty 2025/11/14 1.11b (Carsten Heinz)
)
(/usr/share/texmf-dist/tex/latex/listings/lstmisc.sty
File: lstmisc.sty 2025/11/14 1.11b (Carsten Heinz)
\c@lstnumber=\count291
\lst@skipnumbers=\count292
\lst@framebox=\box56
)
(/usr/share/texmf-dist/tex/latex/listings/listings.cfg
File: listings.cfg 2025/11/14 1.11b listings configuration
))
Package: listings 2025/11/14 1.11b (Carsten Heinz)

==> First Aid for listings.sty no longer applied!
    Expected:
        2024/09/23 1.10c (Carsten Heinz)
    but found:
        2025/11/14 1.11b (Carsten Heinz)
    so I'm assuming it got fixed.
(/usr/share/texmf-dist/tex/latex/underscore/underscore.sty
Package: underscore 2006/09/13
LaTeX Info: Redefining \_ on input line 42.
)
==> First Aid for underscore.sty applied!
(/usr/share/texmf-dist/tex/latex/firstaid/underscore-ltx.sty
Package: underscore-ltx 2023/09/20 LaTeX firstaid to make underscore protected 

)
(/usr/share/texmf-dist/tex/latex/graphics/graphicx.sty
Package: graphicx 2024/12/31 v1.2e Enhanced LaTeX Graphics (DPC,SPQR)

(/usr/share/texmf-dist/tex/latex/graphics/graphics.sty
Package: graphics 2024/08/06 v1.4g Standard LaTeX Graphics (DPC,SPQR)

(/usr/share/texmf-dist/tex/latex/graphics/trig.sty
Package: trig 2023/12/02 v1.11 sin cos tan (DPC)
)
(/usr/share/texmf-dist/tex/latex/graphics-cfg/graphics.cfg
File: graphics.cfg 2016/06/04 v1.11 sample graphics configuration
)
Package graphics Info: Driver file: pdftex.def on input line 106.

(/usr/share/texmf-dist/tex/latex/graphics-def/pdftex.def
File: pdftex.def 2025/09/29 v1.2d Graphics/color driver for pdftex
))
\Gin@req@height=\dimen153
\Gin@req@width=\dimen154
)
(/usr/share/texmf-dist/tex/latex/hyperref/hyperref.sty
Package: hyperref 2026-01-29 v7.01p Hypertext links for LaTeX

(/usr/share/texmf-dist/tex/generic/iftex/iftex.sty
Package: iftex 2024/12/12 v1.0g TeX engine tests
)
(/usr/share/texmf-dist/tex/latex/kvsetkeys/kvsetkeys.sty
Package: kvsetkeys 2022-10-05 v1.19 Key value parser (HO)
)
(/usr/share/texmf-dist/tex/generic/kvdefinekeys/kvdefinekeys.sty
Package: kvdefinekeys 2019-12-19 v1.6 Define keys (HO)
)
(/usr/share/texmf-dist/tex/generic/pdfescape/pdfescape.sty
Package: pdfescape 2019/12/09 v1.15 Implements pdfTeX's escape features (HO)

(/usr/share/texmf-dist/tex/generic/ltxcmds/ltxcmds.sty
Package: ltxcmds 2023-12-04 v1.26 LaTeX kernel commands for general use (HO)
)
(/usr/share/texmf-dist/tex/generic/pdftexcmds/pdftexcmds.sty
Package: pdftexcmds 2020-06-27 v0.33 Utility functions of pdfTeX for LuaTeX (HO
)

(/usr/share/texmf-dist/tex/generic/infwarerr/infwarerr.sty
Package: infwarerr 2019/12/03 v1.5 Providing info/warning/error messages (HO)
)
Package pdftexcmds Info: \pdf@primitive is available.
Package pdftexcmds Info: \pdf@ifprimitive is available.
Package pdftexcmds Info: \pdfdraftmode found.
))
(/usr/share/texmf-dist/tex/latex/hycolor/hycolor.sty
Package: hycolor 2020-01-27 v1.10 Color options for hyperref/bookmark (HO)
)
(/usr/share/texmf-dist/tex/latex/hyperref/nameref.sty
Package: nameref 2026-01-29 v2.58 Cross-referencing by name of section

(/usr/share/texmf-dist/tex/latex/refcount/refcount.sty
Package: refcount 2019/12/15 v3.6 Data extraction from label references (HO)
)
(/usr/share/texmf-dist/tex/generic/gettitlestring/gettitlestring.sty
Package: gettitlestring 2019/12/15 v1.6 Cleanup title references (HO)

(/usr/share/texmf-dist/tex/latex/kvoptions/kvoptions.sty
Package: kvoptions 2022-06-15 v3.15 Key value format for package options (HO)
))
\c@section@level=\count293
)
(/usr/share/texmf-dist/tex/latex/etoolbox/etoolbox.sty
Package: etoolbox 2025/10/02 v2.5m e-TeX tools for LaTeX (JAW)
\etb@tempcnta=\count294
)
(/usr/share/texmf-dist/tex/generic/stringenc/stringenc.sty
Package: stringenc 2019/11/29 v1.12 Convert strings between diff. encodings (HO
)
)
\@linkdim=\dimen155
\Hy@linkcounter=\count295
\Hy@pagecounter=\count296

(/usr/share/texmf-dist/tex/latex/hyperref/pd1enc.def
File: pd1enc.def 2026-01-29 v7.01p Hyperref: PDFDocEncoding definition (HO)
Now handling font encoding PD1 ...
... no UTF-8 mapping file for font encoding PD1
)
(/usr/share/texmf-dist/tex/generic/intcalc/intcalc.sty
Package: intcalc 2019/12/15 v1.3 Expandable calculations with integers (HO)
)
\Hy@SavedSpaceFactor=\count297

(/usr/share/texmf-dist/tex/latex/hyperref/puenc.def
File: puenc.def 2026-01-29 v7.01p Hyperref: PDF Unicode definition (HO)
Now handling font encoding PU ...
... no UTF-8 mapping file for font encoding PU
)
Package hyperref Info: Option `bookmarks' set `true' on input line 4072.
Package hyperref Info: Hyper figures OFF on input line 4201.
Package hyperref Info: Link nesting OFF on input line 4206.
Package hyperref Info: Hyper index ON on input line 4209.
Package hyperref Info: Plain pages OFF on input line 4216.
Package hyperref Info: Backreferencing OFF on input line 4221.
Package hyperref Info: Implicit mode ON; LaTeX internals redefined.
Package hyperref Info: Bookmarks ON on input line 4468.
\c@Hy@tempcnt=\count298

(/usr/share/texmf-dist/tex/latex/url/url.sty
\Urlmuskip=\muskip17
Package: url 2013/09/16  ver 3.4  Verb mode for urls, etc.
)
LaTeX Info: Redefining \url on input line 4807.
\XeTeXLinkMargin=\dimen156

(/usr/share/texmf-dist/tex/generic/bitset/bitset.sty
Package: bitset 2019/12/09 v1.3 Handle bit-vector datatype (HO)

(/usr/share/texmf-dist/tex/generic/bigintcalc/bigintcalc.sty
Package: bigintcalc 2019/12/15 v1.5 Expandable calculations on big integers (HO
)
))
\Fld@menulength=\count299
\Field@Width=\dimen157
\Fld@charsize=\dimen158
Package hyperref Info: Hyper figures OFF on input line 6084.
Package hyperref Info: Link nesting OFF on input line 6089.
Package hyperref Info: Hyper index ON on input line 6092.
Package hyperref Info: backreferencing OFF on input line 6099.
Package hyperref Info: Link coloring OFF on input line 6104.
Package hyperref Info: Link coloring with OCG OFF on input line 6109.
Package hyperref Info: PDF/A mode OFF on input line 6114.
\Hy@abspage=\count300
\c@Item=\count301
\c@Hfootnote=\count302
)
Package hyperref Info: Driver (autodetected): hpdftex.

(/usr/share/texmf-dist/tex/latex/hyperref/hpdftex.def
File: hpdftex.def 2026-01-29 v7.01p Hyperref driver for pdfTeX
\Fld@listcount=\count303
\c@bookmark@seq@number=\count304

(/usr/share/texmf-dist/tex/latex/rerunfilecheck/rerunfilecheck.sty
Package: rerunfilecheck 2025-06-21 v1.11 Rerun checks for auxiliary files (HO)

(/usr/share/texmf-dist/tex/generic/uniquecounter/uniquecounter.sty
Package: uniquecounter 2019/12/15 v1.4 Provide unlimited unique counter (HO)
)
Package uniquecounter Info: New unique counter `rerunfilecheck' on input line 2
84.
)
\Hy@SectionHShift=\skip66
)
(/usr/share/texmf-dist/tex/latex/base/inputenc.sty
Package: inputenc 2024/02/08 v1.3d Input encoding file
\inpenc@prehook=\toks19
\inpenc@posthook=\toks20
)
(/usr/share/texmf-dist/tex/generic/babel/babel.sty
Package: babel 2026/02/14 v26.3 The multilingual framework for LuaLaTeX, pdfLaT
eX and XeLaTeX
\babel@savecnt=\count305
LaTeX Encoding Info:    Redeclaring text command \ij (encoding OT1) on input li
ne 2078.
LaTeX Encoding Info:    Redeclaring text command \IJ (encoding OT1) on input li
ne 2080.
LaTeX Encoding Info:    Redeclaring text command \ij (encoding T1) on input lin
e 2082.
LaTeX Encoding Info:    Redeclaring text command \IJ (encoding T1) on input lin
e 2083.
LaTeX Encoding Info:    Ignoring declaration for text command \ij (encoding ?) 
on input line 2084.
LaTeX Encoding Info:    Ignoring declaration for text command \IJ (encoding ?) 
on input line 2086.
LaTeX Encoding Info:    Ignoring declaration for text command \SS (encoding ?) 
on input line 2111.
\U@D=\dimen159
\l@unhyphenated=\language3

(/usr/share/texmf-dist/tex/generic/babel/txtbabel.def)
\bbl@readstream=\read2
\bbl@dirlevel=\count306

(/usr/share/texmf-dist/tex/generic/babel/locale/en/babel-english.tex)
Package babel Info: Importing font and identification data for english
(babel)             from babel-en.ini. Reported on input line 4330.

(/usr/share/texmf-dist/tex/generic/babel-english/english.ldf
Language: english 2017/06/06 v3.3r English support from the babel system
Package babel Info: Hyphen rules for 'british' set to \l@english
(babel)             (\language0). Reported on input line 82.
Package babel Info: Hyphen rules for 'UKenglish' set to \l@english
(babel)             (\language0). Reported on input line 83.
Package babel Info: Hyphen rules for 'canadian' set to \l@english
(babel)             (\language0). Reported on input line 102.
Package babel Info: Hyphen rules for 'australian' set to \l@english
(babel)             (\language0). Reported on input line 105.
Package babel Info: Hyphen rules for 'newzealand' set to \l@english
(babel)             (\language0). Reported on input line 108.
))
(/usr/share/texmf-dist/tex/latex/float/float.sty
Package: float 2001/11/08 v1.3d Float enhancements (AL)
\c@float@type=\count307
\float@exts=\toks21
\float@box=\box57
\@float@everytoks=\toks22
\@floatcapt=\box58
)
(/usr/share/texmf-dist/tex/latex/enumitem/enumitem.sty
Package: enumitem 2025/02/06 v3.11 Customized lists
\labelindent=\skip67
\enit@outerparindent=\dimen160
\enit@toks=\toks23
\enit@inbox=\box59
\enit@count@id=\count308
\enitdp@description=\count309
)
(/usr/share/texmf-dist/tex/latex/pdflscape/pdflscape.sty
Package: pdflscape 2025-06-23 v0.14 Display of landscape pages in PDF

(/usr/share/texmf-dist/tex/latex/pdflscape/pdflscape-nometadata.sty
Package: pdflscape-nometadata 2025-06-23 v0.14 Display of landscape pages in PD
F (HO)

(/usr/share/texmf-dist/tex/latex/graphics/lscape.sty
Package: lscape 2020/05/28 v3.02 Landscape Pages (DPC)
)
Package pdflscape Info: Auto-detected driver: pdftex on input line 81.
))
(/usr/share/texmf-dist/tex/latex/tools/array.sty
Package: array 2025/09/25 v2.6n Tabular extension package (FMi)
\col@sep=\dimen161
\ar@mcellbox=\box60
\extrarowheight=\dimen162
\NC@list=\toks24
\extratabsurround=\skip68
\backup@length=\skip69
\ar@cellbox=\box61
)
(/usr/share/texmf-dist/tex/latex/tabularray/tabularray.sty
Package: tabularray 2025-11-27 v2025C Typeset tabulars and arrays with LaTeX3
\g__tblr_nohyper_int=\count310
\l__tblr_a_int=\count311
\l__tblr_c_int=\count312
\l__tblr_r_int=\count313
\l__tblr_d_dim=\dimen163
\l__tblr_h_dim=\dimen164
\l__tblr_o_dim=\dimen165
\l__tblr_p_dim=\dimen166
\l__tblr_q_dim=\dimen167
\l__tblr_r_dim=\dimen168
\l__tblr_s_dim=\dimen169
\l__tblr_t_dim=\dimen170
\l__tblr_v_dim=\dimen171
\l__tblr_w_dim=\dimen172
\l__tblr_a_box=\box62
\l__tblr_b_box=\box63
\l__tblr_c_box=\box64
\l__tblr_d_box=\box65
\c@tblrcount=\count314
\c@rownum=\count315
\c@colnum=\count316
\c@rowcount=\count317
\c@colcount=\count318
\abovesep=\dimen173
\belowsep=\dimen174
\leftsep=\dimen175
\rightsep=\dimen176
\gTblrLevelInt=\count319
\g__tblr_data_row_key_count_int=\count320
\g__tblr_data_column_key_count_int=\count321
\g__tblr_data_cell_key_count_int=\count322
\g__tblr_array_int=\count323
\l__tblr_key_count_int=\count324
\l__tblr_key_quotient_int=\count325
\l__tblr_key_quotient_two_int=\count326
\l__tblr_key_remainder_int=\count327
\g__tblr_data_str_value_count_int=\count328
\lTblrChildTotalInt=\count329
\lTblrChildHtotalInt=\count330
\lTblrChildVtotalInt=\count331
\l__child_diff_h_int=\count332
\l__child_diff_v_int=\count333
\l__child_sign_h_int=\count334
\l__child_sign_v_int=\count335
\l__child_step_int=\count336
\lTblrDefaultHruleWidthDim=\dimen177
\lTblrDefaultVruleWidthDim=\dimen178
\l__tblr_split_balance_int=\count337
\l__tblr_strut_dp_dim=\dimen179
\l__tblr_strut_ht_dim=\dimen180
\g__tblr_cell_wd_dim=\dimen181
\g__tblr_cell_ht_dim=\dimen182
\g__tblr_cell_head_dim=\dimen183
\g__tblr_cell_foot_dim=\dimen184
\l__tblr_measured_cell_box=\box66
\g__tblr_last_box=\box67
\l__tblr_temp_box=\box68
\l__tblr_column_target_dim=\dimen185
\l__tblr_hfuzz_dim=\dimen186
\l__tblr_caption_box=\box69
\l__tblr_caption_left_box=\box70
\lTblrRowHeadInt=\count338
\lTblrRowFootInt=\count339
\l__tblr_row_head_box=\box71
\l__tblr_row_foot_box=\box72
\l__tblr_row_head_foot_dim=\dimen187
\lTblrTableWidthDim=\dimen188
\l__tblr_table_firsthead_box=\box73
\l__tblr_table_middlehead_box=\box74
\l__tblr_table_lasthead_box=\box75
\l__tblr_table_firstfoot_box=\box76
\l__tblr_table_middlefoot_box=\box77
\l__tblr_table_lastfoot_box=\box78
\l__tblr_remain_height_dim=\dimen189
\l__tblr_next_rows_dim=\dimen190
\l__tblr_page_overfill_dim=\dimen191
\l__tblr_long_from_int=\count340
\l__tblr_long_to_int=\count341
\l__tblr_curr_i_int=\count342
\l__tblr_prev_i_int=\count343
\lTblrTablePageInt=\count344
\l__tblr_table_head_box=\box79
\l__tblr_table_foot_box=\box80
\l__tblr_table_head_foot_dim=\dimen192
\l__tblr_table_head_body_foot_dim=\dimen193
\l__tblr_table_box=\box81
\lTblrRowFirstInt=\count345
\lTblrRowLastInt=\count346
\l__tblr_cover_box_a_dim=\dimen194
\l__tblr_cover_box_b_dim=\dimen195
\l__tblr_table_hlines_box=\box82
\l__tblr_hline_box=\box83
\l__tblr_row_box=\box84
\l__tblr_col_o_wd_dim=\dimen196
\l__tblr_col_b_wd_dim=\dimen197
\l__tblr_hline_leftskip_dim=\dimen198
\l__tblr_hline_rightskip_dim=\dimen199
\l__tblr_row_ht_dim=\dimen256
\l__tblr_row_dp_dim=\dimen257
\l__tblr_row_abovesep_dim=\dimen258
\l__tblr_row_belowsep_dim=\dimen259
\l__tblr_row_vlines_box=\box85
\l__tblr_vline_box=\box86
\l__tblr_cell_box=\box87
\l__tblr_row_upper_dim=\dimen260
\l__tblr_row_lower_dim=\dimen261
\l__tblr_row_vpace_dim=\dimen262
\l__tblr_vline_aboveskip_dim=\dimen263
\l__tblr_vline_belowskip_dim=\dimen264
\lTblrCellRowSpanInt=\count347
\lTblrCellColSpanInt=\count348
\l__tblr_cell_wd_dim=\dimen265
\l__tblr_cell_ht_dim=\dimen266
\lTblrCellAboveBorderWidthDim=\dimen267
\lTblrCellBelowBorderWidthDim=\dimen268
\lTblrCellLeftBorderWidthDim=\dimen269
\lTblrCellRightBorderWidthDim=\dimen270
\l__tblr_diag_box=\box88
\l__tblr_cell_inner_wd_dim=\dimen271
\l__tblr_cell_inner_dp_dim=\dimen272
\l__tblr_cell_hanchor_dim=\dimen273
\l__tblr_last_cell_table_ht_dim=\dimen274
\l__tblr_last_cell_table_dp_dim=\dimen275
\l__tblr_last_vline_wd_dim=\dimen276
\l__tblr_tikz_node_box=\box89
)
(/usr/share/texmf-dist/tex/latex/booktabs/booktabs.sty
Package: booktabs 2020/01/12 v1.61803398 Publication quality tables
\heavyrulewidth=\dimen277
\lightrulewidth=\dimen278
\cmidrulewidth=\dimen279
\belowrulesep=\dimen280
\belowbottomsep=\dimen281
\aboverulesep=\dimen282
\abovetopsep=\dimen283
\cmidrulesep=\dimen284
\cmidrulekern=\dimen285
\defaultaddspace=\dimen286
\@cmidla=\count349
\@cmidlb=\count350
\@aboverulesep=\dimen287
\@belowrulesep=\dimen288
\@thisruleclass=\count351
\@lastruleclass=\count352
\@thisrulewidth=\dimen289
)
(/usr/share/texmf-dist/tex/latex/geometry/geometry.sty
Package: geometry 2020/01/02 v5.9 Page Geometry

(/usr/share/texmf-dist/tex/generic/iftex/ifvtex.sty
Package: ifvtex 2019/10/25 v1.7 ifvtex legacy package. Use iftex instead.
)
\Gm@cnth=\count353
\Gm@cntv=\count354
\c@Gm@tempcnt=\count355
\Gm@bindingoffset=\dimen290
\Gm@wd@mp=\dimen291
\Gm@odd@mp=\dimen292
\Gm@even@mp=\dimen293
\Gm@layoutwidth=\dimen294
\Gm@layoutheight=\dimen295
\Gm@layouthoffset=\dimen296
\Gm@layoutvoffset=\dimen297
\Gm@dimlist=\toks25
)

Package hyperref Warning: Option `bookmarks' has already been used,
(hyperref)                setting the option has no effect on input line 42.

Package hyperref Info: Option `colorlinks' set `true' on input line 42.
Class scrreprt Info: loading recommended package `bookmark'.
(scrreprt)           Using `bookmark' together with `hyperref' is recommended,
(scrreprt)           because of handling of possible bookmark level gaps.
(scrreprt)           You can avoid loading `bookmark' with KOMA-Script option
(scrreprt)           `bookmarkpackage=false' before \begin{document} and
(scrreprt)           you can avoid this message adding:
(scrreprt)             \usepackage{bookmark}
(scrreprt)           before \begin{document} on input line 46.
(/usr/share/texmf-dist/tex/latex/bookmark/bookmark.sty
Package: bookmark 2023-12-10 v1.31 PDF bookmarks (HO)

(/usr/share/texmf-dist/tex/latex/bookmark/bkm-pdftex.def
File: bkm-pdftex.def 2023-12-10 v1.31 bookmark driver for pdfTeX and luaTeX (HO
)
\BKM@id=\count356
))
(/usr/share/texmf-dist/tex/latex/l3backend/l3backend-pdftex.def
File: l3backend-pdftex.def 2025-10-09 L3 backend support: PDF output (pdfTeX)
\l__color_backend_stack_int=\count357
) (./SAD.aux)
\openout1 = `SAD.aux'.

LaTeX Font Info:    Checking defaults for OML/cmm/m/it on input line 46.
LaTeX Font Info:    ... okay on input line 46.
LaTeX Font Info:    Checking defaults for OMS/cmsy/m/n on input line 46.
LaTeX Font Info:    ... okay on input line 46.
LaTeX Font Info:    Checking defaults for OT1/cmr/m/n on input line 46.
LaTeX Font Info:    ... okay on input line 46.
LaTeX Font Info:    Checking defaults for T1/cmr/m/n on input line 46.
LaTeX Font Info:    ... okay on input line 46.
LaTeX Font Info:    Checking defaults for TS1/cmr/m/n on input line 46.
LaTeX Font Info:    ... okay on input line 46.
LaTeX Font Info:    Checking defaults for OMX/cmex/m/n on input line 46.
LaTeX Font Info:    ... okay on input line 46.
LaTeX Font Info:    Checking defaults for U/cmr/m/n on input line 46.
LaTeX Font Info:    ... okay on input line 46.
LaTeX Font Info:    Checking defaults for PD1/pdf/m/n on input line 46.
LaTeX Font Info:    ... okay on input line 46.
LaTeX Font Info:    Checking defaults for PU/pdf/m/n on input line 46.
LaTeX Font Info:    ... okay on input line 46.
Package scrbase Info: activating english \abstractname on input line 46.
Package scrbase Info: activating english \partname on input line 46.
Package scrbase Info: activating english \chaptername on input line 46.
Package scrbase Info: activating english \appendixname on input line 46.
Package scrbase Info: activating english \figurename on input line 46.
Package scrbase Info: activating english \tablename on input line 46.
Package scrbase Info: activating english \contentsname on input line 46.
Package scrbase Info: activating english \listfigurename on input line 46.
Package scrbase Info: activating english \listtablename on input line 46.
Package scrbase Info: activating english \bibname on input line 46.
Package scrbase Info: activating english \indexname on input line 46.
\c@lstlisting=\count358
Package tocbasic Info: setting babel extension for `lol' on input line 46.
\scr@dte@lstlisting@maxnumwidth=\skip70

(/usr/share/texmf-dist/tex/context/base/mkii/supp-pdf.mkii
[Loading MPS to PDF converter (version 2006.09.02).]
\scratchcounter=\count359
\scratchdimen=\dimen298
\scratchbox=\box90
\nofMPsegments=\count360
\nofMParguments=\count361
\everyMPshowfont=\toks26
\MPscratchCnt=\count362
\MPscratchDim=\dimen299
\MPnumerator=\count363
\makeMPintoPDFobject=\count364
\everyMPtoPDFconversion=\toks27
) (/usr/share/texmf-dist/tex/latex/epstopdf-pkg/epstopdf-base.sty
Package: epstopdf-base 2020-01-24 v2.11 Base part for package epstopdf
Package epstopdf-base Info: Redefining graphics rule for `.eps' on input line 4
85.

(/usr/share/texmf-dist/tex/latex/latexconfig/epstopdf-sys.cfg
File: epstopdf-sys.cfg 2010/07/13 v1.3 Configuration of (r)epstopdf for TeX Liv
e
))
(/usr/share/texmf-dist/tex/latex/graphics/color.sty
Package: color 2025/01/14 v1.3e Standard LaTeX Color (DPC)

(/usr/share/texmf-dist/tex/latex/graphics-cfg/color.cfg
File: color.cfg 2016/01/02 v1.6 sample color configuration
)
Package color Info: Driver file: pdftex.def on input line 149.

(/usr/share/texmf-dist/tex/latex/graphics/mathcolor.ltx))
Package hyperref Info: Link coloring ON on input line 46.

*geometry* driver: auto-detecting
*geometry* detected driver: pdftex
*geometry* verbose mode - [ preamble ] result:
* driver: pdftex
* paper: a4paper
* layout: <same size as paper>
* layoutoffset:(h,v)=(0.0pt,0.0pt)
* modes: 
* h-part:(L,W,R)=(56.9055pt, 483.69687pt, 56.9055pt)
* v-part:(T,H,B)=(85.35826pt, 674.33032pt, 85.35826pt)
* \paperwidth=597.50787pt
* \paperheight=845.04684pt
* \textwidth=483.69687pt
* \textheight=674.33032pt
* \oddsidemargin=-15.36449pt
* \evensidemargin=-15.36449pt
* \topmargin=-24.31174pt
* \headheight=17.0pt
* \headsep=20.40001pt
* \topskip=11.0pt
* \footskip=47.6pt
* \marginparwidth=59.7508pt
* \marginparsep=12.8401pt
* \columnsep=10.0pt
* \skip\footins=10.0pt plus 4.0pt minus 2.0pt
* \hoffset=0.0pt
* \voffset=0.0pt
* \mag=1000
* \@twocolumnfalse
* \@twosidefalse
* \@mparswitchfalse
* \@reversemarginfalse
* (1in=72.27pt=25.4mm, 1cm=28.453pt)

[1

{/var/lib/texmf/fonts/map/pdftex/updmap/pdftex.map}] (./SAD.toc
LaTeX Font Info:    External font `cmex10' loaded for size
(Font)              <10.95> on input line 3.
LaTeX Font Info:    External font `cmex10' loaded for size
(Font)              <8> on input line 3.
LaTeX Font Info:    External font `cmex10' loaded for size
(Font)              <6> on input line 3.
)
\tf@toc=\write3
\openout3 = `SAD.toc'.

 [2

]
chapter 1.
[3

{/usr/share/texmf-dist/fonts/enc/dvips/cm-super/cm-super-ts1.enc}]
chapter 2.
[4

]
chapter 3.
<c4/LKForum_System_Context.png, id=72, 455.7025pt x 762.85pt>
File: c4/LKForum_System_Context.png Graphic file (type png)
<use c4/LKForum_System_Context.png>
Package pdftex.def Info: c4/LKForum_System_Context.png  used on input line 121.

(pdftex.def)             Requested size: 435.32422pt x 728.75417pt.
[5

] [6]
Overfull \vbox (113.50906pt too high) has occurred while \output is active []


[7
pdfTeX warning (ext4): destination with the same identifier (name{figure.3.1}) 
has been already used, duplicate ignored
<argument> ...shipout:D \box_use:N \l_shipout_box 
                                                  \__shipout_drop_firstpage_...
l.124 
       <./c4/LKForum_System_Context.png (PNG copy)>]
<diagrams/seq_01_sign_up.png, id=87, 1321.93875pt x 1399.2275pt>
File: diagrams/seq_01_sign_up.png Graphic file (type png)
<use diagrams/seq_01_sign_up.png>
Package pdftex.def Info: diagrams/seq_01_sign_up.png  used on input line 141.
(pdftex.def)             Requested size: 435.32422pt x 460.78574pt.
 [8]
<diagrams/seq_02_local_sign_in.png, id=92, 1077.02374pt x 603.25375pt>
File: diagrams/seq_02_local_sign_in.png Graphic file (type png)
<use diagrams/seq_02_local_sign_in.png>
Package pdftex.def Info: diagrams/seq_02_local_sign_in.png  used on input line 
148.
(pdftex.def)             Requested size: 435.32422pt x 243.82857pt.
 [9
pdfTeX warning (ext4): destination with the same identifier (name{figure.3.2}) 
has been already used, duplicate ignored
<argument> ...shipout:D \box_use:N \l_shipout_box 
                                                  \__shipout_drop_firstpage_...
l.151 
       <./diagrams/seq_01_sign_up.png (PNG copy)>]
<diagrams/seq_02_google_sign_in.png, id=99, 1142.2675pt x 959.585pt>
File: diagrams/seq_02_google_sign_in.png Graphic file (type png)
<use diagrams/seq_02_google_sign_in.png>
Package pdftex.def Info: diagrams/seq_02_google_sign_in.png  used on input line
 155.
(pdftex.def)             Requested size: 435.32422pt x 365.70032pt.
 [10
pdfTeX warning (ext4): destination with the same identifier (name{figure.3.3}) 
has been already used, duplicate ignored
<argument> ...shipout:D \box_use:N \l_shipout_box 
                                                  \__shipout_drop_firstpage_...
l.158 
       <./diagrams/seq_02_local_sign_in.png (PNG copy)>]
<diagrams/seq_03_forgot_password.png, id=106, 1260.71pt x 1258.7025pt>
File: diagrams/seq_03_forgot_password.png Graphic file (type png)
<use diagrams/seq_03_forgot_password.png>
Package pdftex.def Info: diagrams/seq_03_forgot_password.png  used on input lin
e 162.
(pdftex.def)             Requested size: 435.32422pt x 434.63696pt.
 [11
pdfTeX warning (ext4): destination with the same identifier (name{figure.3.4}) 
has been already used, duplicate ignored
<argument> ...shipout:D \box_use:N \l_shipout_box 
                                                  \__shipout_drop_firstpage_...
l.165 
       <./diagrams/seq_02_google_sign_in.png (PNG copy)>]
<diagrams/seq_04_manage_profile.png, id=113, 1088.065pt x 687.56876pt>
File: diagrams/seq_04_manage_profile.png Graphic file (type png)
<use diagrams/seq_04_manage_profile.png>
Package pdftex.def Info: diagrams/seq_04_manage_profile.png  used on input line
 169.
(pdftex.def)             Requested size: 435.32422pt x 275.09607pt.
 [12
pdfTeX warning (ext4): destination with the same identifier (name{figure.3.5}) 
has been already used, duplicate ignored
<argument> ...shipout:D \box_use:N \l_shipout_box 
                                                  \__shipout_drop_firstpage_...
l.172 
       <./diagrams/seq_03_forgot_password.png (PNG copy)>]
<diagrams/seq_05_change_settings.png, id=120, 805.0075pt x 780.9175pt>
File: diagrams/seq_05_change_settings.png Graphic file (type png)
<use diagrams/seq_05_change_settings.png>
Package pdftex.def Info: diagrams/seq_05_change_settings.png  used on input lin
e 176.
(pdftex.def)             Requested size: 435.32422pt x 422.29688pt.
 [13
pdfTeX warning (ext4): destination with the same identifier (name{figure.3.6}) 
has been already used, duplicate ignored
<argument> ...shipout:D \box_use:N \l_shipout_box 
                                                  \__shipout_drop_firstpage_...
l.179 
       <./diagrams/seq_04_manage_profile.png (PNG copy)>]
<diagrams/seq_06_view_activity_history.png, id=128, 1018.80624pt x 628.3475pt>
File: diagrams/seq_06_view_activity_history.png Graphic file (type png)
<use diagrams/seq_06_view_activity_history.png>
Package pdftex.def Info: diagrams/seq_06_view_activity_history.png  used on inp
ut line 183.
(pdftex.def)             Requested size: 435.32422pt x 268.4871pt.
 [14
pdfTeX warning (ext4): destination with the same identifier (name{figure.3.7}) 
has been already used, duplicate ignored
<argument> ...shipout:D \box_use:N \l_shipout_box 
                                                  \__shipout_drop_firstpage_...
l.186 
       <./diagrams/seq_05_change_settings.png (PNG copy)>]
<diagrams/seq_07_follow_unfollow_user.png, id=135, 1074.0125pt x 723.70375pt>
File: diagrams/seq_07_follow_unfollow_user.png Graphic file (type png)
<use diagrams/seq_07_follow_unfollow_user.png>
Package pdftex.def Info: diagrams/seq_07_follow_unfollow_user.png  used on inpu
t line 190.
(pdftex.def)             Requested size: 435.32422pt x 293.3303pt.
 [15
pdfTeX warning (ext4): destination with the same identifier (name{figure.3.8}) 
has been already used, duplicate ignored
<argument> ...shipout:D \box_use:N \l_shipout_box 
                                                  \__shipout_drop_firstpage_...
l.193 
       <./diagrams/seq_06_view_activity_history.png (PNG copy)>]
<diagrams/seq_08_browse_post.png, id=142, 860.21375pt x 914.41624pt>
File: diagrams/seq_08_browse_post.png Graphic file (type png)
<use diagrams/seq_08_browse_post.png>
Package pdftex.def Info: diagrams/seq_08_browse_post.png  used on input line 19
7.
(pdftex.def)             Requested size: 435.32422pt x 462.76024pt.
 [16
pdfTeX warning (ext4): destination with the same identifier (name{figure.3.9}) 
has been already used, duplicate ignored
<argument> ...shipout:D \box_use:N \l_shipout_box 
                                                  \__shipout_drop_firstpage_...
l.200 
       <./diagrams/seq_07_follow_unfollow_user.png (PNG copy)>]
<diagrams/seq_09_search_content.png, id=150, 1105.12875pt x 879.285pt>
File: diagrams/seq_09_search_content.png Graphic file (type png)
<use diagrams/seq_09_search_content.png>
Package pdftex.def Info: diagrams/seq_09_search_content.png  used on input line
 204.
(pdftex.def)             Requested size: 435.32422pt x 346.35448pt.
 [17
pdfTeX warning (ext4): destination with the same identifier (name{figure.3.10})
 has been already used, duplicate ignored
<argument> ...shipout:D \box_use:N \l_shipout_box 
                                                  \__shipout_drop_firstpage_...
l.207 
       <./diagrams/seq_08_browse_post.png (PNG copy)>]
<diagrams/seq_10_create_post.png, id=157, 1317.92375pt x 730.73pt>
File: diagrams/seq_10_create_post.png Graphic file (type png)
<use diagrams/seq_10_create_post.png>
Package pdftex.def Info: diagrams/seq_10_create_post.png  used on input line 21
1.
(pdftex.def)             Requested size: 435.32422pt x 241.36464pt.
 [18
pdfTeX warning (ext4): destination with the same identifier (name{figure.3.11})
 has been already used, duplicate ignored
<argument> ...shipout:D \box_use:N \l_shipout_box 
                                                  \__shipout_drop_firstpage_...
l.214 
       <./diagrams/seq_09_search_content.png (PNG copy)>]
<diagrams/seq_11_edit_post.png, id=164, 945.5325pt x 994.71625pt>
File: diagrams/seq_11_edit_post.png Graphic file (type png)
<use diagrams/seq_11_edit_post.png>
Package pdftex.def Info: diagrams/seq_11_edit_post.png  used on input line 218.

(pdftex.def)             Requested size: 435.32422pt x 457.96967pt.
 [19
pdfTeX warning (ext4): destination with the same identifier (name{figure.3.12})
 has been already used, duplicate ignored
<argument> ...shipout:D \box_use:N \l_shipout_box 
                                                  \__shipout_drop_firstpage_...
l.221 
       <./diagrams/seq_10_create_post.png (PNG copy)>]
<diagrams/seq_12_delete_post.png, id=172, 1030.85126pt x 834.11626pt>
File: diagrams/seq_12_delete_post.png Graphic file (type png)
<use diagrams/seq_12_delete_post.png>
Package pdftex.def Info: diagrams/seq_12_delete_post.png  used on input line 22
5.
(pdftex.def)             Requested size: 435.32422pt x 352.23558pt.
 [20
pdfTeX warning (ext4): destination with the same identifier (name{figure.3.13})
 has been already used, duplicate ignored
<argument> ...shipout:D \box_use:N \l_shipout_box 
                                                  \__shipout_drop_firstpage_...
l.228 
       <./diagrams/seq_11_edit_post.png (PNG copy)>]
<diagrams/seq_13_post_comment.png, id=179, 1418.29875pt x 696.6025pt>
File: diagrams/seq_13_post_comment.png Graphic file (type png)
<use diagrams/seq_13_post_comment.png>
Package pdftex.def Info: diagrams/seq_13_post_comment.png  used on input line 2
32.
(pdftex.def)             Requested size: 435.32422pt x 213.80806pt.
 [21
pdfTeX warning (ext4): destination with the same identifier (name{figure.3.14})
 has been already used, duplicate ignored
<argument> ...shipout:D \box_use:N \l_shipout_box 
                                                  \__shipout_drop_firstpage_...
l.235 
       <./diagrams/seq_12_delete_post.png (PNG copy)>]
<diagrams/seq_14_reply_to_comment.png, id=186, 1391.1975pt x 696.6025pt>
File: diagrams/seq_14_reply_to_comment.png Graphic file (type png)
<use diagrams/seq_14_reply_to_comment.png>
Package pdftex.def Info: diagrams/seq_14_reply_to_comment.png  used on input li
ne 239.
(pdftex.def)             Requested size: 435.32422pt x 217.97473pt.
<diagrams/seq_15_vote_on_content.png, id=187, 1109.14375pt x 771.88374pt>
File: diagrams/seq_15_vote_on_content.png Graphic file (type png)
<use diagrams/seq_15_vote_on_content.png>
Package pdftex.def Info: diagrams/seq_15_vote_on_content.png  used on input lin
e 246.
(pdftex.def)             Requested size: 435.32422pt x 302.95325pt.
 [22
pdfTeX warning (ext4): destination with the same identifier (name{figure.3.15})
 has been already used, duplicate ignored
<argument> ...shipout:D \box_use:N \l_shipout_box 
                                                  \__shipout_drop_firstpage_...
l.249 
      
pdfTeX warning (ext4): destination with the same identifier (name{figure.3.16})
 has been already used, duplicate ignored
<argument> ...shipout:D \box_use:N \l_shipout_box 
                                                  \__shipout_drop_firstpage_...
l.249 
       <./diagrams/seq_13_post_comment.png (PNG copy)> <./diagrams/seq_14_reply
_to_comment.png (PNG copy)>]
<diagrams/seq_16_participate_in_poll.png, id=196, 1013.7875pt x 738.76pt>
File: diagrams/seq_16_participate_in_poll.png Graphic file (type png)
<use diagrams/seq_16_participate_in_poll.png>
Package pdftex.def Info: diagrams/seq_16_participate_in_poll.png  used on input
 line 253.
(pdftex.def)             Requested size: 435.32422pt x 317.22096pt.
 [23
pdfTeX warning (ext4): destination with the same identifier (name{figure.3.17})
 has been already used, duplicate ignored
<argument> ...shipout:D \box_use:N \l_shipout_box 
                                                  \__shipout_drop_firstpage_...
l.256 
       <./diagrams/seq_15_vote_on_content.png (PNG copy)>]
<diagrams/seq_17_save_post.png, id=203, 875.27pt x 704.6325pt>
File: diagrams/seq_17_save_post.png Graphic file (type png)
<use diagrams/seq_17_save_post.png>
Package pdftex.def Info: diagrams/seq_17_save_post.png  used on input line 260.

(pdftex.def)             Requested size: 435.32422pt x 350.45532pt.
 [24
pdfTeX warning (ext4): destination with the same identifier (name{figure.3.18})
 has been already used, duplicate ignored
<argument> ...shipout:D \box_use:N \l_shipout_box 
                                                  \__shipout_drop_firstpage_...
l.263 
       <./diagrams/seq_16_participate_in_poll.png (PNG copy)>]
<diagrams/seq_18_hide_post.png, id=210, 963.6pt x 545.03625pt>
File: diagrams/seq_18_hide_post.png Graphic file (type png)
<use diagrams/seq_18_hide_post.png>
Package pdftex.def Info: diagrams/seq_18_hide_post.png  used on input line 267.

(pdftex.def)             Requested size: 435.32422pt x 246.22878pt.
 [25
pdfTeX warning (ext4): destination with the same identifier (name{figure.3.19})
 has been already used, duplicate ignored
<argument> ...shipout:D \box_use:N \l_shipout_box 
                                                  \__shipout_drop_firstpage_...
l.270 
       <./diagrams/seq_17_save_post.png (PNG copy)>]
<diagrams/seq_19_manage_drafts.png, id=218, 917.4275pt x 1118.1775pt>
File: diagrams/seq_19_manage_drafts.png Graphic file (type png)
<use diagrams/seq_19_manage_drafts.png>
Package pdftex.def Info: diagrams/seq_19_manage_drafts.png  used on input line 
274.
(pdftex.def)             Requested size: 435.32422pt x 530.57678pt.
 [26
pdfTeX warning (ext4): destination with the same identifier (name{figure.3.20})
 has been already used, duplicate ignored
<argument> ...shipout:D \box_use:N \l_shipout_box 
                                                  \__shipout_drop_firstpage_...
l.277 
       <./diagrams/seq_18_hide_post.png (PNG copy)>]
<diagrams/seq_20_private_messaging.png, id=225, 1168.365pt x 958.58125pt>
File: diagrams/seq_20_private_messaging.png Graphic file (type png)
<use diagrams/seq_20_private_messaging.png>
Package pdftex.def Info: diagrams/seq_20_private_messaging.png  used on input l
ine 281.
(pdftex.def)             Requested size: 435.32422pt x 357.15607pt.
 [27
pdfTeX warning (ext4): destination with the same identifier (name{figure.3.21})
 has been already used, duplicate ignored
<argument> ...shipout:D \box_use:N \l_shipout_box 
                                                  \__shipout_drop_firstpage_...
l.284 
       <./diagrams/seq_19_manage_drafts.png (PNG copy)>]
<diagrams/seq_21_manage_notifications.png, id=232, 906.38625pt x 914.41624pt>
File: diagrams/seq_21_manage_notifications.png Graphic file (type png)
<use diagrams/seq_21_manage_notifications.png>
Package pdftex.def Info: diagrams/seq_21_manage_notifications.png  used on inpu
t line 288.
(pdftex.def)             Requested size: 435.32422pt x 439.17992pt.
 [28
pdfTeX warning (ext4): destination with the same identifier (name{figure.3.22})
 has been already used, duplicate ignored
<argument> ...shipout:D \box_use:N \l_shipout_box 
                                                  \__shipout_drop_firstpage_...
l.291 
       <./diagrams/seq_20_private_messaging.png (PNG copy)>]
<diagrams/seq_22_report_violation.png, id=239, 1081.03876pt x 545.03625pt>
File: diagrams/seq_22_report_violation.png Graphic file (type png)
<use diagrams/seq_22_report_violation.png>
Package pdftex.def Info: diagrams/seq_22_report_violation.png  used on input li
ne 295.
(pdftex.def)             Requested size: 435.32422pt x 219.47435pt.
 [29
pdfTeX warning (ext4): destination with the same identifier (name{figure.3.23})
 has been already used, duplicate ignored
<argument> ...shipout:D \box_use:N \l_shipout_box 
                                                  \__shipout_drop_firstpage_...
l.298 
       <./diagrams/seq_21_manage_notifications.png (PNG copy)>]
<diagrams/seq_23_create_community.png, id=246, 1077.02374pt x 706.64pt>
File: diagrams/seq_23_create_community.png Graphic file (type png)
<use diagrams/seq_23_create_community.png>
Package pdftex.def Info: diagrams/seq_23_create_community.png  used on input li
ne 302.
(pdftex.def)             Requested size: 435.32422pt x 285.61617pt.
<diagrams/seq_24_approve_reject_post.png, id=247, 1478.52374pt x 1001.7425pt>
File: diagrams/seq_24_approve_reject_post.png Graphic file (type png)
<use diagrams/seq_24_approve_reject_post.png>
Package pdftex.def Info: diagrams/seq_24_approve_reject_post.png  used on input
 line 309.
(pdftex.def)             Requested size: 435.32422pt x 294.94592pt.
 [30
pdfTeX warning (ext4): destination with the same identifier (name{figure.3.24})
 has been already used, duplicate ignored
<argument> ...shipout:D \box_use:N \l_shipout_box 
                                                  \__shipout_drop_firstpage_...
l.312 
      
pdfTeX warning (ext4): destination with the same identifier (name{figure.3.25})
 has been already used, duplicate ignored
<argument> ...shipout:D \box_use:N \l_shipout_box 
                                                  \__shipout_drop_firstpage_...
l.312 
       <./diagrams/seq_22_report_violation.png (PNG copy)> <./diagrams/seq_23_c
reate_community.png (PNG copy)>]
<diagrams/seq_25_ban_mute_user.png, id=256, 1232.605pt x 659.46375pt>
File: diagrams/seq_25_ban_mute_user.png Graphic file (type png)
<use diagrams/seq_25_ban_mute_user.png>
Package pdftex.def Info: diagrams/seq_25_ban_mute_user.png  used on input line 
316.
(pdftex.def)             Requested size: 435.32422pt x 232.89871pt.
<diagrams/seq_26_configure_community.png, id=257, 1185.42876pt x 642.4pt>
File: diagrams/seq_26_configure_community.png Graphic file (type png)
<use diagrams/seq_26_configure_community.png>
Package pdftex.def Info: diagrams/seq_26_configure_community.png  used on input
 line 323.
(pdftex.def)             Requested size: 435.32422pt x 235.91008pt.
 [31
pdfTeX warning (ext4): destination with the same identifier (name{figure.3.26})
 has been already used, duplicate ignored
<argument> ...shipout:D \box_use:N \l_shipout_box 
                                                  \__shipout_drop_firstpage_...
l.326 
      
pdfTeX warning (ext4): destination with the same identifier (name{figure.3.27})
 has been already used, duplicate ignored
<argument> ...shipout:D \box_use:N \l_shipout_box 
                                                  \__shipout_drop_firstpage_...
l.326 
       <./diagrams/seq_24_approve_reject_post.png (PNG copy)> <./diagrams/seq_2
5_ban_mute_user.png (PNG copy)>]
<diagrams/seq_27_assign_roles.png, id=267, 1399.2275pt x 696.6025pt>
File: diagrams/seq_27_assign_roles.png Graphic file (type png)
<use diagrams/seq_27_assign_roles.png>
Package pdftex.def Info: diagrams/seq_27_assign_roles.png  used on input line 3
30.
(pdftex.def)             Requested size: 435.32422pt x 216.72047pt.
<diagrams/seq_28_handle_global_reports.png, id=268, 1002.74625pt x 863.225pt>
File: diagrams/seq_28_handle_global_reports.png Graphic file (type png)
<use diagrams/seq_28_handle_global_reports.png>
Package pdftex.def Info: diagrams/seq_28_handle_global_reports.png  used on inp
ut line 337.
(pdftex.def)             Requested size: 435.32422pt x 374.76222pt.
 [32
pdfTeX warning (ext4): destination with the same identifier (name{figure.3.28})
 has been already used, duplicate ignored
<argument> ...shipout:D \box_use:N \l_shipout_box 
                                                  \__shipout_drop_firstpage_...
l.340 
      
pdfTeX warning (ext4): destination with the same identifier (name{figure.3.29})
 has been already used, duplicate ignored
<argument> ...shipout:D \box_use:N \l_shipout_box 
                                                  \__shipout_drop_firstpage_...
l.340 
       <./diagrams/seq_26_configure_community.png (PNG copy)> <./diagrams/seq_2
7_assign_roles.png (PNG copy)>]
<diagrams/seq_29_manage_platform.png, id=277, 1021.8175pt x 869.2475pt>
File: diagrams/seq_29_manage_platform.png Graphic file (type png)
<use diagrams/seq_29_manage_platform.png>
Package pdftex.def Info: diagrams/seq_29_manage_platform.png  used on input lin
e 344.
(pdftex.def)             Requested size: 435.32422pt x 370.32059pt.
 [33
pdfTeX warning (ext4): destination with the same identifier (name{figure.3.30})
 has been already used, duplicate ignored
<argument> ...shipout:D \box_use:N \l_shipout_box 
                                                  \__shipout_drop_firstpage_...
l.347 
       <./diagrams/seq_28_handle_global_reports.png (PNG copy)>]
<diagrams/seq_30_view_analytics.png, id=284, 1081.03876pt x 751.80875pt>
File: diagrams/seq_30_view_analytics.png Graphic file (type png)
<use diagrams/seq_30_view_analytics.png>
Package pdftex.def Info: diagrams/seq_30_view_analytics.png  used on input line
 351.
(pdftex.def)             Requested size: 435.32422pt x 302.73718pt.
 [34
pdfTeX warning (ext4): destination with the same identifier (name{figure.3.31})
 has been already used, duplicate ignored
<argument> ...shipout:D \box_use:N \l_shipout_box 
                                                  \__shipout_drop_firstpage_...
l.354 
       <./diagrams/seq_29_manage_platform.png (PNG copy)>]
<c4/LKForum_Component_Backend.png, id=292, 1909.1325pt x 1877.0125pt>
File: c4/LKForum_Component_Backend.png Graphic file (type png)
<use c4/LKForum_Component_Backend.png>
Package pdftex.def Info: c4/LKForum_Component_Backend.png  used on input line 3
61.
(pdftex.def)             Requested size: 435.32422pt x 427.98048pt.
 [35
pdfTeX warning (ext4): destination with the same identifier (name{figure.3.32})
 has been already used, duplicate ignored
<argument> ...shipout:D \box_use:N \l_shipout_box 
                                                  \__shipout_drop_firstpage_...
l.364 
       <./diagrams/seq_30_view_analytics.png (PNG copy)>] [36
pdfTeX warning (ext4): destination with the same identifier (name{figure.3.33})
 has been already used, duplicate ignored
<argument> ...shipout:D \box_use:N \l_shipout_box 
                                                  \__shipout_drop_firstpage_...
l.371     \item \textbf
                       {Event Bus (Go Channels):} An internal communication ...
 <./c4/LKForum_Component_Backend.png (PNG copy)>]
<c4/LKForum_Container.png, id=304, 859.21pt x 1082.0425pt>
File: c4/LKForum_Container.png Graphic file (type png)
<use c4/LKForum_Container.png>
Package pdftex.def Info: c4/LKForum_Container.png  used on input line 380.
(pdftex.def)             Requested size: 435.32422pt x 548.23506pt.
 [37] [38
pdfTeX warning (ext4): destination with the same identifier (name{figure.3.34})
 has been already used, duplicate ignored
<argument> ...shipout:D \box_use:N \l_shipout_box 
                                                  \__shipout_drop_firstpage_...
l.388     \item \textbf
                       {Admin Web SPA Container:} A separate Node.js contain...
 <./c4/LKForum_Container.png (PNG copy)>]
Overfull \hbox (1.21266pt too wide) in paragraph at lines 392--393
[]\OT1/cmr/bx/n/10.95 Prometheus Con-tainer: \OT1/cmr/m/n/10.95 A time-series d
atabase con-fig-ured to pe-ri-od-i-cally scrape the \OT1/cmtt/m/n/10.95 /metric
s
 []

[39]
chapter 4.
[40

] (./SAD.aux)
 ***********
LaTeX2e <2025-11-01>
L3 programming layer <2026-01-19>
 ***********
 ) 
Here is how much of TeX's memory you used:
 18155 strings out of 469515
 348132 string characters out of 5470807
 892159 words of memory out of 5000000
 46510 multiletter control sequences out of 15000+600000
 634472 words of font info for 61 fonts, out of 8000000 for 9000
 14 hyphenation exceptions out of 8191
 108i,7n,107p,11227b,580s stack positions out of 10000i,1000n,20000p,200000b,200000s
</usr/share/texmf-dist/fonts/type1/public/amsfonts/cm/cmbx10.pfb></usr/share/
texmf-dist/fonts/type1/public/amsfonts/cm/cmbx12.pfb></usr/share/texmf-dist/fon
ts/type1/public/amsfonts/cm/cmr10.pfb></usr/share/texmf-dist/fonts/type1/public
/amsfonts/cm/cmssbx10.pfb></usr/share/texmf-dist/fonts/type1/public/amsfonts/cm
/cmsy10.pfb></usr/share/texmf-dist/fonts/type1/public/amsfonts/cm/cmtt10.pfb></
usr/share/texmf-dist/fonts/type1/public/cm-super/sfrm1095.pfb>
Output written on SAD.pdf (40 pages, 2280560 bytes).
PDF statistics:
 454 PDF objects out of 1000 (max. 8388607)
 360 compressed objects within 4 object streams
 129 named destinations out of 1000 (max. 500000)
 347 words of extra memory for PDF output out of 10000 (max. 10000000)

