This is LuaHBTeX, Version 1.22.0 (MiKTeX 25.4) (format=lualatex 2025.10.27)  24 MAY 2026 15:53
 restricted system commands enabled.
**"SRS - Final.tex"
("./SRS - Final.tex"
LaTeX2e <2025-06-01> patch level 1
L3 programming layer <2025-10-09>
Lua module: luaotfload 2024-12-03 v3.29 Lua based OpenType font support
Lua module: lualibs 2023-07-13 v2.76 ConTeXt Lua standard libraries.
Lua module: lualibs-extended 2023-07-13 v2.76 ConTeXt Lua libraries -- extended 
collection.
luaotfload | conf : Root cache directory is "C:/Users/Admin/AppData/Local/MiKTeX
/luatex-cache/generic/names".
luaotfload | init : Loading fontloader "fontloader-2023-12-28.lua" from kpse-res
olved path "C:/Users/Admin/AppData/Local/Programs/MiKTeX/tex/luatex/luaotfload/f
ontloader-2023-12-28.lua".
Lua-only attribute luaotfload@noligature = 1
luaotfload | init : Context OpenType loader version 3.134
Inserting `luaotfload.node_processor' in `pre_linebreak_filter'.
Inserting `luaotfload.node_processor' in `hpack_filter'.
Inserting `luaotfload.glyph_stream' in `glyph_stream_provider'.
Inserting `luaotfload.define_font' in `define_font'.
Lua-only attribute luaotfload_color_attribute = 2
luaotfload | conf : Root cache directory is "C:/Users/Admin/AppData/Local/MiKTeX
/luatex-cache/generic/names".
Inserting `luaotfload.harf.strip_prefix' in `find_opentype_file'.
Inserting `luaotfload.harf.strip_prefix' in `find_truetype_file'.
Removing  `luaotfload.glyph_stream' from `glyph_stream_provider'.
Inserting `luaotfload.harf.glyphstream' in `glyph_stream_provider'.
Inserting `luaotfload.harf.finalize_vlist' in `post_linebreak_filter'.
Inserting `luaotfload.harf.finalize_hlist' in `hpack_filter'.
Inserting `luaotfload.cleanup_files' in `wrapup_run'.
Inserting `luaotfload.harf.finalize_unicode' in `finish_pdffile'.
Inserting `luaotfload.glyphinfo' in `glyph_info'.
Lua-only attribute luaotfload.letterspace_done = 3
Inserting `luaotfload.aux.set_sscale_dimens' in `luaotfload.patch_font'.
Inserting `luaotfload.aux.set_font_index' in `luaotfload.patch_font'.
Inserting `luaotfload.aux.patch_cambria_domh' in `luaotfload.patch_font'.
Inserting `luaotfload.aux.fixup_fontdata' in `luaotfload.patch_font_unsafe'.
Inserting `luaotfload.aux.set_capheight' in `luaotfload.patch_font'.
Inserting `luaotfload.aux.set_xheight' in `luaotfload.patch_font'.
Inserting `luaotfload.rewrite_fontname' in `luaotfload.patch_font'.
Inserting `tracingstacklevels' in `input_level_string'.
(C:/Users/Admin/AppData/Local/Programs/MiKTeX/tex/latex/koma-script/scrreprt.cl
s
Document Class: scrreprt 2026/02/02 v3.49.2 KOMA-Script document class (report)


(C:/Users/Admin/AppData/Local/Programs/MiKTeX/tex/latex/koma-script/scrkbase.st
y
Package: scrkbase 2026/02/02 v3.49.2 KOMA-Script package (KOMA-Script-dependent
 basics and keyval usage)

(C:/Users/Admin/AppData/Local/Programs/MiKTeX/tex/latex/koma-script/scrbase.sty
Package: scrbase 2026/02/02 v3.49.2 KOMA-Script package (KOMA-Script-independen
t basics and keyval usage)

(C:/Users/Admin/AppData/Local/Programs/MiKTeX/tex/latex/koma-script/scrlfile.st
y
Package: scrlfile 2026/02/02 v3.49.2 KOMA-Script package (file load hooks)

(C:/Users/Admin/AppData/Local/Programs/MiKTeX/tex/latex/koma-script/scrlfile-ho
ok.sty
Package: scrlfile-hook 2026/02/02 v3.49.2 KOMA-Script package (using LaTeX hook
s)

(C:/Users/Admin/AppData/Local/Programs/MiKTeX/tex/latex/koma-script/scrlogo.sty
Package: scrlogo 2026/02/02 v3.49.2 KOMA-Script package (logo)
))) (C:/Users/Admin/AppData/Local/Programs/MiKTeX/tex/latex/graphics/keyval.sty
Package: keyval 2022/05/29 v1.15 key=value parser (DPC)
\KV@toks@=\toks17
)
Applying: [2021/05/01] Usage of raw or classic option list on input line 254.
Already applied: [0000/00/00] Usage of raw or classic option list on input line
 370.
))
(C:/Users/Admin/AppData/Local/Programs/MiKTeX/tex/latex/koma-script/tocbasic.st
y
Package: tocbasic 2026/02/02 v3.49.2 KOMA-Script package (handling toc-files)
\scr@dte@tocline@numberwidth=\skip49
\scr@dte@tocline@numbox=\box53
)
Package tocbasic Info: omitting babel extension for `toc'
(tocbasic)             because of feature `nobabel' available
(tocbasic)             for `toc' on input line 143.
Class scrreprt Info: File `scrsize11pt.clo' used instead of
(scrreprt)           file `scrsize11.clo' to setup font sizes on input line 271
0.

(C:/Users/Admin/AppData/Local/Programs/MiKTeX/tex/latex/koma-script/scrsize11pt
.clo
File: scrsize11pt.clo 2026/02/02 v3.49.2 KOMA-Script font size class option (11
pt)
luaotfload | db : Font names database loaded from C:/Users/Admin/AppData/Local/M
iKTeX/luatex-cache/generic/names/luaotfload-names.luc.gz)
(C:/Users/Admin/AppData/Local/Programs/MiKTeX/tex/latex/koma-script/typearea.st
y
Package: typearea 2026/02/02 v3.49.2 KOMA-Script package (type area)
\ta@bcor=\skip50
\ta@div=\count273
\ta@hblk=\skip51
\ta@vblk=\skip52
\ta@temp=\skip53
\footheight=\skip54
Package typearea Info: These are the values describing the layout:
(typearea)             DIV  = 10
(typearea)             BCOR = 0.0pt
(typearea)             \paperwidth      = 597.50793pt
(typearea)              \textwidth      = 418.25555pt
(typearea)              DIV departure   = -6%
(typearea)              \evensidemargin = 17.3562pt
(typearea)              \oddsidemargin  = 17.3562pt
(typearea)             \paperheight     = 845.04694pt
(typearea)              \textheight     = 595.80026pt
(typearea)              \topmargin      = -25.16531pt
(typearea)              \headheight     = 17.0pt
(typearea)              \headsep        = 20.40001pt
(typearea)              \topskip        = 11.0pt
(typearea)              \footskip       = 47.6pt
(typearea)              \baselineskip   = 13.6pt
(typearea)              on input line 1810.
)
\c_scrreprt_cmdhook_cctab=\catcodetable14
\c@part=\count274
\c@chapter=\count275
\c@section=\count276
\c@subsection=\count277
\c@subsubsection=\count278
\c@paragraph=\count279
\c@subparagraph=\count280
\scr@dte@chapter@maxnumwidth=\skip55
Class scrreprt Info: using compatibility default `afterindent=bysign'
(scrreprt)           for `\chapter on input line 5934.
\scr@dte@section@maxnumwidth=\skip56
Class scrreprt Info: using compatibility default `runin=bysign'
(scrreprt)           for `\section on input line 5945.
Class scrreprt Info: using compatibility default `afterindent=bysign'
(scrreprt)           for `\section on input line 5945.
\scr@dte@part@maxnumwidth=\skip57
Class scrreprt Info: using compatibility default `afterindent=true'
(scrreprt)           for `\part on input line 5954.
\scr@dte@subsection@maxnumwidth=\skip58
Class scrreprt Info: using compatibility default `runin=bysign'
(scrreprt)           for `\subsection on input line 5964.
Class scrreprt Info: using compatibility default `afterindent=bysign'
(scrreprt)           for `\subsection on input line 5964.
\scr@dte@subsubsection@maxnumwidth=\skip59
Class scrreprt Info: using compatibility default `runin=bysign'
(scrreprt)           for `\subsubsection on input line 5974.
Class scrreprt Info: using compatibility default `afterindent=bysign'
(scrreprt)           for `\subsubsection on input line 5974.
\scr@dte@paragraph@maxnumwidth=\skip60
Class scrreprt Info: using compatibility default `runin=bysign'
(scrreprt)           for `\paragraph on input line 5985.
Class scrreprt Info: using compatibility default `afterindent=bysign'
(scrreprt)           for `\paragraph on input line 5985.
\scr@dte@subparagraph@maxnumwidth=\skip61
Class scrreprt Info: using compatibility default `runin=bysign'
(scrreprt)           for `\subparagraph on input line 5995.
Class scrreprt Info: using compatibility default `afterindent=bysign'
(scrreprt)           for `\subparagraph on input line 5995.
\abovecaptionskip=\skip62
\belowcaptionskip=\skip63
\c@pti@nb@sid@b@x=\box54
Package tocbasic Info: omitting babel extension for `lof'
(tocbasic)             because of feature `nobabel' available
(tocbasic)             for `lof' on input line 7225.
\scr@dte@figure@maxnumwidth=\skip64
\c@figure=\count281
Package tocbasic Info: omitting babel extension for `lot'
(tocbasic)             because of feature `nobabel' available
(tocbasic)             for `lot' on input line 7238.
\scr@dte@table@maxnumwidth=\skip65
\c@table=\count282
Class scrreprt Info: Redefining `\numberline' on input line 7409.
\bibindent=\dimen147
)
(C:/Users/Admin/AppData/Local/Programs/MiKTeX/tex/latex/fontspec/fontspec.sty
(C:/Users/Admin/AppData/Local/Programs/MiKTeX/tex/latex/l3packages/xparse/xpars
e.sty
(C:/Users/Admin/AppData/Local/Programs/MiKTeX/tex/latex/l3kernel/expl3.sty
Package: expl3 2025-10-09 L3 programming layer (loader) 

(C:/Users/Admin/AppData/Local/Programs/MiKTeX/tex/latex/l3backend/l3backend-lua
tex.def
File: l3backend-luatex.def 2025-10-09 L3 backend support: PDF output (LuaTeX)
\l__color_backend_stack_int=\count283
Inserting `l3color' in `luaotfload.parse_color'.))
Package: xparse 2025-10-09 L3 Experimental document command parser
)
Package: fontspec 2025/09/29 v2.9g Font selection for XeLaTeX and LuaLaTeX
Lua module: fontspec 2025/09/29 v2.9g Font selection for XeLaTeX and LuaLaTeX
(C:/Users/Admin/AppData/Local/Programs/MiKTeX/tex/latex/fontspec/fontspec-luate
x.sty
Package: fontspec-luatex 2025/09/29 v2.9g Font selection for XeLaTeX and LuaLaT
eX
\l__fontspec_script_int=\count284
\l__fontspec_language_int=\count285
\l__fontspec_strnum_int=\count286
\l__fontspec_tmp_int=\count287
\l__fontspec_tmpa_int=\count288
\l__fontspec_tmpb_int=\count289
\l__fontspec_tmpc_int=\count290
\l__fontspec_em_int=\count291
\l__fontspec_emdef_int=\count292
\l__fontspec_strong_int=\count293
\l__fontspec_strongdef_int=\count294
\l__fontspec_tmpa_dim=\dimen148
\l__fontspec_tmpb_dim=\dimen149
\l__fontspec_tmpc_dim=\dimen150
 (C:/Users/Admin/AppData/Local/Programs/MiKTeX/tex/latex/base/fontenc.sty
Package: fontenc 2024/12/21 v2.1c Standard LaTeX package
) (C:/Users/Admin/AppData/Local/Programs/MiKTeX/tex/latex/fontspec/fontspec.cfg
))) (C:/Users/Admin/AppData/Local/Programs/MiKTeX/tex/generic/babel/babel.sty
Package: babel 2025/10/22 v25.14 The multilingual framework for LuaLaTeX, pdfLa
TeX and XeLaTeX

(C:/Users/Admin/AppData/Local/Programs/MiKTeX/tex/generic/babel/luababel.def
\bbl@readstream=\read2
\l@afrikaans=\language2
Package babel Info: Non-standard hyphenation setup on input line 118.
\l@ancientgreek=\language3
\l@armenian=\language4
\l@assamese=\language5
\l@basque=\language6
\l@belarusian=\language7
\l@bengali=\language8
\l@bokmal=\language9
\l@bulgarian=\language10
\l@catalan=\language11
\l@churchslavonic=\language12
\l@classiclatin=\language13
\l@coptic=\language14
\l@croatian=\language15
\l@czech=\language16
\l@danish=\language17
\l@dutch=\language18
\l@esperanto=\language19
\l@estonian=\language20
\l@ethiopic=\language21
\l@finnish=\language22
\l@french=\language23
\l@friulan=\language24
\l@galician=\language25
\l@georgian=\language26
\l@german=\language27
\l@greek=\language28
\l@gujarati=\language29
\l@hindi=\language30
\l@hungarian=\language31
\l@icelandic=\language32
\l@indonesian=\language33
\l@interlingua=\language34
\l@irish=\language35
\l@italian=\language36
\l@kannada=\language37
\l@kurmanji=\language38
\l@latin=\language39
\l@latvian=\language40
\l@lithuanian=\language41
\l@liturgicallatin=\language42
\l@macedonian=\language43
\l@malayalam=\language44
\l@marathi=\language45
\l@mongolian=\language46
\l@mongolianlmc=\language47
\l@monogreek=\language48
\l@ngerman=\language49
\l@nynorsk=\language50
\l@occitan=\language51
\l@oriya=\language52
\l@pali=\language53
\l@panjabi=\language54
\l@piedmontese=\language55
\l@polish=\language56
\l@portuguese=\language57
\l@romanian=\language58
\l@romansh=\language59
\l@russian=\language60
\l@sanskrit=\language61
\l@serbian=\language62
\l@serbianc=\language63
\l@slovak=\language64
\l@slovenian=\language65
\l@spanish=\language66
\l@swedish=\language67
\l@swissgerman=\language68
\l@tamil=\language69
\l@telugu=\language70
\l@thai=\language71
\l@turkish=\language72
\l@turkmen=\language73
\l@ukenglish=\language74
\l@ukrainian=\language75
\l@uppersorbian=\language76
\l@usenglishmax=\language77
\l@welsh=\language78
\babelcatcodetablenum=\catcodetable15
\bbl@pattcodes=\catcodetable16
)
\babel@savecnt=\count295
LaTeX Encoding Info:    Redeclaring text command \ij (encoding OT1) on input li
ne 2050.
LaTeX Encoding Info:    Redeclaring text command \IJ (encoding OT1) on input li
ne 2052.
LaTeX Encoding Info:    Redeclaring text command \ij (encoding T1) on input lin
e 2054.
LaTeX Encoding Info:    Redeclaring text command \IJ (encoding T1) on input lin
e 2055.
LaTeX Encoding Info:    Ignoring declaration for text command \ij (encoding ?) 
on input line 2056.
LaTeX Encoding Info:    Ignoring declaration for text command \IJ (encoding ?) 
on input line 2058.
LaTeX Encoding Info:    Ignoring declaration for text command \SS (encoding ?) 
on input line 2083.
\U@D=\dimen151
\l@unhyphenated=\language79

(C:/Users/Admin/AppData/Local/Programs/MiKTeX/tex/generic/babel/luababel.def
\bbl@attr@locale=\attribute4
)

Package babel Warning: Configuration files are deprecated, as
(babel)                they can break document portability.
(babel)                Reported on input line 4172.

*************************************
* Local config file bblopts.cfg used
*
(C:/Users/Admin/AppData/Local/Programs/MiKTeX/tex/latex/arabi/bblopts.cfg
File: bblopts.cfg 2005/09/08 v0.1 add Arabic and Farsi to "declared" options of
 babel
)
(C:/Users/Admin/AppData/Local/Programs/MiKTeX/tex/generic/babel/locale/vi/babel
-vietnamese.tex)
(C:/Users/Admin/AppData/Local/Programs/MiKTeX/tex/generic/babel/locale/en/babel
-english.tex)
Package babel Info: Importing font and identification data for vietnamese
(babel)             from babel-vi.ini. Reported on input line 4295.

(C:/Users/Admin/AppData/Local/Programs/MiKTeX/tex/latex/babel-vietnamese/vietna
mese.ldf
Language: vietnamese 


Package babel Warning: No hyphenation patterns were preloaded for
(babel)                the language 'Vietnamese' into the format.
(babel)                Please, configure your TeX system to add them and
(babel)                rebuild the format. Now I will use the patterns
(babel)                preloaded for \language=0 instead on input line 36.

Package babel Info: Hyphen rules for 'vietnamese' set to \l@english
(babel)             (\language0). Reported on input line 37.
Package babel Info: Hyphen rules for 'vietnam' set to \l@english
(babel)             (\language0). Reported on input line 38.
Package babel Info: Making " an active character on input line 147.
)
Package babel Info: Importing font and identification data for english
(babel)             from babel-en.ini. Reported on input line 4295.

(C:/Users/Admin/AppData/Local/Programs/MiKTeX/tex/latex/babel-english/english.l
df
Language: english 2017/06/06 v3.3r English support from the babel system
Package babel Info: Hyphen rules for 'canadian' set to \l@english
(babel)             (\language0). Reported on input line 102.
Package babel Info: Hyphen rules for 'australian' set to \l@ukenglish
(babel)             (\language74). Reported on input line 105.
Package babel Info: Hyphen rules for 'newzealand' set to \l@ukenglish
(babel)             (\language74). Reported on input line 108.
))
(C:/Users/Admin/AppData/Local/Programs/MiKTeX/tex/latex/listings/listings.sty
\lst@mode=\count296
\lst@gtempboxa=\box55
\lst@token=\toks18
\lst@length=\count297
\lst@currlwidth=\dimen152
\lst@column=\count298
\lst@pos=\count299
\lst@lostspace=\dimen153
\lst@width=\dimen154
\lst@newlines=\count300
\lst@lineno=\count301
\lst@maxwidth=\dimen155

(C:/Users/Admin/AppData/Local/Programs/MiKTeX/tex/latex/listings/lstpatch.sty
File: lstpatch.sty 2024/09/23 1.10c (Carsten Heinz)
)
(C:/Users/Admin/AppData/Local/Programs/MiKTeX/tex/latex/listings/lstmisc.sty
File: lstmisc.sty 2024/09/23 1.10c (Carsten Heinz)
\c@lstnumber=\count302
\lst@skipnumbers=\count303
\lst@framebox=\box56
)
(C:/Users/Admin/AppData/Local/Programs/MiKTeX/tex/latex/listings/listings.cfg
File: listings.cfg 2024/09/23 1.10c listings configuration
))
Package: listings 2024/09/23 1.10c (Carsten Heinz)

(C:/Users/Admin/AppData/Local/Programs/MiKTeX/tex/latex/underscore/underscore.s
ty
Package: underscore 2006/09/13
LaTeX Info: Redefining \_ on input line 42.
)
==> First Aid for underscore.sty applied!

(C:/Users/Admin/AppData/Local/Programs/MiKTeX/tex/latex/firstaid/underscore-ltx
.sty
Package: underscore-ltx 2023/09/20 LaTeX firstaid to make underscore protected 

)
(C:/Users/Admin/AppData/Local/Programs/MiKTeX/tex/latex/graphics/graphicx.sty
Package: graphicx 2024/12/31 v1.2e Enhanced LaTeX Graphics (DPC,SPQR)

(C:/Users/Admin/AppData/Local/Programs/MiKTeX/tex/latex/graphics/graphics.sty
Package: graphics 2024/08/06 v1.4g Standard LaTeX Graphics (DPC,SPQR)

(C:/Users/Admin/AppData/Local/Programs/MiKTeX/tex/latex/graphics/trig.sty
Package: trig 2023/12/02 v1.11 sin cos tan (DPC)
)
(C:/Users/Admin/AppData/Local/Programs/MiKTeX/tex/latex/graphics-cfg/graphics.c
fg
File: graphics.cfg 2016/06/04 v1.11 sample graphics configuration
)
Package graphics Info: Driver file: luatex.def on input line 106.

(C:/Users/Admin/AppData/Local/Programs/MiKTeX/tex/latex/graphics-def/luatex.def
File: luatex.def 2025/09/29 v1.2f Graphics/color driver for luatex
))
\Gin@req@height=\dimen156
\Gin@req@width=\dimen157
)
(C:/Users/Admin/AppData/Local/Programs/MiKTeX/tex/latex/hyperref/hyperref.sty
Package: hyperref 2025-07-12 v7.01o Hypertext links for LaTeX

(C:/Users/Admin/AppData/Local/Programs/MiKTeX/tex/generic/iftex/iftex.sty
Package: iftex 2024/12/12 v1.0g TeX engine tests
)
(C:/Users/Admin/AppData/Local/Programs/MiKTeX/tex/latex/kvsetkeys/kvsetkeys.sty
Package: kvsetkeys 2022-10-05 v1.19 Key value parser (HO)
)
(C:/Users/Admin/AppData/Local/Programs/MiKTeX/tex/generic/kvdefinekeys/kvdefine
keys.sty
Package: kvdefinekeys 2019-12-19 v1.6 Define keys (HO)
)
(C:/Users/Admin/AppData/Local/Programs/MiKTeX/tex/generic/pdfescape/pdfescape.s
ty
Package: pdfescape 2019/12/09 v1.15 Implements pdfTeX's escape features (HO)

(C:/Users/Admin/AppData/Local/Programs/MiKTeX/tex/generic/ltxcmds/ltxcmds.sty
Package: ltxcmds 2023-12-04 v1.26 LaTeX kernel commands for general use (HO)
)
(C:/Users/Admin/AppData/Local/Programs/MiKTeX/tex/generic/pdftexcmds/pdftexcmds
.sty
Package: pdftexcmds 2020-06-27 v0.33 Utility functions of pdfTeX for LuaTeX (HO
)

(C:/Users/Admin/AppData/Local/Programs/MiKTeX/tex/generic/infwarerr/infwarerr.s
ty
Package: infwarerr 2019/12/03 v1.5 Providing info/warning/error messages (HO)
)
Package pdftexcmds Info: \pdf@primitive is available.
Package pdftexcmds Info: \pdf@ifprimitive is available.
Package pdftexcmds Info: \pdfdraftmode found.
\pdftexcmds@toks=\toks19
))
(C:/Users/Admin/AppData/Local/Programs/MiKTeX/tex/latex/hycolor/hycolor.sty
Package: hycolor 2020-01-27 v1.10 Color options for hyperref/bookmark (HO)
)
(C:/Users/Admin/AppData/Local/Programs/MiKTeX/tex/latex/hyperref/nameref.sty
Package: nameref 2025-06-21 v2.57 Cross-referencing by name of section

(C:/Users/Admin/AppData/Local/Programs/MiKTeX/tex/latex/refcount/refcount.sty
Package: refcount 2019/12/15 v3.6 Data extraction from label references (HO)
)
(C:/Users/Admin/AppData/Local/Programs/MiKTeX/tex/generic/gettitlestring/gettit
lestring.sty
Package: gettitlestring 2019/12/15 v1.6 Cleanup title references (HO)

(C:/Users/Admin/AppData/Local/Programs/MiKTeX/tex/latex/kvoptions/kvoptions.sty
Package: kvoptions 2022-06-15 v3.15 Key value format for package options (HO)
))
\c@section@level=\count304
)
(C:/Users/Admin/AppData/Local/Programs/MiKTeX/tex/latex/etoolbox/etoolbox.sty
Package: etoolbox 2025/10/02 v2.5m e-TeX tools for LaTeX (JAW)
\etb@tempcnta=\count305
)
(C:/Users/Admin/AppData/Local/Programs/MiKTeX/tex/generic/stringenc/stringenc.s
ty
Package: stringenc 2019/11/29 v1.12 Convert strings between diff. encodings (HO
)
)
\@linkdim=\dimen158
\Hy@linkcounter=\count306
\Hy@pagecounter=\count307
 (C:/Users/Admin/AppData/Local/Programs/MiKTeX/tex/latex/hyperref/pd1enc.def
File: pd1enc.def 2025-07-12 v7.01o Hyperref: PDFDocEncoding definition (HO)
) (C:/Users/Admin/AppData/Local/Programs/MiKTeX/tex/generic/intcalc/intcalc.sty
Package: intcalc 2019/12/15 v1.3 Expandable calculations with integers (HO)
)
\Hy@SavedSpaceFactor=\count308
 (C:/Users/Admin/AppData/Local/Programs/MiKTeX/tex/latex/hyperref/puenc.def
File: puenc.def 2025-07-12 v7.01o Hyperref: PDF Unicode definition (HO)
)
Package hyperref Info: Option `bookmarks' set `true' on input line 4066.
Package hyperref Info: Hyper figures OFF on input line 4195.
Package hyperref Info: Link nesting OFF on input line 4200.
Package hyperref Info: Hyper index ON on input line 4203.
Package hyperref Info: Plain pages OFF on input line 4210.
Package hyperref Info: Backreferencing OFF on input line 4215.
Package hyperref Info: Implicit mode ON; LaTeX internals redefined.
Package hyperref Info: Bookmarks ON on input line 4462.
\c@Hy@tempcnt=\count309

(C:/Users/Admin/AppData/Local/Programs/MiKTeX/tex/latex/url/url.sty
\Urlmuskip=\muskip17
Package: url 2013/09/16  ver 3.4  Verb mode for urls, etc.
)
LaTeX Info: Redefining \url on input line 4801.
\XeTeXLinkMargin=\dimen159

(C:/Users/Admin/AppData/Local/Programs/MiKTeX/tex/generic/bitset/bitset.sty
Package: bitset 2019/12/09 v1.3 Handle bit-vector datatype (HO)

(C:/Users/Admin/AppData/Local/Programs/MiKTeX/tex/generic/bigintcalc/bigintcalc
.sty
Package: bigintcalc 2019/12/15 v1.5 Expandable calculations on big integers (HO
)
))
\Fld@menulength=\count310
\Field@Width=\dimen160
\Fld@charsize=\dimen161
Package hyperref Info: Hyper figures OFF on input line 6078.
Package hyperref Info: Link nesting OFF on input line 6083.
Package hyperref Info: Hyper index ON on input line 6086.
Package hyperref Info: backreferencing OFF on input line 6093.
Package hyperref Info: Link coloring OFF on input line 6098.
Package hyperref Info: Link coloring with OCG OFF on input line 6103.
Package hyperref Info: PDF/A mode OFF on input line 6108.
\Hy@abspage=\count311
\c@Item=\count312
\c@Hfootnote=\count313
)
Package hyperref Info: Driver (autodetected): hluatex.

(C:/Users/Admin/AppData/Local/Programs/MiKTeX/tex/latex/hyperref/hluatex.def
File: hluatex.def 2025-07-12 v7.01o Hyperref driver for luaTeX
\Fld@listcount=\count314
\c@bookmark@seq@number=\count315

(C:/Users/Admin/AppData/Local/Programs/MiKTeX/tex/latex/rerunfilecheck/rerunfil
echeck.sty
Package: rerunfilecheck 2025-06-21 v1.11 Rerun checks for auxiliary files (HO)

(C:/Users/Admin/AppData/Local/Programs/MiKTeX/tex/generic/uniquecounter/uniquec
ounter.sty
Package: uniquecounter 2019/12/15 v1.4 Provide unlimited unique counter (HO)
)
Package uniquecounter Info: New unique counter `rerunfilecheck' on input line 2
84.
)
\Hy@SectionHShift=\skip66
)
(C:/Users/Admin/AppData/Local/Programs/MiKTeX/tex/latex/float/float.sty
Package: float 2001/11/08 v1.3d Float enhancements (AL)
\c@float@type=\count316
\float@exts=\toks20
\float@box=\box57
\@float@everytoks=\toks21
\@floatcapt=\box58
)
(C:/Users/Admin/AppData/Local/Programs/MiKTeX/tex/latex/enumitem/enumitem.sty
Package: enumitem 2025/02/06 v3.11 Customized lists
\labelindent=\skip67
\enit@outerparindent=\dimen162
\enit@toks=\toks22
\enit@inbox=\box59
\enit@count@id=\count317
\enitdp@description=\count318
)
(C:/Users/Admin/AppData/Local/Programs/MiKTeX/tex/latex/pdflscape/pdflscape.sty
Package: pdflscape 2022-10-27 v0.13 Display of landscape pages in PDF

(C:/Users/Admin/AppData/Local/Programs/MiKTeX/tex/latex/pdflscape/pdflscape-nom
etadata.sty
Package: pdflscape-nometadata 2022-10-28 v0.13 Display of landscape pages in PD
F (HO)

(C:/Users/Admin/AppData/Local/Programs/MiKTeX/tex/latex/graphics/lscape.sty
Package: lscape 2020/05/28 v3.02 Landscape Pages (DPC)
)
Package pdflscape Info: Auto-detected driver: pdftex on input line 81.
))
(C:/Users/Admin/AppData/Local/Programs/MiKTeX/tex/latex/tools/array.sty
Package: array 2025/06/08 v2.6j Tabular extension package (FMi)
\col@sep=\dimen163
\ar@mcellbox=\box60
\extrarowheight=\dimen164
\NC@list=\toks23
\extratabsurround=\skip68
\backup@length=\skip69
\ar@cellbox=\box61
)
(C:/Users/Admin/AppData/Local/Programs/MiKTeX/tex/latex/tools/longtable.sty
Package: longtable 2024-12-18 v4.23 Multi-page Table package (DPC)
\LTleft=\skip70
\LTright=\skip71
\LTpre=\skip72
\LTpost=\skip73
\LTchunksize=\count319
\LTcapwidth=\dimen165
\LT@head=\box62
\LT@firsthead=\box63
\LT@foot=\box64
\LT@lastfoot=\box65
\LT@gbox=\box66
\LT@cols=\count320
\LT@rows=\count321
\c@LT@tables=\count322
\c@LT@chunks=\count323
\LT@p@ftn=\toks24
)
Class scrreprt Info: longtable captions redefined on input line 16.

(C:/Users/Admin/AppData/Local/Programs/MiKTeX/tex/latex/tabularray/tabularray.s
ty
Package: tabularray 2025-08-29 v2025B Typeset tabulars and arrays with LaTeX3
\l__tblr_a_int=\count324
\l__tblr_c_int=\count325
\l__tblr_r_int=\count326
\l__tblr_d_dim=\dimen166
\l__tblr_h_dim=\dimen167
\l__tblr_o_dim=\dimen168
\l__tblr_p_dim=\dimen169
\l__tblr_q_dim=\dimen170
\l__tblr_r_dim=\dimen171
\l__tblr_s_dim=\dimen172
\l__tblr_t_dim=\dimen173
\l__tblr_v_dim=\dimen174
\l__tblr_w_dim=\dimen175
\l__tblr_a_box=\box67
\l__tblr_b_box=\box68
\l__tblr_c_box=\box69
\l__tblr_d_box=\box70
\c@tblrcount=\count327
\c@rownum=\count328
\c@colnum=\count329
\c@rowcount=\count330
\c@colcount=\count331
\abovesep=\dimen176
\belowsep=\dimen177
\leftsep=\dimen178
\rightsep=\dimen179
\gTblrLevelInt=\count332
\g__tblr_data_row_key_count_int=\count333
\g__tblr_data_column_key_count_int=\count334
\g__tblr_data_cell_key_count_int=\count335
\g__tblr_array_int=\count336
\l__tblr_key_count_int=\count337
\l__tblr_key_quotient_int=\count338
\l__tblr_key_quotient_two_int=\count339
\l__tblr_key_remainder_int=\count340
\g__tblr_data_str_value_count_int=\count341
\lTblrChildTotalInt=\count342
\lTblrChildHtotalInt=\count343
\lTblrChildVtotalInt=\count344
\l__child_diff_h_int=\count345
\l__child_diff_v_int=\count346
\l__child_sign_h_int=\count347
\l__child_sign_v_int=\count348
\l__child_step_int=\count349
\lTblrDefaultHruleWidthDim=\dimen180
\lTblrDefaultVruleWidthDim=\dimen181
\l__tblr_split_balance_int=\count350
\l__tblr_strut_dp_dim=\dimen182
\l__tblr_strut_ht_dim=\dimen183
\g__tblr_cell_wd_dim=\dimen184
\g__tblr_cell_ht_dim=\dimen185
\g__tblr_cell_head_dim=\dimen186
\g__tblr_cell_foot_dim=\dimen187
\l__tblr_measured_cell_box=\box71
\g__tblr_last_box=\box72
\l__tblr_temp_box=\box73
\l__tblr_column_target_dim=\dimen188
\l__tblr_hfuzz_dim=\dimen189
\l__tblr_caption_box=\box74
\l__tblr_caption_left_box=\box75
\lTblrRowHeadInt=\count351
\lTblrRowFootInt=\count352
\l__tblr_row_head_box=\box76
\l__tblr_row_foot_box=\box77
\l__tblr_row_head_foot_dim=\dimen190
\lTblrTableWidthDim=\dimen191
\l__tblr_table_firsthead_box=\box78
\l__tblr_table_middlehead_box=\box79
\l__tblr_table_lasthead_box=\box80
\l__tblr_table_firstfoot_box=\box81
\l__tblr_table_middlefoot_box=\box82
\l__tblr_table_lastfoot_box=\box83
\l__tblr_remain_height_dim=\dimen192
\l__tblr_long_from_int=\count353
\l__tblr_long_to_int=\count354
\l__tblr_curr_i_int=\count355
\l__tblr_prev_i_int=\count356
\lTblrTablePageInt=\count357
\l__tblr_table_head_box=\box84
\l__tblr_table_foot_box=\box85
\l__tblr_table_head_foot_dim=\dimen193
\l__tblr_table_head_body_foot_dim=\dimen194
\l__tblr_table_box=\box86
\lTblrRowFirstInt=\count358
\lTblrRowLastInt=\count359
\l__tblr_table_hlines_box=\box87
\l__tblr_hline_box=\box88
\l__tblr_row_box=\box89
\l__tblr_col_o_wd_dim=\dimen195
\l__tblr_col_b_wd_dim=\dimen196
\l__tblr_hline_leftskip_dim=\dimen197
\l__tblr_hline_rightskip_dim=\dimen198
\l__tblr_row_ht_dim=\dimen199
\l__tblr_row_dp_dim=\dimen256
\l__tblr_row_abovesep_dim=\dimen257
\l__tblr_row_belowsep_dim=\dimen258
\l__tblr_row_vlines_box=\box90
\l__tblr_vline_box=\box91
\l__tblr_cell_box=\box92
\l__tblr_row_upper_dim=\dimen259
\l__tblr_row_lower_dim=\dimen260
\l__tblr_row_vpace_dim=\dimen261
\l__tblr_vline_aboveskip_dim=\dimen262
\l__tblr_vline_belowskip_dim=\dimen263
\lTblrCellRowSpanInt=\count360
\lTblrCellColSpanInt=\count361
\l__tblr_cell_wd_dim=\dimen264
\l__tblr_cell_ht_dim=\dimen265
\lTblrCellAboveBorderWidthDim=\dimen266
\lTblrCellBelowBorderWidthDim=\dimen267
\lTblrCellLeftBorderWidthDim=\dimen268
\lTblrCellRightBorderWidthDim=\dimen269
\l__tblr_diag_box=\box93
\l__tblr_cell_inner_wd_dim=\dimen270
\l__tblr_cell_inner_dp_dim=\dimen271
\l__tblr_cell_hanchor_dim=\dimen272
\l__tblr_last_cell_table_ht_dim=\dimen273
\l__tblr_last_cell_table_dp_dim=\dimen274
\l__tblr_last_vline_wd_dim=\dimen275
\l__tblr_tikz_node_box=\box94
)
(C:/Users/Admin/AppData/Local/Programs/MiKTeX/tex/latex/booktabs/booktabs.sty
Package: booktabs 2020/01/12 v1.61803398 Publication quality tables
\heavyrulewidth=\dimen276
\lightrulewidth=\dimen277
\cmidrulewidth=\dimen278
\belowrulesep=\dimen279
\belowbottomsep=\dimen280
\aboverulesep=\dimen281
\abovetopsep=\dimen282
\cmidrulesep=\dimen283
\cmidrulekern=\dimen284
\defaultaddspace=\dimen285
\@cmidla=\count362
\@cmidlb=\count363
\@aboverulesep=\dimen286
\@belowrulesep=\dimen287
\@thisruleclass=\count364
\@lastruleclass=\count365
\@thisrulewidth=\dimen288
)
(C:/Users/Admin/AppData/Local/Programs/MiKTeX/tex/latex/geometry/geometry.sty
Package: geometry 2020/01/02 v5.9 Page Geometry

(C:/Users/Admin/AppData/Local/Programs/MiKTeX/tex/generic/iftex/ifvtex.sty
Package: ifvtex 2019/10/25 v1.7 ifvtex legacy package. Use iftex instead.
)
\Gm@cnth=\count366
\Gm@cntv=\count367
\c@Gm@tempcnt=\count368
\Gm@bindingoffset=\dimen289
\Gm@wd@mp=\dimen290
\Gm@odd@mp=\dimen291
\Gm@even@mp=\dimen292
\Gm@layoutwidth=\dimen293
\Gm@layoutheight=\dimen294
\Gm@layouthoffset=\dimen295
\Gm@layoutvoffset=\dimen296
\Gm@dimlist=\toks25

(C:/Users/Admin/AppData/Local/Programs/MiKTeX/tex/latex/geometry/geometry.cfg))

Package hyperref Warning: Option `bookmarks' has already been used,
(hyperref)                setting the option has no effect on input line 54.

Package hyperref Info: Option `colorlinks' set `true' on input line 54.
\c@appendixmsgcode=\count369
\c@appendixerrcode=\count370
Class scrreprt Info: loading recommended package `bookmark'.
(scrreprt)           Using `bookmark' together with `hyperref' is recommended,
(scrreprt)           because of handling of possible bookmark level gaps.
(scrreprt)           You can avoid loading `bookmark' with KOMA-Script option
(scrreprt)           `bookmarkpackage=false' before \begin{document} and
(scrreprt)           you can avoid this message adding:
(scrreprt)             \usepackage{bookmark}
(scrreprt)           before \begin{document} on input line 73.
(C:/Users/Admin/AppData/Local/Programs/MiKTeX/tex/latex/bookmark/bookmark.sty
Package: bookmark 2023-12-10 v1.31 PDF bookmarks (HO)

(C:/Users/Admin/AppData/Local/Programs/MiKTeX/tex/latex/bookmark/bkm-pdftex.def
File: bkm-pdftex.def 2023-12-10 v1.31 bookmark driver for pdfTeX and luaTeX (HO
)
\BKM@id=\count371
)) ("./SRS - Final.aux"

LaTeX Warning: Label `tab:data_dictionary_image' multiply defined.


LaTeX Warning: Label `tab:data_dictionary_video' multiply defined.

)
\openout1 = SRS - Final.aux

LaTeX Font Info:    Checking defaults for OML/cmm/m/it on input line 73.
LaTeX Font Info:    ... okay on input line 73.
LaTeX Font Info:    Checking defaults for OMS/cmsy/m/n on input line 73.
LaTeX Font Info:    ... okay on input line 73.
LaTeX Font Info:    Checking defaults for OT1/cmr/m/n on input line 73.
LaTeX Font Info:    ... okay on input line 73.
LaTeX Font Info:    Checking defaults for T1/cmr/m/n on input line 73.
LaTeX Font Info:    ... okay on input line 73.
LaTeX Font Info:    Checking defaults for TS1/cmr/m/n on input line 73.
LaTeX Font Info:    ... okay on input line 73.
LaTeX Font Info:    Checking defaults for TU/lmr/m/n on input line 73.
LaTeX Font Info:    ... okay on input line 73.
LaTeX Font Info:    Checking defaults for OMX/cmex/m/n on input line 73.
LaTeX Font Info:    ... okay on input line 73.
LaTeX Font Info:    Checking defaults for U/cmr/m/n on input line 73.
LaTeX Font Info:    ... okay on input line 73.
LaTeX Font Info:    Checking defaults for PD1/pdf/m/n on input line 73.
LaTeX Font Info:    ... okay on input line 73.
LaTeX Font Info:    Checking defaults for PU/pdf/m/n on input line 73.
LaTeX Font Info:    ... okay on input line 73.
Package scrbase Info: activating english \abstractname on input line 73.
Package scrbase Info: activating english \partname on input line 73.
Package scrbase Info: activating english \chaptername on input line 73.
Package scrbase Info: activating english \appendixname on input line 73.
Package scrbase Info: activating english \figurename on input line 73.
Package scrbase Info: activating english \tablename on input line 73.
Package scrbase Info: activating english \contentsname on input line 73.
Package scrbase Info: activating english \listfigurename on input line 73.
Package scrbase Info: activating english \listtablename on input line 73.
Package scrbase Info: activating english \bibname on input line 73.
Package scrbase Info: activating english \indexname on input line 73.

Package fontspec Info: 
(fontspec)             Adjusting the maths setup (use [no-math] to avoid
(fontspec)             this).

\symlegacymaths=\mathgroup4
LaTeX Font Info:    Overwriting symbol font `legacymaths' in version `bold'
(Font)                  OT1/cmr/m/n --> OT1/cmr/bx/n on input line 73.
LaTeX Font Info:    Redeclaring math accent \acute on input line 73.
LaTeX Font Info:    Redeclaring math accent \grave on input line 73.
LaTeX Font Info:    Redeclaring math accent \ddot on input line 73.
LaTeX Font Info:    Redeclaring math accent \tilde on input line 73.
LaTeX Font Info:    Redeclaring math accent \bar on input line 73.
LaTeX Font Info:    Redeclaring math accent \breve on input line 73.
LaTeX Font Info:    Redeclaring math accent \check on input line 73.
LaTeX Font Info:    Redeclaring math accent \hat on input line 73.
LaTeX Font Info:    Redeclaring math accent \dot on input line 73.
LaTeX Font Info:    Redeclaring math accent \mathring on input line 73.
LaTeX Font Info:    Redeclaring math symbol \colon on input line 73.
LaTeX Font Info:    Redeclaring math symbol \Gamma on input line 73.
LaTeX Font Info:    Redeclaring math symbol \Delta on input line 73.
LaTeX Font Info:    Redeclaring math symbol \Theta on input line 73.
LaTeX Font Info:    Redeclaring math symbol \Lambda on input line 73.
LaTeX Font Info:    Redeclaring math symbol \Xi on input line 73.
LaTeX Font Info:    Redeclaring math symbol \Pi on input line 73.
LaTeX Font Info:    Redeclaring math symbol \Sigma on input line 73.
LaTeX Font Info:    Redeclaring math symbol \Upsilon on input line 73.
LaTeX Font Info:    Redeclaring math symbol \Phi on input line 73.
LaTeX Font Info:    Redeclaring math symbol \Psi on input line 73.
LaTeX Font Info:    Redeclaring math symbol \Omega on input line 73.
LaTeX Font Info:    Redeclaring math symbol \mathdollar on input line 73.
LaTeX Font Info:    Redeclaring symbol font `operators' on input line 73.
LaTeX Font Info:    Encoding `OT1' has changed to `TU' for symbol font
(Font)              `operators' in the math version `normal' on input line 73.
LaTeX Font Info:    Overwriting symbol font `operators' in version `normal'
(Font)                  OT1/cmr/m/n --> TU/lmr/m/n on input line 73.
LaTeX Font Info:    Encoding `OT1' has changed to `TU' for symbol font
(Font)              `operators' in the math version `bold' on input line 73.
LaTeX Font Info:    Overwriting symbol font `operators' in version `bold'
(Font)                  OT1/cmr/bx/n --> TU/lmr/m/n on input line 73.
LaTeX Font Info:    Overwriting symbol font `operators' in version `normal'
(Font)                  TU/lmr/m/n --> TU/lmr/m/n on input line 73.
LaTeX Font Info:    Overwriting math alphabet `\mathit' in version `normal'
(Font)                  OT1/cmr/m/it --> TU/lmr/m/it on input line 73.
LaTeX Font Info:    Overwriting math alphabet `\mathbf' in version `normal'
(Font)                  OT1/cmr/bx/n --> TU/lmr/b/n on input line 73.
LaTeX Font Info:    Overwriting math alphabet `\mathsf' in version `normal'
(Font)                  OT1/cmss/m/n --> TU/lmss/m/n on input line 73.
LaTeX Font Info:    Overwriting math alphabet `\mathtt' in version `normal'
(Font)                  OT1/cmtt/m/n --> TU/lmtt/m/n on input line 73.
LaTeX Font Info:    Overwriting symbol font `operators' in version `bold'
(Font)                  TU/lmr/m/n --> TU/lmr/b/n on input line 73.
LaTeX Font Info:    Overwriting math alphabet `\mathit' in version `bold'
(Font)                  OT1/cmr/bx/it --> TU/lmr/b/it on input line 73.
LaTeX Font Info:    Overwriting math alphabet `\mathsf' in version `bold'
(Font)                  OT1/cmss/bx/n --> TU/lmss/b/n on input line 73.
LaTeX Font Info:    Overwriting math alphabet `\mathtt' in version `bold'
(Font)                  OT1/cmtt/m/n --> TU/lmtt/b/n on input line 73.
\c@lstlisting=\count372
Package tocbasic Info: setting babel extension for `lol' on input line 73.
\scr@dte@lstlisting@maxnumwidth=\skip74

(C:/Users/Admin/AppData/Local/Programs/MiKTeX/tex/context/base/mkii/supp-pdf.mk
ii
[Loading MPS to PDF converter (version 2006.09.02).]
\scratchcounter=\count373
\scratchdimen=\dimen297
\scratchbox=\box95
\nofMPsegments=\count374
\nofMParguments=\count375
\everyMPshowfont=\toks26
\MPscratchCnt=\count376
\MPscratchDim=\dimen298
\MPnumerator=\count377
\makeMPintoPDFobject=\count378
\everyMPtoPDFconversion=\toks27
)
(C:/Users/Admin/AppData/Local/Programs/MiKTeX/tex/latex/epstopdf-pkg/epstopdf-b
ase.sty
Package: epstopdf-base 2020-01-24 v2.11 Base part for package epstopdf
Package epstopdf-base Info: Redefining graphics rule for `.eps' on input line 4
85.

(C:/Users/Admin/AppData/Local/Programs/MiKTeX/tex/latex/00miktex/epstopdf-sys.c
fg
File: epstopdf-sys.cfg 2021/03/18 v2.0 Configuration of epstopdf for MiKTeX
)) (C:/Users/Admin/AppData/Local/Programs/MiKTeX/tex/latex/graphics/color.sty
Package: color 2025/01/14 v1.3e Standard LaTeX Color (DPC)
(C:/Users/Admin/AppData/Local/Programs/MiKTeX/tex/latex/graphics-cfg/color.cfg
File: color.cfg 2016/01/02 v1.6 sample color configuration
)
Package color Info: Driver file: luatex.def on input line 149.
(C:/Users/Admin/AppData/Local/Programs/MiKTeX/tex/latex/graphics/mathcolor.ltx))
Package hyperref Info: Link coloring ON on input line 73.

*geometry* driver: auto-detecting
*geometry* detected driver: luatex
*geometry* verbose mode - [ preamble ] result:
* driver: luatex
* paper: a4paper
* layout: <same size as paper>
* layoutoffset:(h,v)=(0.0pt,0.0pt)
* modes: 
* h-part:(L,W,R)=(56.9055pt, 483.69687pt, 56.9055pt)
* v-part:(T,H,B)=(85.35826pt, 674.33032pt, 85.35826pt)
* \paperwidth=597.50787pt
* \paperheight=845.04684pt
* \textwidth=483.69687pt
* \textheight=674.33032pt
* \oddsidemargin=-15.36449pt
* \evensidemargin=-15.36449pt
* \topmargin=-24.31174pt
* \headheight=17.0pt
* \headsep=20.40001pt
* \topskip=11.0pt
* \footskip=47.6pt
* \marginparwidth=59.7508pt
* \marginparsep=12.8401pt
* \columnsep=10.0pt
* \skip\footins=10.0pt plus 4.0pt minus 2.0pt
* \hoffset=0.0pt
* \voffset=0.0pt
* \mag=1000
* \@twocolumnfalse
* \@twosidefalse
* \@mparswitchfalse
* \@reversemarginfalse
* (1in=72.27pt=25.4mm, 1cm=28.453pt)

\g__cctab_next_cctab=\catcodetable17


[1

{C:/Users/Admin/AppData/Local/MiKTeX/fonts/map/pdftex/pdftex.map}]
("./SRS - Final.toc"
LaTeX Font Info:    External font `cmex10' loaded for size
(Font)              <10.95> on input line 3.
LaTeX Font Info:    External font `cmex10' loaded for size
(Font)              <8> on input line 3.
LaTeX Font Info:    External font `cmex10' loaded for size
(Font)              <6> on input line 3.


[2

]
Overfull \hbox (1.09496pt too wide) detected at line 55
 [][][]\TU/lmss/bx/n/10.95 113[][]
 []


Overfull \hbox (1.09496pt too wide) detected at line 59
 [][][]\TU/lmss/bx/n/10.95 115[][]
 []


Overfull \hbox (1.09496pt too wide) detected at line 60
 [][][]\TU/lmss/bx/n/10.95 116[][]
 []

)
\tf@toc=\write3

\openout3 = SRS - Final.toc


[3]
chapter 1.


[4

]
chapter 2.
<./diagrams/Context Diagram.jpg, id=135, 1166.3575pt x 925.4575pt>
File: ./diagrams/Context Diagram.jpg Graphic file (type jpg)
<use ./diagrams/Context Diagram.jpg>
Package luatex.def Info: ./diagrams/Context Diagram.jpg  used on input line 123
.
(luatex.def)             Requested size: 386.95897pt x 307.02586pt.


[5


warning  (pdf backend): ignoring duplicate destination with the name 'figure.2.1
'
<./diagrams/Context Diagram.jpg>]

[6]
chapter 3.
<./diagrams/activity_diagrams/UC_01_Sign_Up.png, id=146, 847.165pt x 1356.06625
pt>
File: ./diagrams/activity_diagrams/UC_01_Sign_Up.png Graphic file (type png)
<use ./diagrams/activity_diagrams/UC_01_Sign_Up.png>
Package luatex.def Info: ./diagrams/activity_diagrams/UC_01_Sign_Up.png  used o
n input line 190.
(luatex.def)             Requested size: 386.95897pt x 619.41138pt.


[7


warning  (pdf backend): ignoring duplicate destination with the name 'table.3.1'

]

[8
warning  (pdf backend): ignoring duplicate destination with the name 'figure.3.1
'
<./diagrams/activity_diagrams/UC_01_Sign_Up.png>]

[9]
<./diagrams/activity_diagrams/UC_02_Local_Sign_In.png, id=199, 887.315pt x 722.
7pt>
File: ./diagrams/activity_diagrams/UC_02_Local_Sign_In.png Graphic file (type p
ng)
<use ./diagrams/activity_diagrams/UC_02_Local_Sign_In.png>
Package luatex.def Info: ./diagrams/activity_diagrams/UC_02_Local_Sign_In.png  
used on input line 286.
(luatex.def)             Requested size: 386.95897pt x 315.16594pt.


[10
warning  (pdf backend): ignoring duplicate destination with the name 'table.3.3'

]

[11
warning  (pdf backend): ignoring duplicate destination with the name 'figure.3.2
'
<./diagrams/activity_diagrams/UC_02_Local_Sign_In.png>]
<./diagrams/activity_diagrams/UC_02_Google_Sign_In.png, id=224, 1340.00626pt x 
977.6525pt>
File: ./diagrams/activity_diagrams/UC_02_Google_Sign_In.png Graphic file (type 
png)
<use ./diagrams/activity_diagrams/UC_02_Google_Sign_In.png>
Package luatex.def Info: ./diagrams/activity_diagrams/UC_02_Google_Sign_In.png 
 used on input line 344.
(luatex.def)             Requested size: 483.69687pt x 352.89445pt.


[12]

[13
warning  (pdf backend): ignoring duplicate destination with the name 'figure.3.3
'
<./diagrams/activity_diagrams/UC_02_Google_Sign_In.png>]

[14]

[15]
<./diagrams/activity_diagrams/UC_03_Forgot_Password.png, id=259, 1101.11375pt x
 1287.81125pt>
File: ./diagrams/activity_diagrams/UC_03_Forgot_Password.png Graphic file (type
 png)
<use ./diagrams/activity_diagrams/UC_03_Forgot_Password.png>
Package luatex.def Info: ./diagrams/activity_diagrams/UC_03_Forgot_Password.png
  used on input line 439.
(luatex.def)             Requested size: 338.58632pt x 395.9947pt.


[16
warning  (pdf backend): ignoring duplicate destination with the name 'table.3.6'


warning  (pdf backend): ignoring duplicate destination with the name 'figure.3.4
'
<./diagrams/activity_diagrams/UC_03_Forgot_Password.png>]

[17]

[18]

[19]
<./diagrams/activity_diagrams/UC_04_Manage_Profile.png, id=307, 1050.92625pt x 
834.11626pt>
File: ./diagrams/activity_diagrams/UC_04_Manage_Profile.png Graphic file (type 
png)
<use ./diagrams/activity_diagrams/UC_04_Manage_Profile.png>
Package luatex.def Info: ./diagrams/activity_diagrams/UC_04_Manage_Profile.png 
 used on input line 571.
(luatex.def)             Requested size: 483.69687pt x 383.9145pt.


[20
warning  (pdf backend): ignoring duplicate destination with the name 'table.3.8'


warning  (pdf backend): ignoring duplicate destination with the name 'figure.3.5
'
<./diagrams/activity_diagrams/UC_04_Manage_Profile.png>]

[21]
<./diagrams/activity_diagrams/UC_05_Change_Settings.png, id=348, 605.26125pt x 
658.46pt>
File: ./diagrams/activity_diagrams/UC_05_Change_Settings.png Graphic file (type
 png)
<use ./diagrams/activity_diagrams/UC_05_Change_Settings.png>
Package luatex.def Info: ./diagrams/activity_diagrams/UC_05_Change_Settings.png
  used on input line 666.
(luatex.def)             Requested size: 386.95897pt x 420.97089pt.


[22
warning  (pdf backend): ignoring duplicate destination with the name 'table.3.10
'
]

[23
warning  (pdf backend): ignoring duplicate destination with the name 'figure.3.6
'
<./diagrams/activity_diagrams/UC_05_Change_Settings.png>]

[24]
<./diagrams/activity_diagrams/UC_06_View_Activity_History.png, id=402, 709.6512
5pt x 603.25375pt>
File: ./diagrams/activity_diagrams/UC_06_View_Activity_History.png Graphic file
 (type png)
<use ./diagrams/activity_diagrams/UC_06_View_Activity_History.png>
Package luatex.def Info: ./diagrams/activity_diagrams/UC_06_View_Activity_Histo
ry.png  used on input line 749.
(luatex.def)             Requested size: 435.32422pt x 370.06456pt.


[25
warning  (pdf backend): ignoring duplicate destination with the name 'table.3.12
'

warning  (pdf backend): ignoring duplicate destination with the name 'figure.3.7
'
<./diagrams/activity_diagrams/UC_06_View_Activity_History.png>]

[26]
<./diagrams/activity_diagrams/UC_07_Follow_Unfollow_User.png, id=432, 712.6625p
t x 548.0475pt>
File: ./diagrams/activity_diagrams/UC_07_Follow_Unfollow_User.png Graphic file 
(type png)
<use ./diagrams/activity_diagrams/UC_07_Follow_Unfollow_User.png>
Package luatex.def Info: ./diagrams/activity_diagrams/UC_07_Follow_Unfollow_Use
r.png  used on input line 829.
(luatex.def)             Requested size: 483.69687pt x 371.96492pt.


[27
warning  (pdf backend): ignoring duplicate destination with the name 'table.3.14
'
]

[28
warning  (pdf backend): ignoring duplicate destination with the name 'figure.3.8
'
<./diagrams/activity_diagrams/UC_07_Follow_Unfollow_User.png>]
<./diagrams/activity_diagrams/UC_08_Browse_Post.png, id=446, 519.9425pt x 548.0
475pt>
File: ./diagrams/activity_diagrams/UC_08_Browse_Post.png Graphic file (type png
)
<use ./diagrams/activity_diagrams/UC_08_Browse_Post.png>
Package luatex.def Info: ./diagrams/activity_diagrams/UC_08_Browse_Post.png  us
ed on input line 885.
(luatex.def)             Requested size: 386.95897pt x 407.87358pt.


[29
warning  (pdf backend): ignoring duplicate destination with the name 'table.3.16
'

warning  (pdf backend): ignoring duplicate destination with the name 'figure.3.9
'
<./diagrams/activity_diagrams/UC_08_Browse_Post.png>]

[30]
<./diagrams/activity_diagrams/UC_09_Search_Content.png, id=483, 600.2425pt x 75
1.80875pt>
File: ./diagrams/activity_diagrams/UC_09_Search_Content.png Graphic file (type 
png)
<use ./diagrams/activity_diagrams/UC_09_Search_Content.png>
Package luatex.def Info: ./diagrams/activity_diagrams/UC_09_Search_Content.png 
 used on input line 966.
(luatex.def)             Requested size: 314.40001pt x 393.79924pt.


[31
warning  (pdf backend): ignoring duplicate destination with the name 'table.3.18
'

warning  (pdf backend): ignoring duplicate destination with the name 'figure.3.1
0'
<./diagrams/activity_diagrams/UC_09_Search_Content.png>]

[32]
<./diagrams/activity_diagrams/UC_10_Create_Post.png, id=503, 1084.05pt x 984.67
876pt>
File: ./diagrams/activity_diagrams/UC_10_Create_Post.png Graphic file (type png
)
<use ./diagrams/activity_diagrams/UC_10_Create_Post.png>
Package luatex.def Info: ./diagrams/activity_diagrams/UC_10_Create_Post.png  us
ed on input line 1040.
(luatex.def)             Requested size: 386.95897pt x 351.47908pt.


[33
warning  (pdf backend): ignoring duplicate destination with the name 'table.3.20
'

warning  (pdf backend): ignoring duplicate destination with the name 'figure.3.1
1'
<./diagrams/activity_diagrams/UC_10_Create_Post.png>]

[34]

[35]

[36]
<./diagrams/activity_diagrams/UC_11_Edit_Post.png, id=538, 1002.74625pt x 1256.
695pt>
File: ./diagrams/activity_diagrams/UC_11_Edit_Post.png Graphic file (type png)
<use ./diagrams/activity_diagrams/UC_11_Edit_Post.png>
Package luatex.def Info: ./diagrams/activity_diagrams/UC_11_Edit_Post.png  used
 on input line 1146.
(luatex.def)             Requested size: 314.40001pt x 394.02016pt.


[37
warning  (pdf backend): ignoring duplicate destination with the name 'table.3.22
'

warning  (pdf backend): ignoring duplicate destination with the name 'figure.3.1
2'
<./diagrams/activity_diagrams/UC_11_Edit_Post.png>]

[38]
<./diagrams/activity_diagrams/UC_12_Delete_Post.png, id=564, 734.745pt x 658.46
pt>
File: ./diagrams/activity_diagrams/UC_12_Delete_Post.png Graphic file (type png
)
<use ./diagrams/activity_diagrams/UC_12_Delete_Post.png>
Package luatex.def Info: ./diagrams/activity_diagrams/UC_12_Delete_Post.png  us
ed on input line 1227.
(luatex.def)             Requested size: 338.58632pt x 303.43784pt.


[39
warning  (pdf backend): ignoring duplicate destination with the name 'table.3.24
'
]

[40
warning  (pdf backend): ignoring duplicate destination with the name 'figure.3.1
3'
<./diagrams/activity_diagrams/UC_12_Delete_Post.png>]

[41]
<./diagrams/activity_diagrams/UC_13_Post_Comment.png, id=612, 601.24625pt x 603
.25375pt>
File: ./diagrams/activity_diagrams/UC_13_Post_Comment.png Graphic file (type pn
g)
<use ./diagrams/activity_diagrams/UC_13_Post_Comment.png>
Package luatex.def Info: ./diagrams/activity_diagrams/UC_13_Post_Comment.png  u
sed on input line 1307.
(luatex.def)             Requested size: 386.95897pt x 388.26263pt.


[42
warning  (pdf backend): ignoring duplicate destination with the name 'table.3.26
'
]

[43
warning  (pdf backend): ignoring duplicate destination with the name 'figure.3.1
4'
<./diagrams/activity_diagrams/UC_13_Post_Comment.png>]

[44]
<./diagrams/activity_diagrams/UC_14_Reply_To_Comment.png, id=644, 620.3175pt x 
603.25375pt>
File: ./diagrams/activity_diagrams/UC_14_Reply_To_Comment.png Graphic file (typ
e png)
<use ./diagrams/activity_diagrams/UC_14_Reply_To_Comment.png>
Package luatex.def Info: ./diagrams/activity_diagrams/UC_14_Reply_To_Comment.pn
g  used on input line 1386.
(luatex.def)             Requested size: 290.22107pt x 282.2314pt.


[45
warning  (pdf backend): ignoring duplicate destination with the name 'table.3.28
'
]

[46
warning  (pdf backend): ignoring duplicate destination with the name 'figure.3.1
5'
<./diagrams/activity_diagrams/UC_14_Reply_To_Comment.png>]

[47]
<./diagrams/activity_diagrams/UC_15_Vote_On_Content.png, id=678, 648.4225pt x 6
58.46pt>
File: ./diagrams/activity_diagrams/UC_15_Vote_On_Content.png Graphic file (type
 png)
<use ./diagrams/activity_diagrams/UC_15_Vote_On_Content.png>
Package luatex.def Info: ./diagrams/activity_diagrams/UC_15_Vote_On_Content.png
  used on input line 1463.
(luatex.def)             Requested size: 386.95897pt x 392.94904pt.


[48
warning  (pdf backend): ignoring duplicate destination with the name 'table.3.30
'
]

[49
warning  (pdf backend): ignoring duplicate destination with the name 'figure.3.1
6'
<./diagrams/activity_diagrams/UC_15_Vote_On_Content.png>]

[50]

[51]
<./diagrams/activity_diagrams/UC_16_Participate_In_Poll.png, id=725, 741.77126p
t x 603.25375pt>
File: ./diagrams/activity_diagrams/UC_16_Participate_In_Poll.png Graphic file (
type png)
<use ./diagrams/activity_diagrams/UC_16_Participate_In_Poll.png>
Package luatex.def Info: ./diagrams/activity_diagrams/UC_16_Participate_In_Poll
.png  used on input line 1557.
(luatex.def)             Requested size: 483.69687pt x 393.38057pt.


[52
warning  (pdf backend): ignoring duplicate destination with the name 'table.3.32
'

warning  (pdf backend): ignoring duplicate destination with the name 'figure.3.1
7'
<./diagrams/activity_diagrams/UC_16_Participate_In_Poll.png>]

[53]
<./diagrams/activity_diagrams/UC_17_Save_Post.png, id=754, 533.995pt x 492.8412
5pt>
File: ./diagrams/activity_diagrams/UC_17_Save_Post.png Graphic file (type png)
<use ./diagrams/activity_diagrams/UC_17_Save_Post.png>
Package luatex.def Info: ./diagrams/activity_diagrams/UC_17_Save_Post.png  used
 on input line 1648.
(luatex.def)             Requested size: 386.95897pt x 357.14658pt.


[54
warning  (pdf backend): ignoring duplicate destination with the name 'table.3.34
'
]

[55
warning  (pdf backend): ignoring duplicate destination with the name 'figure.3.1
8'
<./diagrams/activity_diagrams/UC_17_Save_Post.png>]
<./diagrams/activity_diagrams/UC_18_Hide_Post.png, id=775, 428.60126pt x 483.80
75pt>
File: ./diagrams/activity_diagrams/UC_18_Hide_Post.png Graphic file (type png)
<use ./diagrams/activity_diagrams/UC_18_Hide_Post.png>
Package luatex.def Info: ./diagrams/activity_diagrams/UC_18_Hide_Post.png  used
 on input line 1730.
(luatex.def)             Requested size: 386.95897pt x 436.80322pt.


[56
warning  (pdf backend): ignoring duplicate destination with the name 'table.3.36
'
]

[57
warning  (pdf backend): ignoring duplicate destination with the name 'figure.3.1
9'
<./diagrams/activity_diagrams/UC_18_Hide_Post.png>]

[58]
<./diagrams/activity_diagrams/UC_19_Manage_Drafts.png, id=801, 631.35875pt x 76
8.8725pt>
File: ./diagrams/activity_diagrams/UC_19_Manage_Drafts.png Graphic file (type p
ng)
<use ./diagrams/activity_diagrams/UC_19_Manage_Drafts.png>
Package luatex.def Info: ./diagrams/activity_diagrams/UC_19_Manage_Drafts.png  
used on input line 1805.
(luatex.def)             Requested size: 338.58632pt x 412.33408pt.


[59
warning  (pdf backend): ignoring duplicate destination with the name 'table.3.38
'

warning  (pdf backend): ignoring duplicate destination with the name 'figure.3.2
0'
<./diagrams/activity_diagrams/UC_19_Manage_Drafts.png>]

[60]
<./diagrams/activity_diagrams/UC_20_Private_Messaging.png, id=831, 566.115pt x 
704.6325pt>
File: ./diagrams/activity_diagrams/UC_20_Private_Messaging.png Graphic file (ty
pe png)
<use ./diagrams/activity_diagrams/UC_20_Private_Messaging.png>
Package luatex.def Info: ./diagrams/activity_diagrams/UC_20_Private_Messaging.p
ng  used on input line 1897.
(luatex.def)             Requested size: 386.95897pt x 481.64894pt.


[61
warning  (pdf backend): ignoring duplicate destination with the name 'table.3.40
'
]

[62
warning  (pdf backend): ignoring duplicate destination with the name 'figure.3.2
1'
<./diagrams/activity_diagrams/UC_20_Private_Messaging.png>]

[63]

[64]
<./diagrams/activity_diagrams/UC_21_Manage_Notifications.png, id=880, 543.02875
pt x 594.22pt>
File: ./diagrams/activity_diagrams/UC_21_Manage_Notifications.png Graphic file 
(type png)
<use ./diagrams/activity_diagrams/UC_21_Manage_Notifications.png>
Package luatex.def Info: ./diagrams/activity_diagrams/UC_21_Manage_Notification
s.png  used on input line 1999.
(luatex.def)             Requested size: 338.58632pt x 370.51614pt.


[65
warning  (pdf backend): ignoring duplicate destination with the name 'table.3.42
'

warning  (pdf backend): ignoring duplicate destination with the name 'figure.3.2
2'
<./diagrams/activity_diagrams/UC_21_Manage_Notifications.png>]

[66]
<./diagrams/activity_diagrams/UC_22_Report_Violation.png, id=906, 647.41875pt x
 539.01375pt>
File: ./diagrams/activity_diagrams/UC_22_Report_Violation.png Graphic file (typ
e png)
<use ./diagrams/activity_diagrams/UC_22_Report_Violation.png>
Package luatex.def Info: ./diagrams/activity_diagrams/UC_22_Report_Violation.pn
g  used on input line 2089.
(luatex.def)             Requested size: 386.95897pt x 322.16881pt.


[67
warning  (pdf backend): ignoring duplicate destination with the name 'table.3.44
'
]

[68
warning  (pdf backend): ignoring duplicate destination with the name 'figure.3.2
3'
<./diagrams/activity_diagrams/UC_22_Report_Violation.png>]

[69]
<./diagrams/activity_diagrams/UC_23_Create_Community.png, id=946, 661.47125pt x
 594.22pt>
File: ./diagrams/activity_diagrams/UC_23_Create_Community.png Graphic file (typ
e png)
<use ./diagrams/activity_diagrams/UC_23_Create_Community.png>
Package luatex.def Info: ./diagrams/activity_diagrams/UC_23_Create_Community.pn
g  used on input line 2175.
(luatex.def)             Requested size: 386.95897pt x 347.61276pt.


[70
warning  (pdf backend): ignoring duplicate destination with the name 'table.3.46
'

warning  (pdf backend): ignoring duplicate destination with the name 'figure.3.2
4'
<./diagrams/activity_diagrams/UC_23_Create_Community.png>]

[71]
<./diagrams/activity_diagrams/UC_24_Approve_Reject_Post.png, id=971, 790.955pt 
x 658.46pt>
File: ./diagrams/activity_diagrams/UC_24_Approve_Reject_Post.png Graphic file (
type png)
<use ./diagrams/activity_diagrams/UC_24_Approve_Reject_Post.png>
Package luatex.def Info: ./diagrams/activity_diagrams/UC_24_Approve_Reject_Post
.png  used on input line 2272.
(luatex.def)             Requested size: 386.95897pt x 322.13582pt.


[72
warning  (pdf backend): ignoring duplicate destination with the name 'table.3.48
'
]

[73
warning  (pdf backend): ignoring duplicate destination with the name 'figure.3.2
5'
<./diagrams/activity_diagrams/UC_24_Approve_Reject_Post.png>]

[74]
<./diagrams/activity_diagrams/UC_25_Ban_Mute_User.png, id=1007, 591.20876pt x 6
03.25375pt>
File: ./diagrams/activity_diagrams/UC_25_Ban_Mute_User.png Graphic file (type p
ng)
<use ./diagrams/activity_diagrams/UC_25_Ban_Mute_User.png>
Package luatex.def Info: ./diagrams/activity_diagrams/UC_25_Ban_Mute_User.png  
used on input line 2381.
(luatex.def)             Requested size: 386.95897pt x 394.85335pt.


[75
warning  (pdf backend): ignoring duplicate destination with the name 'table.3.50
'
]

[76
warning  (pdf backend): ignoring duplicate destination with the name 'figure.3.2
6'
<./diagrams/activity_diagrams/UC_25_Ban_Mute_User.png>]

[77]
<./diagrams/activity_diagrams/UC_26_Configure_Community.png, id=1048, 664.4825p
t x 483.8075pt>
File: ./diagrams/activity_diagrams/UC_26_Configure_Community.png Graphic file (
type png)
<use ./diagrams/activity_diagrams/UC_26_Configure_Community.png>
Package luatex.def Info: ./diagrams/activity_diagrams/UC_26_Configure_Community
.png  used on input line 2480.
(luatex.def)             Requested size: 386.95897pt x 281.74542pt.


[78
warning  (pdf backend): ignoring duplicate destination with the name 'table.3.52
'
]

[79
warning  (pdf backend): ignoring duplicate destination with the name 'figure.3.2
7'
<./diagrams/activity_diagrams/UC_26_Configure_Community.png>]

[80]
<./diagrams/activity_diagrams/UC_27_Assign_Roles.png, id=1084, 541.02126pt x 53
9.01375pt>
File: ./diagrams/activity_diagrams/UC_27_Assign_Roles.png Graphic file (type pn
g)
<use ./diagrams/activity_diagrams/UC_27_Assign_Roles.png>
Package luatex.def Info: ./diagrams/activity_diagrams/UC_27_Assign_Roles.png  u
sed on input line 2583.
(luatex.def)             Requested size: 338.58632pt x 337.33511pt.


[81
warning  (pdf backend): ignoring duplicate destination with the name 'table.3.54
'
]

[82
warning  (pdf backend): ignoring duplicate destination with the name 'figure.3.2
8'
<./diagrams/activity_diagrams/UC_27_Assign_Roles.png>]

[83]
<./diagrams/activity_diagrams/UC_28_Handle_Global_Reports.png, id=1122, 550.055
pt x 649.42625pt>
File: ./diagrams/activity_diagrams/UC_28_Handle_Global_Reports.png Graphic file
 (type png)
<use ./diagrams/activity_diagrams/UC_28_Handle_Global_Reports.png>
Package luatex.def Info: ./diagrams/activity_diagrams/UC_28_Handle_Global_Repor
ts.png  used on input line 2684.
(luatex.def)             Requested size: 435.32422pt x 513.98251pt.


[84
warning  (pdf backend): ignoring duplicate destination with the name 'table.3.56
'
]

[85
warning  (pdf backend): ignoring duplicate destination with the name 'figure.3.2
9'
<./diagrams/activity_diagrams/UC_28_Handle_Global_Reports.png>]

[86]
<./diagrams/activity_diagrams/UC_29_Manage_Platform.png, id=1162, 537.00626pt x
 594.22pt>
File: ./diagrams/activity_diagrams/UC_29_Manage_Platform.png Graphic file (type
 png)
<use ./diagrams/activity_diagrams/UC_29_Manage_Platform.png>
Package luatex.def Info: ./diagrams/activity_diagrams/UC_29_Manage_Platform.png
  used on input line 2781.
(luatex.def)             Requested size: 435.32422pt x 481.70544pt.


[87
warning  (pdf backend): ignoring duplicate destination with the name 'table.3.58
'
]

[88
warning  (pdf backend): ignoring duplicate destination with the name 'figure.3.3
0'
<./diagrams/activity_diagrams/UC_29_Manage_Platform.png>]

[89]
<./diagrams/activity_diagrams/UC_30_View_Analytics.png, id=1197, 463.7325pt x 4
28.60126pt>
File: ./diagrams/activity_diagrams/UC_30_View_Analytics.png Graphic file (type 
png)
<use ./diagrams/activity_diagrams/UC_30_View_Analytics.png>
Package luatex.def Info: ./diagrams/activity_diagrams/UC_30_View_Analytics.png 
 used on input line 2869.
(luatex.def)             Requested size: 386.95897pt x 357.6486pt.


[90
warning  (pdf backend): ignoring duplicate destination with the name 'table.3.60
'
]

[91
warning  (pdf backend): ignoring duplicate destination with the name 'figure.3.3
1'
<./diagrams/activity_diagrams/UC_30_View_Analytics.png>]

[92]
<./diagrams/Partial data model for LKForum.jpg, id=1226, 1372.12625pt x 818.056
24pt>
File: ./diagrams/Partial data model for LKForum.jpg Graphic file (type jpg)
<use ./diagrams/Partial data model for LKForum.jpg>
Package luatex.def Info: ./diagrams/Partial data model for LKForum.jpg  used on
 input line 2938.
(luatex.def)             Requested size: 483.69687pt x 288.38359pt.


Package tabularray Warning: Table width is too small, need 19.72078pt more!



[93
warning  (pdf backend): ignoring duplicate destination with the name 'figure.3.3
2'
<./diagrams/Partial data model for LKForum.jpg>]
Overfull \hbox (19.72078pt too wide) detected at line 2977
 [] 
 []


Package tabularray Warning: Table width is too small, need 19.72078pt more!



[94]
Overfull \hbox (19.72078pt too wide) detected at line 2995
 [] 
 []


Package tabularray Warning: Table width is too small, need 19.72078pt more!


Overfull \hbox (19.72078pt too wide) detected at line 3020
 [] 
 []


Package tabularray Warning: Table width is too small, need 19.72078pt more!


Overfull \hbox (19.72078pt too wide) detected at line 3040
 [] 
 []


Package tabularray Warning: Table width is too small, need 19.72078pt more!



[95]
Overfull \hbox (19.72078pt too wide) detected at line 3061
 [] 
 []


Package tabularray Warning: Table width is too small, need 19.72078pt more!


Overfull \hbox (19.72078pt too wide) detected at line 3078
 [] 
 []


Package tabularray Warning: Table width is too small, need 19.72078pt more!


Overfull \hbox (19.72078pt too wide) detected at line 3098
 [] 
 []


Package tabularray Warning: Table width is too small, need 19.72078pt more!


Overfull \hbox (19.72078pt too wide) detected at line 3116
 [] 
 []


Package tabularray Warning: Table width is too small, need 19.72078pt more!



[96]
Overfull \hbox (19.72078pt too wide) detected at line 3138
 [] 
 []


Package tabularray Warning: Table width is too small, need 19.72078pt more!


Overfull \hbox (19.72078pt too wide) detected at line 3159
 [] 
 []


Package tabularray Warning: Table width is too small, need 19.72078pt more!


Overfull \hbox (19.72078pt too wide) detected at line 3176
 [] 
 []


Overfull \hbox (6.91386pt too wide) in paragraph at lines 3199--3199
[]\TU/lmr/m/n/10.95 EmailVerification- 
 []


Overfull \hbox (6.91386pt too wide) in paragraph at lines 3199--3199
[]\TU/lmr/m/n/10.95 EmailVerification- 
 []


Overfull \hbox (6.91386pt too wide) in paragraph at lines 3199--3199
[]\TU/lmr/m/n/10.95 EmailVerification- 
 []


Overfull \hbox (6.91386pt too wide) in paragraph at lines 3199--3199
[]\TU/lmr/m/n/10.95 EmailVerification- 
 []


Overfull \hbox (6.91386pt too wide) in paragraph at lines 3199--3199
[]\TU/lmr/m/n/10.95 EmailVerification- 
 []


Overfull \hbox (6.91386pt too wide) in paragraph at lines 3199--3199
[]\TU/lmr/m/n/10.95 EmailVerification- 
 []


Overfull \hbox (6.91386pt too wide) in paragraph at lines 3199--3199
[]\TU/lmr/m/n/10.95 EmailVerification- 
 []


Package tabularray Warning: Table width is too small, need 19.72078pt more!


Overfull \hbox (6.91386pt too wide) in paragraph at lines 3199--3199
[]\TU/lmr/m/n/10.95 EmailVerification- 
 []


Overfull \hbox (19.72078pt too wide) detected at line 3199
 [] 
 []



[97]
Overfull \hbox (6.91386pt too wide) in paragraph at lines 3199--3199
[]\TU/lmr/m/n/10.95 EmailVerification- 
 []


Overfull \hbox (6.91386pt too wide) in paragraph at lines 3199--3199
[]\TU/lmr/m/n/10.95 EmailVerification- 
 []


Overfull \hbox (6.91386pt too wide) in paragraph at lines 3199--3199
[]\TU/lmr/m/n/10.95 EmailVerification- 
 []


Overfull \hbox (6.91386pt too wide) in paragraph at lines 3199--3199
[]\TU/lmr/m/n/10.95 EmailVerification- 
 []


Overfull \hbox (6.91386pt too wide) in paragraph at lines 3199--3199
[]\TU/lmr/m/n/10.95 EmailVerification- 
 []


Overfull \hbox (6.91386pt too wide) in paragraph at lines 3199--3199
[]\TU/lmr/m/n/10.95 EmailVerification- 
 []


Overfull \hbox (19.72078pt too wide) detected at line 3199
 [] 
 []


Package tabularray Warning: Table width is too small, need 19.72078pt more!


Overfull \hbox (19.72078pt too wide) detected at line 3222
 [] 
 []


Package tabularray Warning: Table width is too small, need 19.72078pt more!



[98]
Overfull \hbox (19.72078pt too wide) detected at line 3241
 [] 
 []


Package tabularray Warning: Table width is too small, need 19.72078pt more!


Overfull \hbox (19.72078pt too wide) detected at line 3260
 [] 
 []


Package tabularray Warning: Table width is too small, need 19.72078pt more!


Overfull \hbox (19.72078pt too wide) detected at line 3296
 [] 
 []



[99]
Overfull \hbox (19.72078pt too wide) detected at line 3296
 [] 
 []


Package tabularray Warning: Table width is too small, need 19.72078pt more!


Overfull \hbox (19.72078pt too wide) detected at line 3316
 [] 
 []


Package tabularray Warning: Table width is too small, need 19.72078pt more!



[100]
Overfull \hbox (19.72078pt too wide) detected at line 3334
 [] 
 []


Package tabularray Warning: Table width is too small, need 19.72078pt more!


Overfull \hbox (19.72078pt too wide) detected at line 3355
 [] 
 []


Package tabularray Warning: Table width is too small, need 19.72078pt more!


Overfull \hbox (19.72078pt too wide) detected at line 3377
 [] 
 []


Package tabularray Warning: Table width is too small, need 19.72078pt more!



[101]
Overfull \hbox (19.72078pt too wide) detected at line 3396
 [] 
 []


Package tabularray Warning: Table width is too small, need 19.72078pt more!


Overfull \hbox (19.72078pt too wide) detected at line 3419
 [] 
 []


Package tabularray Warning: Table width is too small, need 19.72078pt more!


Overfull \hbox (19.72078pt too wide) detected at line 3458
 [] 
 []



[102]
Overfull \hbox (19.72078pt too wide) detected at line 3458
 [] 
 []


Package tabularray Warning: Table width is too small, need 19.72078pt more!



[103]
Overfull \hbox (19.72078pt too wide) detected at line 3478
 [] 
 []


Package tabularray Warning: Table width is too small, need 19.72078pt more!


Overfull \hbox (19.72078pt too wide) detected at line 3499
 [] 
 []


Package tabularray Warning: Table width is too small, need 19.72078pt more!


Overfull \hbox (19.72078pt too wide) detected at line 3518
 [] 
 []


Package tabularray Warning: Table width is too small, need 19.72078pt more!



[104]
Overfull \hbox (19.72078pt too wide) detected at line 3536
 [] 
 []


Package tabularray Warning: Table width is too small, need 19.72078pt more!


Overfull \hbox (19.72078pt too wide) detected at line 3558
 [] 
 []


Package tabularray Warning: Table width is too small, need 19.72078pt more!


Overfull \hbox (19.72078pt too wide) detected at line 3583
 [] 
 []



[105]
Overfull \hbox (19.72078pt too wide) detected at line 3583
 [] 
 []


Package tabularray Warning: Table width is too small, need 19.72078pt more!


Overfull \hbox (19.72078pt too wide) detected at line 3602
 [] 
 []


Package tabularray Warning: Table width is too small, need 19.72078pt more!


Overfull \hbox (19.72078pt too wide) detected at line 3627
 [] 
 []


Package tabularray Warning: Table width is too small, need 19.72078pt more!



[106]
Overfull \hbox (19.72078pt too wide) detected at line 3646
 [] 
 []


Package tabularray Warning: Table width is too small, need 19.72078pt more!


Overfull \hbox (19.72078pt too wide) detected at line 3665
 [] 
 []


Package tabularray Warning: Table width is too small, need 19.72078pt more!


Overfull \hbox (19.72078pt too wide) detected at line 3687
 [] 
 []


Package tabularray Warning: Table width is too small, need 19.72078pt more!


Overfull \hbox (19.72078pt too wide) detected at line 3707
 [] 
 []



[107]
Overfull \hbox (19.72078pt too wide) detected at line 3707
 [] 
 []


Package tabularray Warning: Table width is too small, need 19.72078pt more!


Overfull \hbox (19.72078pt too wide) detected at line 3727
 [] 
 []


Package tabularray Warning: Table width is too small, need 19.72078pt more!


Overfull \hbox (19.72078pt too wide) detected at line 3754
 [] 
 []



[108]
Overfull \hbox (19.72078pt too wide) detected at line 3754
 [] 
 []


Package tabularray Warning: Table width is too small, need 19.72078pt more!


Overfull \hbox (19.72078pt too wide) detected at line 3776
 [] 
 []


Package tabularray Warning: Table width is too small, need 19.72078pt more!


Overfull \hbox (19.72078pt too wide) detected at line 3797
 [] 
 []


Package tabularray Warning: Table width is too small, need 19.72078pt more!



[109]
Overfull \hbox (19.72078pt too wide) detected at line 3816
 [] 
 []


Package tabularray Warning: Table width is too small, need 19.72078pt more!


Overfull \hbox (19.72078pt too wide) detected at line 3841
 [] 
 []


Package tabularray Warning: Table width is too small, need 19.72078pt more!


Overfull \hbox (19.72078pt too wide) detected at line 3868
 [] 
 []



[110]
Overfull \hbox (19.72078pt too wide) detected at line 3868
 [] 
 []


Package tabularray Warning: Table width is too small, need 19.72078pt more!


Overfull \hbox (19.72078pt too wide) detected at line 3900
 [] 
 []



[111]
Overfull \hbox (19.72078pt too wide) detected at line 3900
 [] 
 []



[112]
chapter 4.


[113

]

[114]
chapter 5.


[115

]
chapter 6.

Overfull \hbox (2.35516pt too wide) in alignment at lines 3972--3978
[][][]
 []


Overfull \hbox (2.35516pt too wide) in alignment at lines 3978--3984
[][][]
 []


Overfull \hbox (2.35516pt too wide) in alignment at lines 3984--3986
[][][]
 []


Overfull \hbox (2.35516pt too wide) in alignment at lines 3986--3990
[][][]
 []


Overfull \hbox (2.35516pt too wide) in alignment at lines 3990--4078
[][][]
 []

[116

] [117] [118]
Overfull \hbox (43.2904pt too wide) in alignment at lines 4089--4095
[][][]
 []


Overfull \hbox (43.2904pt too wide) in alignment at lines 4095--4101
[][][]
 []


Overfull \hbox (43.2904pt too wide) in alignment at lines 4101--4103
[][][]
 []


Overfull \hbox (43.2904pt too wide) in alignment at lines 4103--4107
[][][]
 []


Overfull \hbox (43.2904pt too wide) in alignment at lines 4107--4172
[][][]
 []

[119] [120] [121]

[122] ("./SRS - Final.aux")
 ***********
LaTeX2e <2025-06-01> patch level 1
L3 programming layer <2025-10-09>
 ***********


LaTeX Warning: There were multiply-defined labels.

)

Here is how much of LuaTeX's memory you used:
 23256 strings out of 476290
 244178,1144653 words of node,token memory allocated
 495 words of node memory still in use:
   3 hlist, 1 vlist, 1 rule, 2 glue, 3 kern, 1 glyph, 6 attribute, 65 glue_spec,
 4 attribute_list, 1 write nodes
   avail lists: 1:4,2:8871,3:2004,4:362,5:667,6:524,7:14996,8:1,9:6366,10:14,11:
652
 44598 multiletter control sequences out of 65536+600000
 38 fonts using 3051783 bytes
 108i,8n,112p,11215b,2699s stack positions out of 10000i,1000n,20000p,200000b,200000s
<c:/users/admin/appdata/local/programs/miktex/fonts/opentype/public/lm/lmmono10-
regular.otf><c:/users/admin/appdata/local/programs/miktex/fonts/opentype/public/
lm/lmroman10-bolditalic.otf><c:/users/admin/appdata/local/programs/miktex/fonts/
opentype/public/lm/lmroman10-bold.otf><c:/users/admin/appdata/local/programs/mik
tex/fonts/opentype/public/lm/lmroman10-italic.otf><c:/users/admin/appdata/local/
programs/miktex/fonts/opentype/public/lm/lmsans10-bold.otf><c:/users/admin/appda
ta/local/programs/miktex/fonts/opentype/public/lm/lmroman10-regular.otf><c:/user
s/admin/appdata/local/programs/miktex/fonts/opentype/public/lm/lmroman12-bold.ot
f>
Output written on SRS - Final.pdf (122 pages, 1906245 bytes).

PDF statistics: 1672 PDF objects out of 1728 (max. 8388607)
 475 named destinations out of 1000 (max. 131072)
 433 words of extra memory for PDF output out of 10000 (max. 100000000)

