This is pdfTeX, Version 3.141592653-2.6-1.40.27 (MiKTeX 25.4) (preloaded format=pdflatex 2025.10.27)  24 MAY 2026 12:30
entering extended mode
 restricted \write18 enabled.
 file:line:error style messages enabled.
 %&-line parsing enabled.
**e:/Github/lkforum/docs/SRS_and_ADD_for_LKForum/SRS/SRS.tex
(e:/Github/lkforum/docs/SRS_and_ADD_for_LKForum/SRS/SRS.tex
LaTeX2e <2025-06-01> patch level 1
L3 programming layer <2025-10-09>
(C:\Users\Admin\AppData\Local\Programs\MiKTeX\tex/latex/koma-script\scrreprt.cls
Document Class: scrreprt 2026/02/02 v3.49.2 KOMA-Script document class (report)
(C:\Users\Admin\AppData\Local\Programs\MiKTeX\tex/latex/koma-script\scrkbase.sty
Package: scrkbase 2026/02/02 v3.49.2 KOMA-Script package (KOMA-Script-dependent basics and keyval usage)
 (C:\Users\Admin\AppData\Local\Programs\MiKTeX\tex/latex/koma-script\scrbase.sty
Package: scrbase 2026/02/02 v3.49.2 KOMA-Script package (KOMA-Script-independent basics and keyval usage)
 (C:\Users\Admin\AppData\Local\Programs\MiKTeX\tex/latex/koma-script\scrlfile.sty
Package: scrlfile 2026/02/02 v3.49.2 KOMA-Script package (file load hooks)
 (C:\Users\Admin\AppData\Local\Programs\MiKTeX\tex/latex/koma-script\scrlfile-hook.sty
Package: scrlfile-hook 2026/02/02 v3.49.2 KOMA-Script package (using LaTeX hooks)
 (C:\Users\Admin\AppData\Local\Programs\MiKTeX\tex/latex/koma-script\scrlogo.sty
Package: scrlogo 2026/02/02 v3.49.2 KOMA-Script package (logo)
))) (C:\Users\Admin\AppData\Local\Programs\MiKTeX\tex/latex/graphics\keyval.sty
Package: keyval 2022/05/29 v1.15 key=value parser (DPC)
\KV@toks@=\toks17
)
Applying: [2021/05/01] Usage of raw or classic option list on input line 254.
Already applied: [0000/00/00] Usage of raw or classic option list on input line 370.
)) (C:\Users\Admin\AppData\Local\Programs\MiKTeX\tex/latex/koma-script\tocbasic.sty
Package: tocbasic 2026/02/02 v3.49.2 KOMA-Script package (handling toc-files)
\scr@dte@tocline@numberwidth=\skip49
\scr@dte@tocline@numbox=\box53
)
Package tocbasic Info: omitting babel extension for `toc'
(tocbasic)             because of feature `nobabel' available
(tocbasic)             for `toc' on input line 143.
Class scrreprt Info: File `scrsize11pt.clo' used instead of
(scrreprt)           file `scrsize11.clo' to setup font sizes on input line 2710.
 (C:\Users\Admin\AppData\Local\Programs\MiKTeX\tex/latex/koma-script\scrsize11pt.clo
File: scrsize11pt.clo 2026/02/02 v3.49.2 KOMA-Script font size class option (11pt)
) (C:\Users\Admin\AppData\Local\Programs\MiKTeX\tex/latex/koma-script\typearea.sty
Package: typearea 2026/02/02 v3.49.2 KOMA-Script package (type area)
\ta@bcor=\skip50
\ta@div=\count275
\ta@hblk=\skip51
\ta@vblk=\skip52
\ta@temp=\skip53
\footheight=\skip54
Package typearea Info: These are the values describing the layout:
(typearea)             DIV  = 10
(typearea)             BCOR = 0.0pt
(typearea)             \paperwidth      = 597.50793pt
(typearea)              \textwidth      = 418.25555pt
(typearea)              DIV departure   = -6%
(typearea)              \evensidemargin = 17.3562pt
(typearea)              \oddsidemargin  = 17.3562pt
(typearea)             \paperheight     = 845.04694pt
(typearea)              \textheight     = 595.80026pt
(typearea)              \topmargin      = -25.16531pt
(typearea)              \headheight     = 17.0pt
(typearea)              \headsep        = 20.40001pt
(typearea)              \topskip        = 11.0pt
(typearea)              \footskip       = 47.6pt
(typearea)              \baselineskip   = 13.6pt
(typearea)              on input line 1810.
)
\c@part=\count276
\c@chapter=\count277
\c@section=\count278
\c@subsection=\count279
\c@subsubsection=\count280
\c@paragraph=\count281
\c@subparagraph=\count282
\scr@dte@chapter@maxnumwidth=\skip55
Class scrreprt Info: using compatibility default `afterindent=bysign'
(scrreprt)           for `\chapter on input line 5934.
\scr@dte@section@maxnumwidth=\skip56
Class scrreprt Info: using compatibility default `runin=bysign'
(scrreprt)           for `\section on input line 5945.
Class scrreprt Info: using compatibility default `afterindent=bysign'
(scrreprt)           for `\section on input line 5945.
\scr@dte@part@maxnumwidth=\skip57
Class scrreprt Info: using compatibility default `afterindent=true'
(scrreprt)           for `\part on input line 5954.
\scr@dte@subsection@maxnumwidth=\skip58
Class scrreprt Info: using compatibility default `runin=bysign'
(scrreprt)           for `\subsection on input line 5964.
Class scrreprt Info: using compatibility default `afterindent=bysign'
(scrreprt)           for `\subsection on input line 5964.
\scr@dte@subsubsection@maxnumwidth=\skip59
Class scrreprt Info: using compatibility default `runin=bysign'
(scrreprt)           for `\subsubsection on input line 5974.
Class scrreprt Info: using compatibility default `afterindent=bysign'
(scrreprt)           for `\subsubsection on input line 5974.
\scr@dte@paragraph@maxnumwidth=\skip60
Class scrreprt Info: using compatibility default `runin=bysign'
(scrreprt)           for `\paragraph on input line 5985.
Class scrreprt Info: using compatibility default `afterindent=bysign'
(scrreprt)           for `\paragraph on input line 5985.
\scr@dte@subparagraph@maxnumwidth=\skip61
Class scrreprt Info: using compatibility default `runin=bysign'
(scrreprt)           for `\subparagraph on input line 5995.
Class scrreprt Info: using compatibility default `afterindent=bysign'
(scrreprt)           for `\subparagraph on input line 5995.
\abovecaptionskip=\skip62
\belowcaptionskip=\skip63
\c@pti@nb@sid@b@x=\box54
Package tocbasic Info: omitting babel extension for `lof'
(tocbasic)             because of feature `nobabel' available
(tocbasic)             for `lof' on input line 7225.
\scr@dte@figure@maxnumwidth=\skip64
\c@figure=\count283
Package tocbasic Info: omitting babel extension for `lot'
(tocbasic)             because of feature `nobabel' available
(tocbasic)             for `lot' on input line 7238.
\scr@dte@table@maxnumwidth=\skip65
\c@table=\count284
Class scrreprt Info: Redefining `\numberline' on input line 7409.
\bibindent=\dimen148
) (C:\Users\Admin\AppData\Local\Programs\MiKTeX\tex/generic/iftex\iftex.sty
Package: iftex 2024/12/12 v1.0g TeX engine tests
) (C:\Users\Admin\AppData\Local\Programs\MiKTeX\tex/latex/listings\listings.sty
\lst@mode=\count285
\lst@gtempboxa=\box55
\lst@token=\toks18
\lst@length=\count286
\lst@currlwidth=\dimen149
\lst@column=\count287
\lst@pos=\count288
\lst@lostspace=\dimen150
\lst@width=\dimen151
\lst@newlines=\count289
\lst@lineno=\count290
\lst@maxwidth=\dimen152
 (C:\Users\Admin\AppData\Local\Programs\MiKTeX\tex/latex/listings\lstpatch.sty
File: lstpatch.sty 2024/09/23 1.10c (Carsten Heinz)
) (C:\Users\Admin\AppData\Local\Programs\MiKTeX\tex/latex/listings\lstmisc.sty
File: lstmisc.sty 2024/09/23 1.10c (Carsten Heinz)
\c@lstnumber=\count291
\lst@skipnumbers=\count292
\lst@framebox=\box56
) (C:\Users\Admin\AppData\Local\Programs\MiKTeX\tex/latex/listings\listings.cfg
File: listings.cfg 2024/09/23 1.10c listings configuration
))
Package: listings 2024/09/23 1.10c (Carsten Heinz)
 (C:\Users\Admin\AppData\Local\Programs\MiKTeX\tex/latex/underscore\underscore.sty
Package: underscore 2006/09/13
LaTeX Info: Redefining \_ on input line 42.
)
==> First Aid for underscore.sty applied!
(C:\Users\Admin\AppData\Local\Programs\MiKTeX\tex/latex/firstaid\underscore-ltx.sty
Package: underscore-ltx 2023/09/20 LaTeX firstaid to make underscore protected 
) (C:\Users\Admin\AppData\Local\Programs\MiKTeX\tex/latex/graphics\graphicx.sty
Package: graphicx 2024/12/31 v1.2e Enhanced LaTeX Graphics (DPC,SPQR)
 (C:\Users\Admin\AppData\Local\Programs\MiKTeX\tex/latex/graphics\graphics.sty
Package: graphics 2024/08/06 v1.4g Standard LaTeX Graphics (DPC,SPQR)
 (C:\Users\Admin\AppData\Local\Programs\MiKTeX\tex/latex/graphics\trig.sty
Package: trig 2023/12/02 v1.11 sin cos tan (DPC)
) (C:\Users\Admin\AppData\Local\Programs\MiKTeX\tex/latex/graphics-cfg\graphics.cfg
File: graphics.cfg 2016/06/04 v1.11 sample graphics configuration
)
Package graphics Info: Driver file: pdftex.def on input line 106.
 (C:\Users\Admin\AppData\Local\Programs\MiKTeX\tex/latex/graphics-def\pdftex.def
File: pdftex.def 2025/09/29 v1.2d Graphics/color driver for pdftex
))
\Gin@req@height=\dimen153
\Gin@req@width=\dimen154
) (C:\Users\Admin\AppData\Local\Programs\MiKTeX\tex/latex/hyperref\hyperref.sty
Package: hyperref 2025-07-12 v7.01o Hypertext links for LaTeX
 (C:\Users\Admin\AppData\Local\Programs\MiKTeX\tex/latex/kvsetkeys\kvsetkeys.sty
Package: kvsetkeys 2022-10-05 v1.19 Key value parser (HO)
) (C:\Users\Admin\AppData\Local\Programs\MiKTeX\tex/generic/kvdefinekeys\kvdefinekeys.sty
Package: kvdefinekeys 2019-12-19 v1.6 Define keys (HO)
) (C:\Users\Admin\AppData\Local\Programs\MiKTeX\tex/generic/pdfescape\pdfescape.sty
Package: pdfescape 2019/12/09 v1.15 Implements pdfTeX's escape features (HO)
 (C:\Users\Admin\AppData\Local\Programs\MiKTeX\tex/generic/ltxcmds\ltxcmds.sty
Package: ltxcmds 2023-12-04 v1.26 LaTeX kernel commands for general use (HO)
) (C:\Users\Admin\AppData\Local\Programs\MiKTeX\tex/generic/pdftexcmds\pdftexcmds.sty
Package: pdftexcmds 2020-06-27 v0.33 Utility functions of pdfTeX for LuaTeX (HO)
 (C:\Users\Admin\AppData\Local\Programs\MiKTeX\tex/generic/infwarerr\infwarerr.sty
Package: infwarerr 2019/12/03 v1.5 Providing info/warning/error messages (HO)
)
Package pdftexcmds Info: \pdf@primitive is available.
Package pdftexcmds Info: \pdf@ifprimitive is available.
Package pdftexcmds Info: \pdfdraftmode found.
)) (C:\Users\Admin\AppData\Local\Programs\MiKTeX\tex/latex/hycolor\hycolor.sty
Package: hycolor 2020-01-27 v1.10 Color options for hyperref/bookmark (HO)
) (C:\Users\Admin\AppData\Local\Programs\MiKTeX\tex/latex/hyperref\nameref.sty
Package: nameref 2025-06-21 v2.57 Cross-referencing by name of section
 (C:\Users\Admin\AppData\Local\Programs\MiKTeX\tex/latex/refcount\refcount.sty
Package: refcount 2019/12/15 v3.6 Data extraction from label references (HO)
) (C:\Users\Admin\AppData\Local\Programs\MiKTeX\tex/generic/gettitlestring\gettitlestring.sty
Package: gettitlestring 2019/12/15 v1.6 Cleanup title references (HO)
 (C:\Users\Admin\AppData\Local\Programs\MiKTeX\tex/latex/kvoptions\kvoptions.sty
Package: kvoptions 2022-06-15 v3.15 Key value format for package options (HO)
))
\c@section@level=\count293
) (C:\Users\Admin\AppData\Local\Programs\MiKTeX\tex/latex/etoolbox\etoolbox.sty
Package: etoolbox 2025/10/02 v2.5m e-TeX tools for LaTeX (JAW)
\etb@tempcnta=\count294
) (C:\Users\Admin\AppData\Local\Programs\MiKTeX\tex/generic/stringenc\stringenc.sty
Package: stringenc 2019/11/29 v1.12 Convert strings between diff. encodings (HO)
)
\@linkdim=\dimen155
\Hy@linkcounter=\count295
\Hy@pagecounter=\count296
 (C:\Users\Admin\AppData\Local\Programs\MiKTeX\tex/latex/hyperref\pd1enc.def
File: pd1enc.def 2025-07-12 v7.01o Hyperref: PDFDocEncoding definition (HO)
Now handling font encoding PD1 ...
... no UTF-8 mapping file for font encoding PD1
) (C:\Users\Admin\AppData\Local\Programs\MiKTeX\tex/generic/intcalc\intcalc.sty
Package: intcalc 2019/12/15 v1.3 Expandable calculations with integers (HO)
)
\Hy@SavedSpaceFactor=\count297
 (C:\Users\Admin\AppData\Local\Programs\MiKTeX\tex/latex/hyperref\puenc.def
File: puenc.def 2025-07-12 v7.01o Hyperref: PDF Unicode definition (HO)
Now handling font encoding PU ...
... no UTF-8 mapping file for font encoding PU
)
Package hyperref Info: Option `bookmarks' set `true' on input line 4066.
Package hyperref Info: Hyper figures OFF on input line 4195.
Package hyperref Info: Link nesting OFF on input line 4200.
Package hyperref Info: Hyper index ON on input line 4203.
Package hyperref Info: Plain pages OFF on input line 4210.
Package hyperref Info: Backreferencing OFF on input line 4215.
Package hyperref Info: Implicit mode ON; LaTeX internals redefined.
Package hyperref Info: Bookmarks ON on input line 4462.
\c@Hy@tempcnt=\count298
 (C:\Users\Admin\AppData\Local\Programs\MiKTeX\tex/latex/url\url.sty
\Urlmuskip=\muskip17
Package: url 2013/09/16  ver 3.4  Verb mode for urls, etc.
)
LaTeX Info: Redefining \url on input line 4801.
\XeTeXLinkMargin=\dimen156
 (C:\Users\Admin\AppData\Local\Programs\MiKTeX\tex/generic/bitset\bitset.sty
Package: bitset 2019/12/09 v1.3 Handle bit-vector datatype (HO)
 (C:\Users\Admin\AppData\Local\Programs\MiKTeX\tex/generic/bigintcalc\bigintcalc.sty
Package: bigintcalc 2019/12/15 v1.5 Expandable calculations on big integers (HO)
))
\Fld@menulength=\count299
\Field@Width=\dimen157
\Fld@charsize=\dimen158
Package hyperref Info: Hyper figures OFF on input line 6078.
Package hyperref Info: Link nesting OFF on input line 6083.
Package hyperref Info: Hyper index ON on input line 6086.
Package hyperref Info: backreferencing OFF on input line 6093.
Package hyperref Info: Link coloring OFF on input line 6098.
Package hyperref Info: Link coloring with OCG OFF on input line 6103.
Package hyperref Info: PDF/A mode OFF on input line 6108.
\Hy@abspage=\count300
\c@Item=\count301
\c@Hfootnote=\count302
)
Package hyperref Info: Driver (autodetected): hpdftex.
 (C:\Users\Admin\AppData\Local\Programs\MiKTeX\tex/latex/hyperref\hpdftex.def
File: hpdftex.def 2025-07-12 v7.01o Hyperref driver for pdfTeX
\Fld@listcount=\count303
\c@bookmark@seq@number=\count304
 (C:\Users\Admin\AppData\Local\Programs\MiKTeX\tex/latex/rerunfilecheck\rerunfilecheck.sty
Package: rerunfilecheck 2025-06-21 v1.11 Rerun checks for auxiliary files (HO)
 (C:\Users\Admin\AppData\Local\Programs\MiKTeX\tex/generic/uniquecounter\uniquecounter.sty
Package: uniquecounter 2019/12/15 v1.4 Provide unlimited unique counter (HO)
)
Package uniquecounter Info: New unique counter `rerunfilecheck' on input line 284.
)
\Hy@SectionHShift=\skip66
) (C:\Users\Admin\AppData\Local\Programs\MiKTeX\tex/latex/cmap\cmap.sty
Package: cmap 2021/02/06 v1.0j CMap support: searchable PDF
) (C:\Users\Admin\AppData\Local\Programs\MiKTeX\tex/latex/base\fontenc.sty
Package: fontenc 2024/12/21 v2.1c Standard LaTeX package
 (C:\Users\Admin\AppData\Local\Programs\MiKTeX\tex/latex/vntex\t5enc.def
File: t5enc.def 2006/11/21 v1.4 Vietnamese T5 encoding
Now handling font encoding T5 ...
... processing UTF-8 mapping file for font encoding T5
 (C:\Users\Admin\AppData\Local\Programs\MiKTeX\tex/latex/vntex\t5enc.dfu
File: t5enc.dfu 2006/08/19 v1.1 UTF8 support for Vietnamese
   defining Unicode char U+00AB (decimal 171)
   defining Unicode char U+00BB (decimal 187)
   defining Unicode char U+00C0 (decimal 192)
   defining Unicode char U+00C1 (decimal 193)
   defining Unicode char U+00C2 (decimal 194)
   defining Unicode char U+00C3 (decimal 195)
   defining Unicode char U+00C8 (decimal 200)
   defining Unicode char U+00C9 (decimal 201)
   defining Unicode char U+00CA (decimal 202)
   defining Unicode char U+00CC (decimal 204)
   defining Unicode char U+00CD (decimal 205)
   defining Unicode char U+00D2 (decimal 210)
   defining Unicode char U+00D3 (decimal 211)
   defining Unicode char U+00D4 (decimal 212)
   defining Unicode char U+00D5 (decimal 213)
   defining Unicode char U+00D9 (decimal 217)
   defining Unicode char U+00DA (decimal 218)
   defining Unicode char U+00DD (decimal 221)
   defining Unicode char U+00E0 (decimal 224)
   defining Unicode char U+00E1 (decimal 225)
   defining Unicode char U+00E2 (decimal 226)
   defining Unicode char U+00E3 (decimal 227)
   defining Unicode char U+00E8 (decimal 232)
   defining Unicode char U+00E9 (decimal 233)
   defining Unicode char U+00EA (decimal 234)
   defining Unicode char U+00EC (decimal 236)
   defining Unicode char U+00ED (decimal 237)
   defining Unicode char U+00F2 (decimal 242)
   defining Unicode char U+00F3 (decimal 243)
   defining Unicode char U+00F4 (decimal 244)
   defining Unicode char U+00F5 (decimal 245)
   defining Unicode char U+00F9 (decimal 249)
   defining Unicode char U+00FA (decimal 250)
   defining Unicode char U+00FD (decimal 253)
   defining Unicode char U+0102 (decimal 258)
   defining Unicode char U+0103 (decimal 259)
   defining Unicode char U+0110 (decimal 272)
   defining Unicode char U+0111 (decimal 273)
   defining Unicode char U+0128 (decimal 296)
   defining Unicode char U+0129 (decimal 297)
   defining Unicode char U+0131 (decimal 305)
   defining Unicode char U+0168 (decimal 360)
   defining Unicode char U+0169 (decimal 361)
   defining Unicode char U+01A0 (decimal 416)
   defining Unicode char U+01A1 (decimal 417)
   defining Unicode char U+01AF (decimal 431)
   defining Unicode char U+01B0 (decimal 432)
   defining Unicode char U+1EA0 (decimal 7840)
   defining Unicode char U+1EA1 (decimal 7841)
   defining Unicode char U+1EA2 (decimal 7842)
   defining Unicode char U+1EA3 (decimal 7843)
   defining Unicode char U+1EA4 (decimal 7844)
   defining Unicode char U+1EA5 (decimal 7845)
   defining Unicode char U+1EA6 (decimal 7846)
   defining Unicode char U+1EA7 (decimal 7847)
   defining Unicode char U+1EA8 (decimal 7848)
   defining Unicode char U+1EA9 (decimal 7849)
   defining Unicode char U+1EAA (decimal 7850)
   defining Unicode char U+1EAB (decimal 7851)
   defining Unicode char U+1EAC (decimal 7852)
   defining Unicode char U+1EAD (decimal 7853)
   defining Unicode char U+1EAE (decimal 7854)
   defining Unicode char U+1EAF (decimal 7855)
   defining Unicode char U+1EB0 (decimal 7856)
   defining Unicode char U+1EB1 (decimal 7857)
   defining Unicode char U+1EB2 (decimal 7858)
   defining Unicode char U+1EB3 (decimal 7859)
   defining Unicode char U+1EB4 (decimal 7860)
   defining Unicode char U+1EB5 (decimal 7861)
   defining Unicode char U+1EB6 (decimal 7862)
   defining Unicode char U+1EB7 (decimal 7863)
   defining Unicode char U+1EB8 (decimal 7864)
   defining Unicode char U+1EB9 (decimal 7865)
   defining Unicode char U+1EBA (decimal 7866)
   defining Unicode char U+1EBB (decimal 7867)
   defining Unicode char U+1EBC (decimal 7868)
   defining Unicode char U+1EBD (decimal 7869)
   defining Unicode char U+1EBE (decimal 7870)
   defining Unicode char U+1EBF (decimal 7871)
   defining Unicode char U+1EC0 (decimal 7872)
   defining Unicode char U+1EC1 (decimal 7873)
   defining Unicode char U+1EC2 (decimal 7874)
   defining Unicode char U+1EC3 (decimal 7875)
   defining Unicode char U+1EC4 (decimal 7876)
   defining Unicode char U+1EC5 (decimal 7877)
   defining Unicode char U+1EC6 (decimal 7878)
   defining Unicode char U+1EC7 (decimal 7879)
   defining Unicode char U+1EC8 (decimal 7880)
   defining Unicode char U+1EC9 (decimal 7881)
   defining Unicode char U+1ECA (decimal 7882)
   defining Unicode char U+1ECB (decimal 7883)
   defining Unicode char U+1ECC (decimal 7884)
   defining Unicode char U+1ECD (decimal 7885)
   defining Unicode char U+1ECE (decimal 7886)
   defining Unicode char U+1ECF (decimal 7887)
   defining Unicode char U+1ED0 (decimal 7888)
   defining Unicode char U+1ED1 (decimal 7889)
   defining Unicode char U+1ED2 (decimal 7890)
   defining Unicode char U+1ED3 (decimal 7891)
   defining Unicode char U+1ED4 (decimal 7892)
   defining Unicode char U+1ED5 (decimal 7893)
   defining Unicode char U+1ED6 (decimal 7894)
   defining Unicode char U+1ED7 (decimal 7895)
   defining Unicode char U+1ED8 (decimal 7896)
   defining Unicode char U+1ED9 (decimal 7897)
   defining Unicode char U+1EDA (decimal 7898)
   defining Unicode char U+1EDB (decimal 7899)
   defining Unicode char U+1EDC (decimal 7900)
   defining Unicode char U+1EDD (decimal 7901)
   defining Unicode char U+1EDE (decimal 7902)
   defining Unicode char U+1EDF (decimal 7903)
   defining Unicode char U+1EE0 (decimal 7904)
   defining Unicode char U+1EE1 (decimal 7905)
   defining Unicode char U+1EE2 (decimal 7906)
   defining Unicode char U+1EE3 (decimal 7907)
   defining Unicode char U+1EE4 (decimal 7908)
   defining Unicode char U+1EE5 (decimal 7909)
   defining Unicode char U+1EE6 (decimal 7910)
   defining Unicode char U+1EE7 (decimal 7911)
   defining Unicode char U+1EE8 (decimal 7912)
   defining Unicode char U+1EE9 (decimal 7913)
   defining Unicode char U+1EEA (decimal 7914)
   defining Unicode char U+1EEB (decimal 7915)
   defining Unicode char U+1EEC (decimal 7916)
   defining Unicode char U+1EED (decimal 7917)
   defining Unicode char U+1EEE (decimal 7918)
   defining Unicode char U+1EEF (decimal 7919)
   defining Unicode char U+1EF0 (decimal 7920)
   defining Unicode char U+1EF1 (decimal 7921)
   defining Unicode char U+1EF2 (decimal 7922)
   defining Unicode char U+1EF3 (decimal 7923)
   defining Unicode char U+1EF4 (decimal 7924)
   defining Unicode char U+1EF5 (decimal 7925)
   defining Unicode char U+1EF6 (decimal 7926)
   defining Unicode char U+1EF7 (decimal 7927)
   defining Unicode char U+1EF8 (decimal 7928)
   defining Unicode char U+1EF9 (decimal 7929)
   defining Unicode char U+200C (decimal 8204)
   defining Unicode char U+2013 (decimal 8211)
   defining Unicode char U+2014 (decimal 8212)
   defining Unicode char U+2018 (decimal 8216)
   defining Unicode char U+2019 (decimal 8217)
   defining Unicode char U+201A (decimal 8218)
   defining Unicode char U+201C (decimal 8220)
   defining Unicode char U+201D (decimal 8221)
   defining Unicode char U+201E (decimal 8222)
   defining Unicode char U+2030 (decimal 8240)
   defining Unicode char U+2031 (decimal 8241)
   defining Unicode char U+2039 (decimal 8249)
   defining Unicode char U+203A (decimal 8250)
   defining Unicode char U+2423 (decimal 9251)
))
LaTeX Font Info:    Trying to load font information for T5+cmr on input line 116.
 (C:\Users\Admin\AppData\Local\Programs\MiKTeX\tex/latex/vntex\t5cmr.fd
File: t5cmr.fd 1999/05/25 v2.5h Standard LaTeX font definitions
)<<t5.cmap>>) (C:\Users\Admin\AppData\Local\Programs\MiKTeX\tex/latex/base\inputenc.sty
Package: inputenc 2024/02/08 v1.3d Input encoding file
\inpenc@prehook=\toks19
\inpenc@posthook=\toks20
) (C:\Users\Admin\AppData\Local\Programs\MiKTeX\tex/generic/babel\babel.sty
Package: babel 2025/10/22 v25.14 The multilingual framework for LuaLaTeX, pdfLaTeX and XeLaTeX
\babel@savecnt=\count305
LaTeX Encoding Info:    Redeclaring text command \ij (encoding OT1) on input line 2050.
LaTeX Encoding Info:    Redeclaring text command \IJ (encoding OT1) on input line 2052.
LaTeX Encoding Info:    Redeclaring text command \ij (encoding T1) on input line 2054.
LaTeX Encoding Info:    Redeclaring text command \IJ (encoding T1) on input line 2055.
LaTeX Encoding Info:    Ignoring declaration for text command \ij (encoding ?) on input line 2056.
LaTeX Encoding Info:    Ignoring declaration for text command \IJ (encoding ?) on input line 2058.
LaTeX Encoding Info:    Ignoring declaration for text command \SS (encoding ?) on input line 2083.
\U@D=\dimen159
\l@unhyphenated=\language79
 (C:\Users\Admin\AppData\Local\Programs\MiKTeX\tex/generic/babel\txtbabel.def)
\bbl@readstream=\read2
\bbl@dirlevel=\count306


Package babel Warning: Configuration files are deprecated, as
(babel)                they can break document portability.
(babel)                Reported on input line 4172.

*************************************
* Local config file bblopts.cfg used
*
(C:\Users\Admin\AppData\Local\Programs\MiKTeX\tex/latex/arabi\bblopts.cfg
File: bblopts.cfg 2005/09/08 v0.1 add Arabic and Farsi to "declared" options of babel
) (C:\Users\Admin\AppData\Local\Programs\MiKTeX\tex/generic/babel/locale/en\babel-english.tex)
Package babel Info: Importing font and identification data for english
(babel)             from babel-en.ini. Reported on input line 4295.
 (C:\Users\Admin\AppData\Local\Programs\MiKTeX\tex/latex/babel-english\english.ldf
Language: english 2017/06/06 v3.3r English support from the babel system
Package babel Info: Hyphen rules for 'canadian' set to \l@english
(babel)             (\language0). Reported on input line 102.
Package babel Info: Hyphen rules for 'australian' set to \l@ukenglish
(babel)             (\language73). Reported on input line 105.
Package babel Info: Hyphen rules for 'newzealand' set to \l@ukenglish
(babel)             (\language73). Reported on input line 108.
)) (C:\Users\Admin\AppData\Local\Programs\MiKTeX\tex/latex/float\float.sty
Package: float 2001/11/08 v1.3d Float enhancements (AL)
\c@float@type=\count307
\float@exts=\toks21
\float@box=\box57
\@float@everytoks=\toks22
\@floatcapt=\box58
) (C:\Users\Admin\AppData\Local\Programs\MiKTeX\tex/latex/enumitem\enumitem.sty
Package: enumitem 2025/02/06 v3.11 Customized lists
\labelindent=\skip67
\enit@outerparindent=\dimen160
\enit@toks=\toks23
\enit@inbox=\box59
\enit@count@id=\count308
\enitdp@description=\count309
) (C:\Users\Admin\AppData\Local\Programs\MiKTeX\tex/latex/pdflscape\pdflscape.sty
Package: pdflscape 2022-10-27 v0.13 Display of landscape pages in PDF
 (C:\Users\Admin\AppData\Local\Programs\MiKTeX\tex/latex/pdflscape\pdflscape-nometadata.sty
Package: pdflscape-nometadata 2022-10-28 v0.13 Display of landscape pages in PDF (HO)
 (C:\Users\Admin\AppData\Local\Programs\MiKTeX\tex/latex/graphics\lscape.sty
Package: lscape 2020/05/28 v3.02 Landscape Pages (DPC)
)
Package pdflscape Info: Auto-detected driver: pdftex on input line 81.
)) (C:\Users\Admin\AppData\Local\Programs\MiKTeX\tex/latex/tools\array.sty
Package: array 2025/06/08 v2.6j Tabular extension package (FMi)
\col@sep=\dimen161
\ar@mcellbox=\box60
\extrarowheight=\dimen162
\NC@list=\toks24
\extratabsurround=\skip68
\backup@length=\skip69
\ar@cellbox=\box61
) (C:\Users\Admin\AppData\Local\Programs\MiKTeX\tex/latex/tools\longtable.sty
Package: longtable 2024-12-18 v4.23 Multi-page Table package (DPC)
\LTleft=\skip70
\LTright=\skip71
\LTpre=\skip72
\LTpost=\skip73
\LTchunksize=\count310
\LTcapwidth=\dimen163
\LT@head=\box62
\LT@firsthead=\box63
\LT@foot=\box64
\LT@lastfoot=\box65
\LT@gbox=\box66
\LT@cols=\count311
\LT@rows=\count312
\c@LT@tables=\count313
\c@LT@chunks=\count314
\LT@p@ftn=\toks25
)
Class scrreprt Info: longtable captions redefined on input line 24.
 (C:\Users\Admin\AppData\Local\Programs\MiKTeX\tex/latex/tabularray\tabularray.sty
Package: tabularray 2025-08-29 v2025B Typeset tabulars and arrays with LaTeX3
\l__tblr_a_int=\count315
\l__tblr_c_int=\count316
\l__tblr_r_int=\count317
\l__tblr_d_dim=\dimen164
\l__tblr_h_dim=\dimen165
\l__tblr_o_dim=\dimen166
\l__tblr_p_dim=\dimen167
\l__tblr_q_dim=\dimen168
\l__tblr_r_dim=\dimen169
\l__tblr_s_dim=\dimen170
\l__tblr_t_dim=\dimen171
\l__tblr_v_dim=\dimen172
\l__tblr_w_dim=\dimen173
\l__tblr_a_box=\box67
\l__tblr_b_box=\box68
\l__tblr_c_box=\box69
\l__tblr_d_box=\box70
\c@tblrcount=\count318
\c@rownum=\count319
\c@colnum=\count320
\c@rowcount=\count321
\c@colcount=\count322
\abovesep=\dimen174
\belowsep=\dimen175
\leftsep=\dimen176
\rightsep=\dimen177
\gTblrLevelInt=\count323
\g__tblr_data_row_key_count_int=\count324
\g__tblr_data_column_key_count_int=\count325
\g__tblr_data_cell_key_count_int=\count326
\g__tblr_array_int=\count327
\l__tblr_key_count_int=\count328
\l__tblr_key_quotient_int=\count329
\l__tblr_key_quotient_two_int=\count330
\l__tblr_key_remainder_int=\count331
\g__tblr_data_str_value_count_int=\count332
\lTblrChildTotalInt=\count333
\lTblrChildHtotalInt=\count334
\lTblrChildVtotalInt=\count335
\l__child_diff_h_int=\count336
\l__child_diff_v_int=\count337
\l__child_sign_h_int=\count338
\l__child_sign_v_int=\count339
\l__child_step_int=\count340
\lTblrDefaultHruleWidthDim=\dimen178
\lTblrDefaultVruleWidthDim=\dimen179
\l__tblr_split_balance_int=\count341
\l__tblr_strut_dp_dim=\dimen180
\l__tblr_strut_ht_dim=\dimen181
\g__tblr_cell_wd_dim=\dimen182
\g__tblr_cell_ht_dim=\dimen183
\g__tblr_cell_head_dim=\dimen184
\g__tblr_cell_foot_dim=\dimen185
\l__tblr_measured_cell_box=\box71
\g__tblr_last_box=\box72
\l__tblr_temp_box=\box73
\l__tblr_column_target_dim=\dimen186
\l__tblr_hfuzz_dim=\dimen187
\l__tblr_caption_box=\box74
\l__tblr_caption_left_box=\box75
\lTblrRowHeadInt=\count342
\lTblrRowFootInt=\count343
\l__tblr_row_head_box=\box76
\l__tblr_row_foot_box=\box77
\l__tblr_row_head_foot_dim=\dimen188
\lTblrTableWidthDim=\dimen189
\l__tblr_table_firsthead_box=\box78
\l__tblr_table_middlehead_box=\box79
\l__tblr_table_lasthead_box=\box80
\l__tblr_table_firstfoot_box=\box81
\l__tblr_table_middlefoot_box=\box82
\l__tblr_table_lastfoot_box=\box83
\l__tblr_remain_height_dim=\dimen190
\l__tblr_long_from_int=\count344
\l__tblr_long_to_int=\count345
\l__tblr_curr_i_int=\count346
\l__tblr_prev_i_int=\count347
\lTblrTablePageInt=\count348
\l__tblr_table_head_box=\box84
\l__tblr_table_foot_box=\box85
\l__tblr_table_head_foot_dim=\dimen191
\l__tblr_table_head_body_foot_dim=\dimen192
\l__tblr_table_box=\box86
\lTblrRowFirstInt=\count349
\lTblrRowLastInt=\count350
\l__tblr_table_hlines_box=\box87
\l__tblr_hline_box=\box88
\l__tblr_row_box=\box89
\l__tblr_col_o_wd_dim=\dimen193
\l__tblr_col_b_wd_dim=\dimen194
\l__tblr_hline_leftskip_dim=\dimen195
\l__tblr_hline_rightskip_dim=\dimen196
\l__tblr_row_ht_dim=\dimen197
\l__tblr_row_dp_dim=\dimen198
\l__tblr_row_abovesep_dim=\dimen199
\l__tblr_row_belowsep_dim=\dimen256
\l__tblr_row_vlines_box=\box90
\l__tblr_vline_box=\box91
\l__tblr_cell_box=\box92
\l__tblr_row_upper_dim=\dimen257
\l__tblr_row_lower_dim=\dimen258
\l__tblr_row_vpace_dim=\dimen259
\l__tblr_vline_aboveskip_dim=\dimen260
\l__tblr_vline_belowskip_dim=\dimen261
\lTblrCellRowSpanInt=\count351
\lTblrCellColSpanInt=\count352
\l__tblr_cell_wd_dim=\dimen262
\l__tblr_cell_ht_dim=\dimen263
\lTblrCellAboveBorderWidthDim=\dimen264
\lTblrCellBelowBorderWidthDim=\dimen265
\lTblrCellLeftBorderWidthDim=\dimen266
\lTblrCellRightBorderWidthDim=\dimen267
\l__tblr_diag_box=\box93
\l__tblr_cell_inner_wd_dim=\dimen268
\l__tblr_cell_inner_dp_dim=\dimen269
\l__tblr_cell_hanchor_dim=\dimen270
\l__tblr_last_cell_table_ht_dim=\dimen271
\l__tblr_last_cell_table_dp_dim=\dimen272
\l__tblr_last_vline_wd_dim=\dimen273
\l__tblr_tikz_node_box=\box94
) (C:\Users\Admin\AppData\Local\Programs\MiKTeX\tex/latex/booktabs\booktabs.sty
Package: booktabs 2020/01/12 v1.61803398 Publication quality tables
\heavyrulewidth=\dimen274
\lightrulewidth=\dimen275
\cmidrulewidth=\dimen276
\belowrulesep=\dimen277
\belowbottomsep=\dimen278
\aboverulesep=\dimen279
\abovetopsep=\dimen280
\cmidrulesep=\dimen281
\cmidrulekern=\dimen282
\defaultaddspace=\dimen283
\@cmidla=\count353
\@cmidlb=\count354
\@aboverulesep=\dimen284
\@belowrulesep=\dimen285
\@thisruleclass=\count355
\@lastruleclass=\count356
\@thisrulewidth=\dimen286
) (C:\Users\Admin\AppData\Local\Programs\MiKTeX\tex/latex/geometry\geometry.sty
Package: geometry 2020/01/02 v5.9 Page Geometry
 (C:\Users\Admin\AppData\Local\Programs\MiKTeX\tex/generic/iftex\ifvtex.sty
Package: ifvtex 2019/10/25 v1.7 ifvtex legacy package. Use iftex instead.
)
\Gm@cnth=\count357
\Gm@cntv=\count358
\c@Gm@tempcnt=\count359
\Gm@bindingoffset=\dimen287
\Gm@wd@mp=\dimen288
\Gm@odd@mp=\dimen289
\Gm@even@mp=\dimen290
\Gm@layoutwidth=\dimen291
\Gm@layoutheight=\dimen292
\Gm@layouthoffset=\dimen293
\Gm@layoutvoffset=\dimen294
\Gm@dimlist=\toks26
 (C:\Users\Admin\AppData\Local\Programs\MiKTeX\tex/latex/geometry\geometry.cfg))

Package hyperref Warning: Option `bookmarks' has already been used,
(hyperref)                setting the option has no effect on input line 62.

Package hyperref Info: Option `colorlinks' set `true' on input line 62.
\c@appendixmsgcode=\count360
\c@appendixerrcode=\count361
Class scrreprt Info: loading recommended package `bookmark'.
(scrreprt)           Using `bookmark' together with `hyperref' is recommended,
(scrreprt)           because of handling of possible bookmark level gaps.
(scrreprt)           You can avoid loading `bookmark' with KOMA-Script option
(scrreprt)           `bookmarkpackage=false' before \begin{document} and
(scrreprt)           you can avoid this message adding:
(scrreprt)             \usepackage{bookmark}
(scrreprt)           before \begin{document} on input line 81.
(C:\Users\Admin\AppData\Local\Programs\MiKTeX\tex/latex/bookmark\bookmark.sty
Package: bookmark 2023-12-10 v1.31 PDF bookmarks (HO)
 (C:\Users\Admin\AppData\Local\Programs\MiKTeX\tex/latex/bookmark\bkm-pdftex.def
File: bkm-pdftex.def 2023-12-10 v1.31 bookmark driver for pdfTeX and luaTeX (HO)
\BKM@id=\count362
)) (C:\Users\Admin\AppData\Local\Programs\MiKTeX\tex/latex/l3backend\l3backend-pdftex.def
File: l3backend-pdftex.def 2025-10-09 L3 backend support: PDF output (pdfTeX)
\l__color_backend_stack_int=\count363
) (SRS.aux

LaTeX Warning: Label `tab:data_dictionary_image' multiply defined.


LaTeX Warning: Label `tab:data_dictionary_video' multiply defined.

)
\openout1 = `SRS.aux'.

LaTeX Font Info:    Checking defaults for OML/cmm/m/it on input line 81.
LaTeX Font Info:    ... okay on input line 81.
LaTeX Font Info:    Checking defaults for OMS/cmsy/m/n on input line 81.
LaTeX Font Info:    ... okay on input line 81.
LaTeX Font Info:    Checking defaults for OT1/cmr/m/n on input line 81.
LaTeX Font Info:    ... okay on input line 81.
LaTeX Font Info:    Checking defaults for T1/cmr/m/n on input line 81.
LaTeX Font Info:    ... okay on input line 81.
LaTeX Font Info:    Checking defaults for TS1/cmr/m/n on input line 81.
LaTeX Font Info:    ... okay on input line 81.
LaTeX Font Info:    Checking defaults for OMX/cmex/m/n on input line 81.
LaTeX Font Info:    ... okay on input line 81.
LaTeX Font Info:    Checking defaults for U/cmr/m/n on input line 81.
LaTeX Font Info:    ... okay on input line 81.
LaTeX Font Info:    Checking defaults for PD1/pdf/m/n on input line 81.
LaTeX Font Info:    ... okay on input line 81.
LaTeX Font Info:    Checking defaults for PU/pdf/m/n on input line 81.
LaTeX Font Info:    ... okay on input line 81.
LaTeX Font Info:    Checking defaults for T5/cmr/m/n on input line 81.
LaTeX Font Info:    ... okay on input line 81.
Package scrbase Info: activating english \abstractname on input line 81.
Package scrbase Info: activating english \partname on input line 81.
Package scrbase Info: activating english \chaptername on input line 81.
Package scrbase Info: activating english \appendixname on input line 81.
Package scrbase Info: activating english \figurename on input line 81.
Package scrbase Info: activating english \tablename on input line 81.
Package scrbase Info: activating english \contentsname on input line 81.
Package scrbase Info: activating english \listfigurename on input line 81.
Package scrbase Info: activating english \listtablename on input line 81.
Package scrbase Info: activating english \bibname on input line 81.
Package scrbase Info: activating english \indexname on input line 81.
\c@lstlisting=\count364
Package tocbasic Info: setting babel extension for `lol' on input line 81.
\scr@dte@lstlisting@maxnumwidth=\skip74
 (C:\Users\Admin\AppData\Local\Programs\MiKTeX\tex/context/base/mkii\supp-pdf.mkii
[Loading MPS to PDF converter (version 2006.09.02).]
\scratchcounter=\count365
\scratchdimen=\dimen295
\scratchbox=\box95
\nofMPsegments=\count366
\nofMParguments=\count367
\everyMPshowfont=\toks27
\MPscratchCnt=\count368
\MPscratchDim=\dimen296
\MPnumerator=\count369
\makeMPintoPDFobject=\count370
\everyMPtoPDFconversion=\toks28
) (C:\Users\Admin\AppData\Local\Programs\MiKTeX\tex/latex/epstopdf-pkg\epstopdf-base.sty
Package: epstopdf-base 2020-01-24 v2.11 Base part for package epstopdf
Package epstopdf-base Info: Redefining graphics rule for `.eps' on input line 485.
 (C:\Users\Admin\AppData\Local\Programs\MiKTeX\tex/latex/00miktex\epstopdf-sys.cfg
File: epstopdf-sys.cfg 2021/03/18 v2.0 Configuration of epstopdf for MiKTeX
)) (C:\Users\Admin\AppData\Local\Programs\MiKTeX\tex/latex/graphics\color.sty
Package: color 2025/01/14 v1.3e Standard LaTeX Color (DPC)
 (C:\Users\Admin\AppData\Local\Programs\MiKTeX\tex/latex/graphics-cfg\color.cfg
File: color.cfg 2016/01/02 v1.6 sample color configuration
)
Package color Info: Driver file: pdftex.def on input line 149.
 (C:\Users\Admin\AppData\Local\Programs\MiKTeX\tex/latex/graphics\mathcolor.ltx))
Package hyperref Info: Link coloring ON on input line 81.

*geometry* driver: auto-detecting
*geometry* detected driver: pdftex
*geometry* verbose mode - [ preamble ] result:
* driver: pdftex
* paper: a4paper
* layout: <same size as paper>
* layoutoffset:(h,v)=(0.0pt,0.0pt)
* modes: 
* h-part:(L,W,R)=(56.9055pt, 483.69687pt, 56.9055pt)
* v-part:(T,H,B)=(85.35826pt, 674.33032pt, 85.35826pt)
* \paperwidth=597.50787pt
* \paperheight=845.04684pt
* \textwidth=483.69687pt
* \textheight=674.33032pt
* \oddsidemargin=-15.36449pt
* \evensidemargin=-15.36449pt
* \topmargin=-24.31174pt
* \headheight=17.0pt
* \headsep=20.40001pt
* \topskip=11.0pt
* \footskip=47.6pt
* \marginparwidth=59.7508pt
* \marginparsep=12.8401pt
* \columnsep=10.0pt
* \skip\footins=10.0pt plus 4.0pt minus 2.0pt
* \hoffset=0.0pt
* \voffset=0.0pt
* \mag=1000
* \@twocolumnfalse
* \@twosidefalse
* \@mparswitchfalse
* \@reversemarginfalse
* (1in=72.27pt=25.4mm, 1cm=28.453pt)



[1

{C:/Users/Admin/AppData/Local/MiKTeX/fonts/map/pdftex/pdftex.map}]
LaTeX Font Info:    Trying to load font information for T5+cmss on input line 102.
 (C:\Users\Admin\AppData\Local\Programs\MiKTeX\tex/latex/vntex\t5cmss.fd
File: t5cmss.fd 1999/05/25 v2.5h Standard LaTeX font definitions
) (SRS.toc<<ot1.cmap>><<oml.cmap>><<oms.cmap>>
LaTeX Font Info:    External font `cmex10' loaded for size
(Font)              <10.95> on input line 3.
<<omx.cmap>>
LaTeX Font Info:    External font `cmex10' loaded for size
(Font)              <8> on input line 3.
LaTeX Font Info:    External font `cmex10' loaded for size
(Font)              <6> on input line 3.


[2

])
\tf@toc=\write3
\openout3 = `SRS.toc'.



[3]
chapter 1.


[4

]
chapter 2.
<./diagrams/Context Diagram.jpg, id=137, 1166.3575pt x 925.4575pt>
File: ./diagrams/Context Diagram.jpg Graphic file (type jpg)
<use ./diagrams/Context Diagram.jpg>
Package pdftex.def Info: ./diagrams/Context Diagram.jpg  used on input line 124.
(pdftex.def)             Requested size: 386.95897pt x 307.02586pt.


[5


pdfTeX warning (ext4): destination with the same identifier (name{figure.2.1}) has been already used, duplicate ignored
<argument> ...shipout:D \box_use:N \l_shipout_box 
                                                  \__shipout_drop_firstpage_...
l.142     \item[\textbf{CO-2:}]
                                The system must use a standard MongoDB NoSQL... <./diagrams/Context Diagram.jpg>]

[6]
chapter 3.
<./diagrams/activity_diagrams/UC_01_Sign_Up.png, id=148, 847.165pt x 1356.06625pt>
File: ./diagrams/activity_diagrams/UC_01_Sign_Up.png Graphic file (type png)
<use ./diagrams/activity_diagrams/UC_01_Sign_Up.png>
Package pdftex.def Info: ./diagrams/activity_diagrams/UC_01_Sign_Up.png  used on input line 191.
(pdftex.def)             Requested size: 386.95897pt x 619.41138pt.


[7


pdfTeX warning (ext4): destination with the same identifier (name{table.3.1}) has been already used, duplicate ignored
<argument> ...shipout:D \box_use:N \l_shipout_box 
                                                  \__shipout_drop_firstpage_...
l.195 
      ]
Overfull \hbox (1.98434pt too wide) in paragraph at lines 262--262
 []\T5/cmr/bx/n/10.95 Activity 
 []


Overfull \hbox (1.98434pt too wide) in paragraph at lines 262--262
 []\T5/cmr/bx/n/10.95 Activity 
 []



[8
pdfTeX warning (ext4): destination with the same identifier (name{figure.3.1}) has been already used, duplicate ignored
<argument> ...shipout:D \box_use:N \l_shipout_box 
                                                  \__shipout_drop_firstpage_...
l.262 \end
          {longtblr} <./diagrams/activity_diagrams/UC_01_Sign_Up.png (PNG copy)>]

[9]
<./diagrams/activity_diagrams/UC_02_Local_Sign_In.png, id=202, 887.315pt x 722.7pt>
File: ./diagrams/activity_diagrams/UC_02_Local_Sign_In.png Graphic file (type png)
<use ./diagrams/activity_diagrams/UC_02_Local_Sign_In.png>
Package pdftex.def Info: ./diagrams/activity_diagrams/UC_02_Local_Sign_In.png  used on input line 287.
(pdftex.def)             Requested size: 386.95897pt x 315.16594pt.


[10
pdfTeX warning (ext4): destination with the same identifier (name{table.3.3}) has been already used, duplicate ignored
<argument> ...shipout:D \box_use:N \l_shipout_box 
                                                  \__shipout_drop_firstpage_...
l.291 
      ]
Overfull \hbox (1.98434pt too wide) in paragraph at lines 340--340
 []\T5/cmr/bx/n/10.95 Activity 
 []

LaTeX Font Info:    Trying to load font information for T5+cmtt on input line 340.
(C:\Users\Admin\AppData\Local\Programs\MiKTeX\tex/latex/vntex\t5cmtt.fd
File: t5cmtt.fd 1999/05/25 v2.5h Standard LaTeX font definitions
)
Overfull \hbox (16.57156pt too wide) in paragraph at lines 340--340
\T5/cmr/bx/it/10.95 bcrypt.CompareHashAndPassword()\T5/cmr/m/n/10.95 .  
 []


Overfull \hbox (1.98434pt too wide) in paragraph at lines 340--340
 []\T5/cmr/bx/n/10.95 Activity 
 []



[11
pdfTeX warning (ext4): destination with the same identifier (name{figure.3.2}) has been already used, duplicate ignored
<argument> ...shipout:D \box_use:N \l_shipout_box 
                                                  \__shipout_drop_firstpage_...
l.340 \end
          {longtblr} <./diagrams/activity_diagrams/UC_02_Local_Sign_In.png (PNG copy)>]
Overfull \hbox (16.57156pt too wide) in paragraph at lines 340--340
\T5/cmr/bx/it/10.95 bcrypt.CompareHashAndPassword()\T5/cmr/m/n/10.95 .  
 []

<./diagrams/activity_diagrams/UC_02_Google_Sign_In.png, id=226, 1340.00626pt x 977.6525pt>
File: ./diagrams/activity_diagrams/UC_02_Google_Sign_In.png Graphic file (type png)
<use ./diagrams/activity_diagrams/UC_02_Google_Sign_In.png>
Package pdftex.def Info: ./diagrams/activity_diagrams/UC_02_Google_Sign_In.png  used on input line 345.
(pdftex.def)             Requested size: 386.95897pt x 282.31854pt.


[12]
Overfull \hbox (1.98434pt too wide) in paragraph at lines 413--413
 []\T5/cmr/bx/n/10.95 Activity 
 []


Overfull \hbox (1.98434pt too wide) in paragraph at lines 413--413
 []\T5/cmr/bx/n/10.95 Activity 
 []



[13
pdfTeX warning (ext4): destination with the same identifier (name{figure.3.3}) has been already used, duplicate ignored
<argument> ...shipout:D \box_use:N \l_shipout_box 
                                                  \__shipout_drop_firstpage_...
l.413 \end
          {longtblr} <./diagrams/activity_diagrams/UC_02_Google_Sign_In.png (PNG copy)>]

[14]

[15]
<./diagrams/activity_diagrams/UC_03_Forgot_Password.png, id=260, 1101.11375pt x 1287.81125pt>
File: ./diagrams/activity_diagrams/UC_03_Forgot_Password.png Graphic file (type png)
<use ./diagrams/activity_diagrams/UC_03_Forgot_Password.png>
Package pdftex.def Info: ./diagrams/activity_diagrams/UC_03_Forgot_Password.png  used on input line 440.
(pdftex.def)             Requested size: 338.58632pt x 395.9947pt.

Overfull \hbox (1.98434pt too wide) in paragraph at lines 546--546
 []\T5/cmr/bx/n/10.95 Activity 
 []


Overfull \hbox (1.98434pt too wide) in paragraph at lines 546--546
 []\T5/cmr/bx/n/10.95 Activity 
 []



[16
pdfTeX warning (ext4): destination with the same identifier (name{table.3.6}) has been already used, duplicate ignored
<argument> ...shipout:D \box_use:N \l_shipout_box 
                                                  \__shipout_drop_firstpage_...
l.546 \end
          {longtblr}
pdfTeX warning (ext4): destination with the same identifier (name{figure.3.4}) has been already used, duplicate ignored
<argument> ...shipout:D \box_use:N \l_shipout_box 
                                                  \__shipout_drop_firstpage_...
l.546 \end
          {longtblr} <./diagrams/activity_diagrams/UC_03_Forgot_Password.png (PNG copy)>]

[17]

[18]

[19]
<./diagrams/activity_diagrams/UC_04_Manage_Profile.png, id=306, 1050.92625pt x 834.11626pt>
File: ./diagrams/activity_diagrams/UC_04_Manage_Profile.png Graphic file (type png)
<use ./diagrams/activity_diagrams/UC_04_Manage_Profile.png>
Package pdftex.def Info: ./diagrams/activity_diagrams/UC_04_Manage_Profile.png  used on input line 572.
(pdftex.def)             Requested size: 386.95897pt x 307.12906pt.

Overfull \hbox (1.98434pt too wide) in paragraph at lines 632--632
 []\T5/cmr/bx/n/10.95 Activity 
 []


Overfull \hbox (1.98434pt too wide) in paragraph at lines 632--632
 []\T5/cmr/bx/n/10.95 Activity 
 []



[20
pdfTeX warning (ext4): destination with the same identifier (name{table.3.8}) has been already used, duplicate ignored
<argument> ...shipout:D \box_use:N \l_shipout_box 
                                                  \__shipout_drop_firstpage_...
l.632 \end
          {longtblr}
pdfTeX warning (ext4): destination with the same identifier (name{figure.3.5}) has been already used, duplicate ignored
<argument> ...shipout:D \box_use:N \l_shipout_box 
                                                  \__shipout_drop_firstpage_...
l.632 \end
          {longtblr} <./diagrams/activity_diagrams/UC_04_Manage_Profile.png (PNG copy)>]

[21]
<./diagrams/activity_diagrams/UC_05_Change_Settings.png, id=360, 605.26125pt x 658.46pt>
File: ./diagrams/activity_diagrams/UC_05_Change_Settings.png Graphic file (type png)
<use ./diagrams/activity_diagrams/UC_05_Change_Settings.png>
Package pdftex.def Info: ./diagrams/activity_diagrams/UC_05_Change_Settings.png  used on input line 658.
(pdftex.def)             Requested size: 338.58632pt x 368.34325pt.

Overfull \hbox (1.98434pt too wide) in paragraph at lines 711--711
 []\T5/cmr/bx/n/10.95 Activity 
 []


Overfull \hbox (1.98434pt too wide) in paragraph at lines 711--711
 []\T5/cmr/bx/n/10.95 Activity 
 []



[22
pdfTeX warning (ext4): destination with the same identifier (name{table.3.10}) has been already used, duplicate ignored
<argument> ...shipout:D \box_use:N \l_shipout_box 
                                                  \__shipout_drop_firstpage_...
l.711 \end
          {longtblr}
pdfTeX warning (ext4): destination with the same identifier (name{figure.3.6}) has been already used, duplicate ignored
<argument> ...shipout:D \box_use:N \l_shipout_box 
                                                  \__shipout_drop_firstpage_...
l.711 \end
          {longtblr} <./diagrams/activity_diagrams/UC_05_Change_Settings.png (PNG copy)>]
<./diagrams/activity_diagrams/UC_06_View_Activity_History.png, id=383, 709.65125pt x 603.25375pt>
File: ./diagrams/activity_diagrams/UC_06_View_Activity_History.png Graphic file (type png)
<use ./diagrams/activity_diagrams/UC_06_View_Activity_History.png>
Package pdftex.def Info: ./diagrams/activity_diagrams/UC_06_View_Activity_History.png  used on input line 737.
(pdftex.def)             Requested size: 386.95897pt x 328.94627pt.


[23
pdfTeX warning (ext4): destination with the same identifier (name{table.3.12}) has been already used, duplicate ignored
<argument> ...shipout:D \box_use:N \l_shipout_box 
                                                  \__shipout_drop_firstpage_...
l.741 
      ]
Overfull \hbox (1.98434pt too wide) in paragraph at lines 781--781
 []\T5/cmr/bx/n/10.95 Activity 
 []


Overfull \hbox (1.98434pt too wide) in paragraph at lines 781--781
 []\T5/cmr/bx/n/10.95 Activity 
 []



[24
pdfTeX warning (ext4): destination with the same identifier (name{figure.3.7}) has been already used, duplicate ignored
<argument> ...shipout:D \box_use:N \l_shipout_box 
                                                  \__shipout_drop_firstpage_...
l.781 \end
          {longtblr} <./diagrams/activity_diagrams/UC_06_View_Activity_History.png (PNG copy)>]
<./diagrams/activity_diagrams/UC_07_Follow_Unfollow_User.png, id=412, 712.6625pt x 548.0475pt>
File: ./diagrams/activity_diagrams/UC_07_Follow_Unfollow_User.png Graphic file (type png)
<use ./diagrams/activity_diagrams/UC_07_Follow_Unfollow_User.png>
Package pdftex.def Info: ./diagrams/activity_diagrams/UC_07_Follow_Unfollow_User.png  used on input line 807.
(pdftex.def)             Requested size: 386.95897pt x 297.57193pt.


[25
pdfTeX warning (ext4): destination with the same identifier (name{table.3.14}) has been already used, duplicate ignored
<argument> ...shipout:D \box_use:N \l_shipout_box 
                                                  \__shipout_drop_firstpage_...
l.811 
      ]
Overfull \hbox (1.98434pt too wide) in paragraph at lines 844--844
 []\T5/cmr/bx/n/10.95 Activity 
 []


Overfull \hbox (1.98434pt too wide) in paragraph at lines 844--844
 []\T5/cmr/bx/n/10.95 Activity 
 []



[26
pdfTeX warning (ext4): destination with the same identifier (name{figure.3.8}) has been already used, duplicate ignored
<argument> ...shipout:D \box_use:N \l_shipout_box 
                                                  \__shipout_drop_firstpage_...
l.866 
       <./diagrams/activity_diagrams/UC_07_Follow_Unfollow_User.png (PNG copy)>]
<./diagrams/activity_diagrams/UC_08_Browse_Content.png, id=428, 812.03375pt x 807.015pt>
File: ./diagrams/activity_diagrams/UC_08_Browse_Content.png Graphic file (type png)
<use ./diagrams/activity_diagrams/UC_08_Browse_Content.png>
Package pdftex.def Info: ./diagrams/activity_diagrams/UC_08_Browse_Content.png  used on input line 870.
(pdftex.def)             Requested size: 386.95897pt x 384.5675pt.

Overfull \hbox (1.98434pt too wide) in paragraph at lines 916--916
 []\T5/cmr/bx/n/10.95 Activity 
 []


Overfull \hbox (1.98434pt too wide) in paragraph at lines 916--916
 []\T5/cmr/bx/n/10.95 Activity 
 []



[27
pdfTeX warning (ext4): destination with the same identifier (name{table.3.16}) has been already used, duplicate ignored
<argument> ...shipout:D \box_use:N \l_shipout_box 
                                                  \__shipout_drop_firstpage_...
l.916 \end
          {longtblr}
pdfTeX warning (ext4): destination with the same identifier (name{figure.3.9}) has been already used, duplicate ignored
<argument> ...shipout:D \box_use:N \l_shipout_box 
                                                  \__shipout_drop_firstpage_...
l.916 \end
          {longtblr} <./diagrams/activity_diagrams/UC_08_Browse_Content.png (PNG copy)>]
<./diagrams/activity_diagrams/UC_09_Search_Content.png, id=449, 600.2425pt x 751.80875pt>
File: ./diagrams/activity_diagrams/UC_09_Search_Content.png Graphic file (type png)
<use ./diagrams/activity_diagrams/UC_09_Search_Content.png>
Package pdftex.def Info: ./diagrams/activity_diagrams/UC_09_Search_Content.png  used on input line 942.
(pdftex.def)             Requested size: 386.95897pt x 484.67775pt.


[28
pdfTeX warning (ext4): destination with the same identifier (name{table.3.18}) has been already used, duplicate ignored
<argument> ...shipout:D \box_use:N \l_shipout_box 
                                                  \__shipout_drop_firstpage_...
l.946 
      ]
Overfull \hbox (1.98434pt too wide) in paragraph at lines 986--986
 []\T5/cmr/bx/n/10.95 Activity 
 []


Overfull \hbox (1.98434pt too wide) in paragraph at lines 986--986
 []\T5/cmr/bx/n/10.95 Activity 
 []



[29
pdfTeX warning (ext4): destination with the same identifier (name{figure.3.10}) has been already used, duplicate ignored
<argument> ...shipout:D \box_use:N \l_shipout_box 
                                                  \__shipout_drop_firstpage_...
l.986 \end
          {longtblr} <./diagrams/activity_diagrams/UC_09_Search_Content.png (PNG copy)>]
<./diagrams/activity_diagrams/UC_10_Create_Post.png, id=476, 1084.05pt x 984.67876pt>
File: ./diagrams/activity_diagrams/UC_10_Create_Post.png Graphic file (type png)
<use ./diagrams/activity_diagrams/UC_10_Create_Post.png>
Package pdftex.def Info: ./diagrams/activity_diagrams/UC_10_Create_Post.png  used on input line 1012.
(pdftex.def)             Requested size: 386.95897pt x 351.47908pt.


[30
pdfTeX warning (ext4): destination with the same identifier (name{table.3.20}) has been already used, duplicate ignored
<argument> ...shipout:D \box_use:N \l_shipout_box 
                                                  \__shipout_drop_firstpage_...
l.1016 
       ]
Overfull \hbox (1.98434pt too wide) in paragraph at lines 1070--1070
 []\T5/cmr/bx/n/10.95 Activity 
 []


Overfull \hbox (1.98434pt too wide) in paragraph at lines 1070--1070
 []\T5/cmr/bx/n/10.95 Activity 
 []



[31
pdfTeX warning (ext4): destination with the same identifier (name{figure.3.11}) has been already used, duplicate ignored
<argument> ...shipout:D \box_use:N \l_shipout_box 
                                                  \__shipout_drop_firstpage_...
l.1070 \end
           {longtblr} <./diagrams/activity_diagrams/UC_10_Create_Post.png (PNG copy)>]
<./diagrams/activity_diagrams/UC_11_Edit_Post.png, id=502, 1002.74625pt x 1256.695pt>
File: ./diagrams/activity_diagrams/UC_11_Edit_Post.png Graphic file (type png)
<use ./diagrams/activity_diagrams/UC_11_Edit_Post.png>
Package pdftex.def Info: ./diagrams/activity_diagrams/UC_11_Edit_Post.png  used on input line 1096.
(pdftex.def)             Requested size: 386.95897pt x 484.95085pt.


[32
pdfTeX warning (ext4): destination with the same identifier (name{table.3.22}) has been already used, duplicate ignored
<argument> ...shipout:D \box_use:N \l_shipout_box 
                                                  \__shipout_drop_firstpage_...
l.1100 
       ]
Overfull \hbox (1.98434pt too wide) in paragraph at lines 1155--1155
 []\T5/cmr/bx/n/10.95 Activity 
 []


Overfull \hbox (1.98434pt too wide) in paragraph at lines 1155--1155
 []\T5/cmr/bx/n/10.95 Activity 
 []



[33
pdfTeX warning (ext4): destination with the same identifier (name{figure.3.12}) has been already used, duplicate ignored
<argument> ...shipout:D \box_use:N \l_shipout_box 
                                                  \__shipout_drop_firstpage_...
l.1155 \end
           {longtblr} <./diagrams/activity_diagrams/UC_11_Edit_Post.png (PNG copy)>]
<./diagrams/activity_diagrams/UC_12_Delete_Post.png, id=531, 734.745pt x 658.46pt>
File: ./diagrams/activity_diagrams/UC_12_Delete_Post.png Graphic file (type png)
<use ./diagrams/activity_diagrams/UC_12_Delete_Post.png>
Package pdftex.def Info: ./diagrams/activity_diagrams/UC_12_Delete_Post.png  used on input line 1181.
(pdftex.def)             Requested size: 386.95897pt x 346.79184pt.


[34
pdfTeX warning (ext4): destination with the same identifier (name{table.3.24}) has been already used, duplicate ignored
<argument> ...shipout:D \box_use:N \l_shipout_box 
                                                  \__shipout_drop_firstpage_...
l.1185 
       ]
Overfull \hbox (1.98434pt too wide) in paragraph at lines 1228--1228
 []\T5/cmr/bx/n/10.95 Activity 
 []


Overfull \hbox (1.98434pt too wide) in paragraph at lines 1228--1228
 []\T5/cmr/bx/n/10.95 Activity 
 []



[35
pdfTeX warning (ext4): destination with the same identifier (name{figure.3.13}) has been already used, duplicate ignored
<argument> ...shipout:D \box_use:N \l_shipout_box 
                                                  \__shipout_drop_firstpage_...
l.1228 \end
           {longtblr} <./diagrams/activity_diagrams/UC_12_Delete_Post.png (PNG copy)>]
<./diagrams/activity_diagrams/UC_13_Post_Comment.png, id=559, 601.24625pt x 603.25375pt>
File: ./diagrams/activity_diagrams/UC_13_Post_Comment.png Graphic file (type png)
<use ./diagrams/activity_diagrams/UC_13_Post_Comment.png>
Package pdftex.def Info: ./diagrams/activity_diagrams/UC_13_Post_Comment.png  used on input line 1254.
(pdftex.def)             Requested size: 386.95897pt x 388.26263pt.


[36
pdfTeX warning (ext4): destination with the same identifier (name{table.3.26}) has been already used, duplicate ignored
<argument> ...shipout:D \box_use:N \l_shipout_box 
                                                  \__shipout_drop_firstpage_...
l.1258 
       ]
Overfull \hbox (1.98434pt too wide) in paragraph at lines 1299--1299
 []\T5/cmr/bx/n/10.95 Activity 
 []


Overfull \hbox (1.98434pt too wide) in paragraph at lines 1299--1299
 []\T5/cmr/bx/n/10.95 Activity 
 []



[37
pdfTeX warning (ext4): destination with the same identifier (name{figure.3.14}) has been already used, duplicate ignored
<argument> ...shipout:D \box_use:N \l_shipout_box 
                                                  \__shipout_drop_firstpage_...
l.1299 \end
           {longtblr} <./diagrams/activity_diagrams/UC_13_Post_Comment.png (PNG copy)>]
<./diagrams/activity_diagrams/UC_14_Reply_To_Comment.png, id=587, 620.3175pt x 603.25375pt>
File: ./diagrams/activity_diagrams/UC_14_Reply_To_Comment.png Graphic file (type png)
<use ./diagrams/activity_diagrams/UC_14_Reply_To_Comment.png>
Package pdftex.def Info: ./diagrams/activity_diagrams/UC_14_Reply_To_Comment.png  used on input line 1325.
(pdftex.def)             Requested size: 386.95897pt x 376.31468pt.


[38
pdfTeX warning (ext4): destination with the same identifier (name{table.3.28}) has been already used, duplicate ignored
<argument> ...shipout:D \box_use:N \l_shipout_box 
                                                  \__shipout_drop_firstpage_...
l.1329 
       ]
Overfull \hbox (1.98434pt too wide) in paragraph at lines 1368--1368
 []\T5/cmr/bx/n/10.95 Activity 
 []


Overfull \hbox (1.98434pt too wide) in paragraph at lines 1368--1368
 []\T5/cmr/bx/n/10.95 Activity 
 []



[39
pdfTeX warning (ext4): destination with the same identifier (name{figure.3.15}) has been already used, duplicate ignored
<argument> ...shipout:D \box_use:N \l_shipout_box 
                                                  \__shipout_drop_firstpage_...
l.1368 \end
           {longtblr} <./diagrams/activity_diagrams/UC_14_Reply_To_Comment.png (PNG copy)>]
<./diagrams/activity_diagrams/UC_15_Vote_On_Content.png, id=613, 648.4225pt x 658.46pt>
File: ./diagrams/activity_diagrams/UC_15_Vote_On_Content.png Graphic file (type png)
<use ./diagrams/activity_diagrams/UC_15_Vote_On_Content.png>
Package pdftex.def Info: ./diagrams/activity_diagrams/UC_15_Vote_On_Content.png  used on input line 1395.
(pdftex.def)             Requested size: 386.95897pt x 392.94904pt.


[40
pdfTeX warning (ext4): destination with the same identifier (name{table.3.30}) has been already used, duplicate ignored
<argument> ...shipout:D \box_use:N \l_shipout_box 
                                                  \__shipout_drop_firstpage_...
l.1399 
       ]
Overfull \hbox (1.98434pt too wide) in paragraph at lines 1440--1440
 []\T5/cmr/bx/n/10.95 Activity 
 []


Overfull \hbox (1.98434pt too wide) in paragraph at lines 1440--1440
 []\T5/cmr/bx/n/10.95 Activity 
 []



[41
pdfTeX warning (ext4): destination with the same identifier (name{figure.3.16}) has been already used, duplicate ignored
<argument> ...shipout:D \box_use:N \l_shipout_box 
                                                  \__shipout_drop_firstpage_...
l.1440 \end
           {longtblr} <./diagrams/activity_diagrams/UC_15_Vote_On_Content.png (PNG copy)>]
<./diagrams/activity_diagrams/UC_16_Participate_In_Poll.png, id=638, 741.77126pt x 603.25375pt>
File: ./diagrams/activity_diagrams/UC_16_Participate_In_Poll.png Graphic file (type png)
<use ./diagrams/activity_diagrams/UC_16_Participate_In_Poll.png>
Package pdftex.def Info: ./diagrams/activity_diagrams/UC_16_Participate_In_Poll.png  used on input line 1466.
(pdftex.def)             Requested size: 386.95897pt x 314.70628pt.


[42
pdfTeX warning (ext4): destination with the same identifier (name{table.3.32}) has been already used, duplicate ignored
<argument> ...shipout:D \box_use:N \l_shipout_box 
                                                  \__shipout_drop_firstpage_...
l.1470 
       ]
Overfull \hbox (1.98434pt too wide) in paragraph at lines 1511--1511
 []\T5/cmr/bx/n/10.95 Activity 
 []


Overfull \hbox (1.98434pt too wide) in paragraph at lines 1511--1511
 []\T5/cmr/bx/n/10.95 Activity 
 []



[43
pdfTeX warning (ext4): destination with the same identifier (name{figure.3.17}) has been already used, duplicate ignored
<argument> ...shipout:D \box_use:N \l_shipout_box 
                                                  \__shipout_drop_firstpage_...
l.1511 \end
           {longtblr} <./diagrams/activity_diagrams/UC_16_Participate_In_Poll.png (PNG copy)>]
<./diagrams/activity_diagrams/UC_17_Save_Post.png, id=666, 533.995pt x 492.84125pt>
File: ./diagrams/activity_diagrams/UC_17_Save_Post.png Graphic file (type png)
<use ./diagrams/activity_diagrams/UC_17_Save_Post.png>
Package pdftex.def Info: ./diagrams/activity_diagrams/UC_17_Save_Post.png  used on input line 1537.
(pdftex.def)             Requested size: 386.95897pt x 357.14658pt.


[44
pdfTeX warning (ext4): destination with the same identifier (name{table.3.34}) has been already used, duplicate ignored
<argument> ...shipout:D \box_use:N \l_shipout_box 
                                                  \__shipout_drop_firstpage_...
l.1541 
       ]
Overfull \hbox (1.98434pt too wide) in paragraph at lines 1575--1575
 []\T5/cmr/bx/n/10.95 Activity 
 []


Overfull \hbox (1.98434pt too wide) in paragraph at lines 1575--1575
 []\T5/cmr/bx/n/10.95 Activity 
 []



[45
pdfTeX warning (ext4): destination with the same identifier (name{figure.3.18}) has been already used, duplicate ignored
<argument> ...shipout:D \box_use:N \l_shipout_box 
                                                  \__shipout_drop_firstpage_...
l.1575 \end
           {longtblr} <./diagrams/activity_diagrams/UC_17_Save_Post.png (PNG copy)>]
<./diagrams/activity_diagrams/UC_18_Hide_Post.png, id=687, 428.60126pt x 483.8075pt>
File: ./diagrams/activity_diagrams/UC_18_Hide_Post.png Graphic file (type png)
<use ./diagrams/activity_diagrams/UC_18_Hide_Post.png>
Package pdftex.def Info: ./diagrams/activity_diagrams/UC_18_Hide_Post.png  used on input line 1601.
(pdftex.def)             Requested size: 386.95897pt x 436.80322pt.


[46
pdfTeX warning (ext4): destination with the same identifier (name{table.3.36}) has been already used, duplicate ignored
<argument> ...shipout:D \box_use:N \l_shipout_box 
                                                  \__shipout_drop_firstpage_...
l.1605 
       ]
Overfull \hbox (1.98434pt too wide) in paragraph at lines 1639--1639
 []\T5/cmr/bx/n/10.95 Activity 
 []


Overfull \hbox (1.98434pt too wide) in paragraph at lines 1639--1639
 []\T5/cmr/bx/n/10.95 Activity 
 []



[47
pdfTeX warning (ext4): destination with the same identifier (name{figure.3.19}) has been already used, duplicate ignored
<argument> ...shipout:D \box_use:N \l_shipout_box 
                                                  \__shipout_drop_firstpage_...
l.1639 \end
           {longtblr} <./diagrams/activity_diagrams/UC_18_Hide_Post.png (PNG copy)>]
<./diagrams/activity_diagrams/UC_19_Manage_Drafts.png, id=707, 631.35875pt x 768.8725pt>
File: ./diagrams/activity_diagrams/UC_19_Manage_Drafts.png Graphic file (type png)
<use ./diagrams/activity_diagrams/UC_19_Manage_Drafts.png>
Package pdftex.def Info: ./diagrams/activity_diagrams/UC_19_Manage_Drafts.png  used on input line 1665.
(pdftex.def)             Requested size: 386.95897pt x 471.24063pt.


[48
pdfTeX warning (ext4): destination with the same identifier (name{table.3.38}) has been already used, duplicate ignored
<argument> ...shipout:D \box_use:N \l_shipout_box 
                                                  \__shipout_drop_firstpage_...
l.1669 
       ]
Overfull \hbox (1.98434pt too wide) in paragraph at lines 1718--1718
 []\T5/cmr/bx/n/10.95 Activity 
 []


Overfull \hbox (1.98434pt too wide) in paragraph at lines 1718--1718
 []\T5/cmr/bx/n/10.95 Activity 
 []



[49
pdfTeX warning (ext4): destination with the same identifier (name{figure.3.20}) has been already used, duplicate ignored
<argument> ...shipout:D \box_use:N \l_shipout_box 
                                                  \__shipout_drop_firstpage_...
l.1718 \end
           {longtblr} <./diagrams/activity_diagrams/UC_19_Manage_Drafts.png (PNG copy)>]
<./diagrams/activity_diagrams/UC_20_Private_Messaging.png, id=738, 566.115pt x 704.6325pt>
File: ./diagrams/activity_diagrams/UC_20_Private_Messaging.png Graphic file (type png)
<use ./diagrams/activity_diagrams/UC_20_Private_Messaging.png>
Package pdftex.def Info: ./diagrams/activity_diagrams/UC_20_Private_Messaging.png  used on input line 1744.
(pdftex.def)             Requested size: 386.95897pt x 481.64894pt.


[50
pdfTeX warning (ext4): destination with the same identifier (name{table.3.40}) has been already used, duplicate ignored
<argument> ...shipout:D \box_use:N \l_shipout_box 
                                                  \__shipout_drop_firstpage_...
l.1748 
       ]
Overfull \hbox (1.98434pt too wide) in paragraph at lines 1789--1789
 []\T5/cmr/bx/n/10.95 Activity 
 []


Overfull \hbox (1.98434pt too wide) in paragraph at lines 1789--1789
 []\T5/cmr/bx/n/10.95 Activity 
 []



[51
pdfTeX warning (ext4): destination with the same identifier (name{figure.3.21}) has been already used, duplicate ignored
<argument> ...shipout:D \box_use:N \l_shipout_box 
                                                  \__shipout_drop_firstpage_...
l.1789 \end
           {longtblr} <./diagrams/activity_diagrams/UC_20_Private_Messaging.png (PNG copy)>]
<./diagrams/activity_diagrams/UC_21_Manage_Notifications.png, id=771, 543.02875pt x 594.22pt>
File: ./diagrams/activity_diagrams/UC_21_Manage_Notifications.png Graphic file (type png)
<use ./diagrams/activity_diagrams/UC_21_Manage_Notifications.png>
Package pdftex.def Info: ./diagrams/activity_diagrams/UC_21_Manage_Notifications.png  used on input line 1815.
(pdftex.def)             Requested size: 386.95897pt x 423.4587pt.


[52
pdfTeX warning (ext4): destination with the same identifier (name{table.3.42}) has been already used, duplicate ignored
<argument> ...shipout:D \box_use:N \l_shipout_box 
                                                  \__shipout_drop_firstpage_...
l.1819 
       ]
Overfull \hbox (1.98434pt too wide) in paragraph at lines 1862--1862
 []\T5/cmr/bx/n/10.95 Activity 
 []


Overfull \hbox (1.98434pt too wide) in paragraph at lines 1862--1862
 []\T5/cmr/bx/n/10.95 Activity 
 []



[53
pdfTeX warning (ext4): destination with the same identifier (name{figure.3.22}) has been already used, duplicate ignored
<argument> ...shipout:D \box_use:N \l_shipout_box 
                                                  \__shipout_drop_firstpage_...
l.1862 \end
           {longtblr} <./diagrams/activity_diagrams/UC_21_Manage_Notifications.png (PNG copy)>]
<./diagrams/activity_diagrams/UC_22_Report_Violation.png, id=802, 647.41875pt x 539.01375pt>
File: ./diagrams/activity_diagrams/UC_22_Report_Violation.png Graphic file (type png)
<use ./diagrams/activity_diagrams/UC_22_Report_Violation.png>
Package pdftex.def Info: ./diagrams/activity_diagrams/UC_22_Report_Violation.png  used on input line 1888.
(pdftex.def)             Requested size: 386.95897pt x 322.16881pt.


[54
pdfTeX warning (ext4): destination with the same identifier (name{table.3.44}) has been already used, duplicate ignored
<argument> ...shipout:D \box_use:N \l_shipout_box 
                                                  \__shipout_drop_firstpage_...
l.1892 
       ]
Overfull \hbox (1.98434pt too wide) in paragraph at lines 1934--1934
 []\T5/cmr/bx/n/10.95 Activity 
 []


Overfull \hbox (1.98434pt too wide) in paragraph at lines 1934--1934
 []\T5/cmr/bx/n/10.95 Activity 
 []



[55
pdfTeX warning (ext4): destination with the same identifier (name{figure.3.23}) has been already used, duplicate ignored
<argument> ...shipout:D \box_use:N \l_shipout_box 
                                                  \__shipout_drop_firstpage_...
l.1934 \end
           {longtblr} <./diagrams/activity_diagrams/UC_22_Report_Violation.png (PNG copy)>]
<./diagrams/activity_diagrams/UC_23_Create_Community.png, id=834, 661.47125pt x 594.22pt>
File: ./diagrams/activity_diagrams/UC_23_Create_Community.png Graphic file (type png)
<use ./diagrams/activity_diagrams/UC_23_Create_Community.png>
Package pdftex.def Info: ./diagrams/activity_diagrams/UC_23_Create_Community.png  used on input line 1960.
(pdftex.def)             Requested size: 386.95897pt x 347.61276pt.


[56
pdfTeX warning (ext4): destination with the same identifier (name{table.3.46}) has been already used, duplicate ignored
<argument> ...shipout:D \box_use:N \l_shipout_box 
                                                  \__shipout_drop_firstpage_...
l.1964 
       ]
Overfull \hbox (1.98434pt too wide) in paragraph at lines 2007--2007
 []\T5/cmr/bx/n/10.95 Activity 
 []


Overfull \hbox (1.98434pt too wide) in paragraph at lines 2007--2007
 []\T5/cmr/bx/n/10.95 Activity 
 []



[57
pdfTeX warning (ext4): destination with the same identifier (name{figure.3.24}) has been already used, duplicate ignored
<argument> ...shipout:D \box_use:N \l_shipout_box 
                                                  \__shipout_drop_firstpage_...
l.2007 \end
           {longtblr} <./diagrams/activity_diagrams/UC_23_Create_Community.png (PNG copy)>]
<./diagrams/activity_diagrams/UC_24_Approve_Reject_Post.png, id=861, 790.955pt x 658.46pt>
File: ./diagrams/activity_diagrams/UC_24_Approve_Reject_Post.png Graphic file (type png)
<use ./diagrams/activity_diagrams/UC_24_Approve_Reject_Post.png>
Package pdftex.def Info: ./diagrams/activity_diagrams/UC_24_Approve_Reject_Post.png  used on input line 2033.
(pdftex.def)             Requested size: 386.95897pt x 322.13582pt.


[58
pdfTeX warning (ext4): destination with the same identifier (name{table.3.48}) has been already used, duplicate ignored
<argument> ...shipout:D \box_use:N \l_shipout_box 
                                                  \__shipout_drop_firstpage_...
l.2037 
       ]
Overfull \hbox (1.98434pt too wide) in paragraph at lines 2080--2080
 []\T5/cmr/bx/n/10.95 Activity 
 []


Overfull \hbox (1.98434pt too wide) in paragraph at lines 2080--2080
 []\T5/cmr/bx/n/10.95 Activity 
 []



[59
pdfTeX warning (ext4): destination with the same identifier (name{figure.3.25}) has been already used, duplicate ignored
<argument> ...shipout:D \box_use:N \l_shipout_box 
                                                  \__shipout_drop_firstpage_...
l.2080 \end
           {longtblr} <./diagrams/activity_diagrams/UC_24_Approve_Reject_Post.png (PNG copy)>]
<./diagrams/activity_diagrams/UC_25_Ban_Mute_User.png, id=892, 591.20876pt x 603.25375pt>
File: ./diagrams/activity_diagrams/UC_25_Ban_Mute_User.png Graphic file (type png)
<use ./diagrams/activity_diagrams/UC_25_Ban_Mute_User.png>
Package pdftex.def Info: ./diagrams/activity_diagrams/UC_25_Ban_Mute_User.png  used on input line 2106.
(pdftex.def)             Requested size: 386.95897pt x 394.85335pt.


[60
pdfTeX warning (ext4): destination with the same identifier (name{table.3.50}) has been already used, duplicate ignored
<argument> ...shipout:D \box_use:N \l_shipout_box 
                                                  \__shipout_drop_firstpage_...
l.2110 
       ]
Overfull \hbox (1.98434pt too wide) in paragraph at lines 2152--2152
 []\T5/cmr/bx/n/10.95 Activity 
 []


Overfull \hbox (1.98434pt too wide) in paragraph at lines 2152--2152
 []\T5/cmr/bx/n/10.95 Activity 
 []



[61
pdfTeX warning (ext4): destination with the same identifier (name{figure.3.26}) has been already used, duplicate ignored
<argument> ...shipout:D \box_use:N \l_shipout_box 
                                                  \__shipout_drop_firstpage_...
l.2152 \end
           {longtblr} <./diagrams/activity_diagrams/UC_25_Ban_Mute_User.png (PNG copy)>]
<./diagrams/activity_diagrams/UC_26_Configure_Community.png, id=929, 664.4825pt x 483.8075pt>
File: ./diagrams/activity_diagrams/UC_26_Configure_Community.png Graphic file (type png)
<use ./diagrams/activity_diagrams/UC_26_Configure_Community.png>
Package pdftex.def Info: ./diagrams/activity_diagrams/UC_26_Configure_Community.png  used on input line 2178.
(pdftex.def)             Requested size: 386.95897pt x 281.74542pt.


[62
pdfTeX warning (ext4): destination with the same identifier (name{table.3.52}) has been already used, duplicate ignored
<argument> ...shipout:D \box_use:N \l_shipout_box 
                                                  \__shipout_drop_firstpage_...
l.2182 
       ]
Overfull \hbox (1.98434pt too wide) in paragraph at lines 2224--2224
 []\T5/cmr/bx/n/10.95 Activity 
 []


Overfull \hbox (1.98434pt too wide) in paragraph at lines 2224--2224
 []\T5/cmr/bx/n/10.95 Activity 
 []



[63
pdfTeX warning (ext4): destination with the same identifier (name{figure.3.27}) has been already used, duplicate ignored
<argument> ...shipout:D \box_use:N \l_shipout_box 
                                                  \__shipout_drop_firstpage_...
l.2224 \end
           {longtblr} <./diagrams/activity_diagrams/UC_26_Configure_Community.png (PNG copy)>]
<./diagrams/activity_diagrams/UC_27_Assign_Roles.png, id=960, 541.02126pt x 539.01375pt>
File: ./diagrams/activity_diagrams/UC_27_Assign_Roles.png Graphic file (type png)
<use ./diagrams/activity_diagrams/UC_27_Assign_Roles.png>
Package pdftex.def Info: ./diagrams/activity_diagrams/UC_27_Assign_Roles.png  used on input line 2250.
(pdftex.def)             Requested size: 386.95897pt x 385.53172pt.


[64
pdfTeX warning (ext4): destination with the same identifier (name{table.3.54}) has been already used, duplicate ignored
<argument> ...shipout:D \box_use:N \l_shipout_box 
                                                  \__shipout_drop_firstpage_...
l.2254 
       ]
Overfull \hbox (1.98434pt too wide) in paragraph at lines 2295--2295
 []\T5/cmr/bx/n/10.95 Activity 
 []


Overfull \hbox (1.98434pt too wide) in paragraph at lines 2295--2295
 []\T5/cmr/bx/n/10.95 Activity 
 []



[65
pdfTeX warning (ext4): destination with the same identifier (name{figure.3.28}) has been already used, duplicate ignored
<argument> ...shipout:D \box_use:N \l_shipout_box 
                                                  \__shipout_drop_firstpage_...
l.2295 \end
           {longtblr} <./diagrams/activity_diagrams/UC_27_Assign_Roles.png (PNG copy)>]
<./diagrams/activity_diagrams/UC_28_Handle_Global_Reports.png, id=992, 550.055pt x 649.42625pt>
File: ./diagrams/activity_diagrams/UC_28_Handle_Global_Reports.png Graphic file (type png)
<use ./diagrams/activity_diagrams/UC_28_Handle_Global_Reports.png>
Package pdftex.def Info: ./diagrams/activity_diagrams/UC_28_Handle_Global_Reports.png  used on input line 2321.
(pdftex.def)             Requested size: 386.95897pt x 456.88435pt.


[66
pdfTeX warning (ext4): destination with the same identifier (name{table.3.56}) has been already used, duplicate ignored
<argument> ...shipout:D \box_use:N \l_shipout_box 
                                                  \__shipout_drop_firstpage_...
l.2325 
       ]
Overfull \hbox (1.98434pt too wide) in paragraph at lines 2368--2368
 []\T5/cmr/bx/n/10.95 Activity 
 []


Overfull \hbox (1.98434pt too wide) in paragraph at lines 2368--2368
 []\T5/cmr/bx/n/10.95 Activity 
 []



[67
pdfTeX warning (ext4): destination with the same identifier (name{figure.3.29}) has been already used, duplicate ignored
<argument> ...shipout:D \box_use:N \l_shipout_box 
                                                  \__shipout_drop_firstpage_...
l.2368 \end
           {longtblr} <./diagrams/activity_diagrams/UC_28_Handle_Global_Reports.png (PNG copy)>]
<./diagrams/activity_diagrams/UC_29_Manage_Platform.png, id=1028, 537.00626pt x 594.22pt>
File: ./diagrams/activity_diagrams/UC_29_Manage_Platform.png Graphic file (type png)
<use ./diagrams/activity_diagrams/UC_29_Manage_Platform.png>
Package pdftex.def Info: ./diagrams/activity_diagrams/UC_29_Manage_Platform.png  used on input line 2394.
(pdftex.def)             Requested size: 386.95897pt x 428.18262pt.


[68
pdfTeX warning (ext4): destination with the same identifier (name{table.3.58}) has been already used, duplicate ignored
<argument> ...shipout:D \box_use:N \l_shipout_box 
                                                  \__shipout_drop_firstpage_...
l.2398 
       ]
Overfull \hbox (1.98434pt too wide) in paragraph at lines 2440--2440
 []\T5/cmr/bx/n/10.95 Activity 
 []


Overfull \hbox (1.98434pt too wide) in paragraph at lines 2440--2440
 []\T5/cmr/bx/n/10.95 Activity 
 []



[69
pdfTeX warning (ext4): destination with the same identifier (name{figure.3.30}) has been already used, duplicate ignored
<argument> ...shipout:D \box_use:N \l_shipout_box 
                                                  \__shipout_drop_firstpage_...
l.2440 \end
           {longtblr} <./diagrams/activity_diagrams/UC_29_Manage_Platform.png (PNG copy)>]
<./diagrams/activity_diagrams/UC_30_View_Analytics.png, id=1082, 463.7325pt x 428.60126pt>
File: ./diagrams/activity_diagrams/UC_30_View_Analytics.png Graphic file (type png)
<use ./diagrams/activity_diagrams/UC_30_View_Analytics.png>
Package pdftex.def Info: ./diagrams/activity_diagrams/UC_30_View_Analytics.png  used on input line 2466.
(pdftex.def)             Requested size: 386.95897pt x 357.6486pt.


[70
pdfTeX warning (ext4): destination with the same identifier (name{table.3.60}) has been already used, duplicate ignored
<argument> ...shipout:D \box_use:N \l_shipout_box 
                                                  \__shipout_drop_firstpage_...
l.2470 
       ]
Overfull \hbox (1.98434pt too wide) in paragraph at lines 2512--2512
 []\T5/cmr/bx/n/10.95 Activity 
 []


Overfull \hbox (1.98434pt too wide) in paragraph at lines 2512--2512
 []\T5/cmr/bx/n/10.95 Activity 
 []



[71
pdfTeX warning (ext4): destination with the same identifier (name{figure.3.31}) has been already used, duplicate ignored
<argument> ...shipout:D \box_use:N \l_shipout_box 
                                                  \__shipout_drop_firstpage_...
l.2512 \end
           {longtblr} <./diagrams/activity_diagrams/UC_30_View_Analytics.png (PNG copy)>]
<./diagrams/Partial data model for LKForum.jpg, id=1116, 1372.12625pt x 818.05624pt>
File: ./diagrams/Partial data model for LKForum.jpg Graphic file (type jpg)
<use ./diagrams/Partial data model for LKForum.jpg>
Package pdftex.def Info: ./diagrams/Partial data model for LKForum.jpg  used on input line 2520.
(pdftex.def)             Requested size: 483.69687pt x 288.38359pt.


Package tabularray Warning: Table width is too small, need 19.72078pt more!



[72
pdfTeX warning (ext4): destination with the same identifier (name{figure.3.32}) has been already used, duplicate ignored
<argument> ...shipout:D \box_use:N \l_shipout_box 
                                                  \__shipout_drop_firstpage_...
l.2558 \end
           {longtblr} <./diagrams/Partial data model for LKForum.jpg>]
Overfull \hbox (19.72078pt too wide) detected at line 2558
 [] 
 []


Package tabularray Warning: Table width is too small, need 19.72078pt more!



[73]
Overfull \hbox (19.72078pt too wide) detected at line 2575
 [] 
 []


Package tabularray Warning: Table width is too small, need 19.72078pt more!


Overfull \hbox (19.72078pt too wide) detected at line 2599
 [] 
 []


Package tabularray Warning: Table width is too small, need 19.72078pt more!


Overfull \hbox (19.72078pt too wide) detected at line 2618
 [] 
 []


Package tabularray Warning: Table width is too small, need 19.72078pt more!



[74]
Overfull \hbox (19.72078pt too wide) detected at line 2638
 [] 
 []


Package tabularray Warning: Table width is too small, need 19.72078pt more!


Overfull \hbox (19.72078pt too wide) detected at line 2654
 [] 
 []


Package tabularray Warning: Table width is too small, need 19.72078pt more!


Overfull \hbox (19.72078pt too wide) detected at line 2673
 [] 
 []


Package tabularray Warning: Table width is too small, need 19.72078pt more!


Overfull \hbox (19.72078pt too wide) detected at line 2690
 [] 
 []


Overfull \hbox (4.38312pt too wide) in paragraph at lines 2711--2711
[]\T5/cmr/m/n/10.95 NotifyOnMessage  
 []


Package tabularray Warning: Table width is too small, need 19.72078pt more!



[75]
Overfull \hbox (4.38312pt too wide) in paragraph at lines 2711--2711
[]\T5/cmr/m/n/10.95 NotifyOnMessage  
 []


Overfull \hbox (19.72078pt too wide) detected at line 2711
 [] 
 []


Overfull \hbox (2.13284pt too wide) in paragraph at lines 2731--2731
[]\T5/cmr/m/n/10.95 ShowPostHistory  
 []


Package tabularray Warning: Table width is too small, need 19.72078pt more!


Overfull \hbox (2.13284pt too wide) in paragraph at lines 2731--2731
[]\T5/cmr/m/n/10.95 ShowPostHistory  
 []


Overfull \hbox (19.72078pt too wide) detected at line 2731
 [] 
 []


Package tabularray Warning: Table width is too small, need 19.72078pt more!


Overfull \hbox (19.72078pt too wide) detected at line 2747
 [] 
 []


Overfull \hbox (7.18073pt too wide) in paragraph at lines 2769--2769
[]\T5/cmr/m/n/10.95 EmailVerification- 
 []


Overfull \hbox (7.18073pt too wide) in paragraph at lines 2769--2769
[]\T5/cmr/m/n/10.95 EmailVerification- 
 []


Overfull \hbox (7.18073pt too wide) in paragraph at lines 2769--2769
[]\T5/cmr/m/n/10.95 EmailVerification- 
 []


Overfull \hbox (7.18073pt too wide) in paragraph at lines 2769--2769
[]\T5/cmr/m/n/10.95 EmailVerification- 
 []


Overfull \hbox (7.18073pt too wide) in paragraph at lines 2769--2769
[]\T5/cmr/m/n/10.95 EmailVerification- 
 []


Overfull \hbox (7.18073pt too wide) in paragraph at lines 2769--2769
[]\T5/cmr/m/n/10.95 EmailVerification- 
 []


Overfull \hbox (7.18073pt too wide) in paragraph at lines 2769--2769
[]\T5/cmr/m/n/10.95 EmailVerification- 
 []


Package tabularray Warning: Table width is too small, need 19.72078pt more!


Overfull \hbox (7.18073pt too wide) in paragraph at lines 2769--2769
[]\T5/cmr/m/n/10.95 EmailVerification- 
 []


Overfull \hbox (19.72078pt too wide) detected at line 2769
 [] 
 []



[76]
Overfull \hbox (7.18073pt too wide) in paragraph at lines 2769--2769
[]\T5/cmr/m/n/10.95 EmailVerification- 
 []


Overfull \hbox (7.18073pt too wide) in paragraph at lines 2769--2769
[]\T5/cmr/m/n/10.95 EmailVerification- 
 []


Overfull \hbox (7.18073pt too wide) in paragraph at lines 2769--2769
[]\T5/cmr/m/n/10.95 EmailVerification- 
 []


Overfull \hbox (7.18073pt too wide) in paragraph at lines 2769--2769
[]\T5/cmr/m/n/10.95 EmailVerification- 
 []


Overfull \hbox (7.18073pt too wide) in paragraph at lines 2769--2769
[]\T5/cmr/m/n/10.95 EmailVerification- 
 []


Overfull \hbox (7.18073pt too wide) in paragraph at lines 2769--2769
[]\T5/cmr/m/n/10.95 EmailVerification- 
 []


Overfull \hbox (19.72078pt too wide) detected at line 2769
 [] 
 []


Package tabularray Warning: Table width is too small, need 19.72078pt more!


Overfull \hbox (19.72078pt too wide) detected at line 2791
 [] 
 []


Package tabularray Warning: Table width is too small, need 19.72078pt more!


Overfull \hbox (19.72078pt too wide) detected at line 2809
 [] 
 []



[77]
Overfull \hbox (19.72078pt too wide) detected at line 2809
 [] 
 []


Package tabularray Warning: Table width is too small, need 19.72078pt more!


Overfull \hbox (19.72078pt too wide) detected at line 2827
 [] 
 []


Package tabularray Warning: Table width is too small, need 19.72078pt more!


Overfull \hbox (19.72078pt too wide) detected at line 2862
 [] 
 []



[78]
Overfull \hbox (19.72078pt too wide) detected at line 2862
 [] 
 []


Package tabularray Warning: Table width is too small, need 19.72078pt more!


Overfull \hbox (19.72078pt too wide) detected at line 2881
 [] 
 []


Package tabularray Warning: Table width is too small, need 19.72078pt more!


Overfull \hbox (19.72078pt too wide) detected at line 2898
 [] 
 []


Package tabularray Warning: Table width is too small, need 19.72078pt more!



[79]
Overfull \hbox (19.72078pt too wide) detected at line 2918
 [] 
 []


Package tabularray Warning: Table width is too small, need 19.72078pt more!


Overfull \hbox (19.72078pt too wide) detected at line 2939
 [] 
 []


Package tabularray Warning: Table width is too small, need 19.72078pt more!


Overfull \hbox (19.72078pt too wide) detected at line 2957
 [] 
 []



[80]
Overfull \hbox (19.72078pt too wide) detected at line 2957
 [] 
 []


Package tabularray Warning: Table width is too small, need 19.72078pt more!


Overfull \hbox (19.72078pt too wide) detected at line 2979
 [] 
 []


Overfull \hbox (0.67322pt too wide) in paragraph at lines 3017--3017
[]\T5/cmr/m/n/10.95 CommentsCount  
 []


Overfull \hbox (6.17723pt too wide) in paragraph at lines 3017--3017
[]\T5/cmr/m/n/10.95 ModerationStatus  
 []


Overfull \hbox (6.32928pt too wide) in paragraph at lines 3017--3017
[]\T5/cmr/m/n/10.95 ModerationResult  
 []


Package tabularray Warning: Table width is too small, need 19.72078pt more!


Overfull \hbox (19.72078pt too wide) detected at line 3017
 [] 
 []



[81]
Overfull \hbox (0.67322pt too wide) in paragraph at lines 3017--3017
[]\T5/cmr/m/n/10.95 CommentsCount  
 []


Overfull \hbox (6.17723pt too wide) in paragraph at lines 3017--3017
[]\T5/cmr/m/n/10.95 ModerationStatus  
 []


Overfull \hbox (6.32928pt too wide) in paragraph at lines 3017--3017
[]\T5/cmr/m/n/10.95 ModerationResult  
 []


Overfull \hbox (19.72078pt too wide) detected at line 3017
 [] 
 []


Package tabularray Warning: Table width is too small, need 19.72078pt more!


Overfull \hbox (19.72078pt too wide) detected at line 3036
 [] 
 []



[82]
Overfull \hbox (19.72078pt too wide) detected at line 3036
 [] 
 []


Package tabularray Warning: Table width is too small, need 19.72078pt more!


Overfull \hbox (19.72078pt too wide) detected at line 3056
 [] 
 []


Package tabularray Warning: Table width is too small, need 19.72078pt more!


Overfull \hbox (19.72078pt too wide) detected at line 3074
 [] 
 []


Package tabularray Warning: Table width is too small, need 19.72078pt more!


Overfull \hbox (19.72078pt too wide) detected at line 3091
 [] 
 []


Package tabularray Warning: Table width is too small, need 19.72078pt more!



[83]
Overfull \hbox (19.72078pt too wide) detected at line 3112
 [] 
 []


Package tabularray Warning: Table width is too small, need 19.72078pt more!


Overfull \hbox (19.72078pt too wide) detected at line 3136
 [] 
 []


Package tabularray Warning: Table width is too small, need 19.72078pt more!


Overfull \hbox (19.72078pt too wide) detected at line 3154
 [] 
 []



[84]
Overfull \hbox (19.72078pt too wide) detected at line 3154
 [] 
 []


Package tabularray Warning: Table width is too small, need 19.72078pt more!


Overfull \hbox (19.72078pt too wide) detected at line 3178
 [] 
 []


Package tabularray Warning: Table width is too small, need 19.72078pt more!


Overfull \hbox (19.72078pt too wide) detected at line 3196
 [] 
 []


Package tabularray Warning: Table width is too small, need 19.72078pt more!



[85]
Overfull \hbox (19.72078pt too wide) detected at line 3214
 [] 
 []


Package tabularray Warning: Table width is too small, need 19.72078pt more!


Overfull \hbox (19.72078pt too wide) detected at line 3235
 [] 
 []


Package tabularray Warning: Table width is too small, need 19.72078pt more!


Overfull \hbox (19.72078pt too wide) detected at line 3254
 [] 
 []


Package tabularray Warning: Table width is too small, need 19.72078pt more!


Overfull \hbox (19.72078pt too wide) detected at line 3273
 [] 
 []



[86]
Overfull \hbox (19.72078pt too wide) detected at line 3273
 [] 
 []


Package tabularray Warning: Table width is too small, need 19.72078pt more!


Overfull \hbox (19.72078pt too wide) detected at line 3299
 [] 
 []


Package tabularray Warning: Table width is too small, need 19.72078pt more!


Overfull \hbox (19.72078pt too wide) detected at line 3320
 [] 
 []



[87]
Overfull \hbox (19.72078pt too wide) detected at line 3320
 [] 
 []


Package tabularray Warning: Table width is too small, need 19.72078pt more!


Overfull \hbox (19.72078pt too wide) detected at line 3340
 [] 
 []


Package tabularray Warning: Table width is too small, need 19.72078pt more!


Overfull \hbox (19.72078pt too wide) detected at line 3358
 [] 
 []


Package tabularray Warning: Table width is too small, need 19.72078pt more!


Overfull \hbox (19.72078pt too wide) detected at line 3382
 [] 
 []



[88]
Overfull \hbox (19.72078pt too wide) detected at line 3382
 [] 
 []


Package tabularray Warning: Table width is too small, need 19.72078pt more!


Overfull \hbox (19.72078pt too wide) detected at line 3408
 [] 
 []


Overfull \hbox (1.52461pt too wide) in paragraph at lines 3439--3439
[]\T5/cmr/m/n/10.95 NotificationType  
 []


Package tabularray Warning: Table width is too small, need 19.72078pt more!



[89]
Overfull \hbox (1.52461pt too wide) in paragraph at lines 3439--3439
[]\T5/cmr/m/n/10.95 NotificationType  
 []


Overfull \hbox (19.72078pt too wide) detected at line 3439
 [] 
 []



[90]
chapter 4.


[91

]

[92]
chapter 5.


[93

]
chapter 6.

Overfull \hbox (2.32373pt too wide) in alignment at lines 3518--3525
[] [] []
 []


Overfull \hbox (2.32373pt too wide) in alignment at lines 3525--3532
[] [] []
 []


Overfull \hbox (2.32373pt too wide) in alignment at lines 3532--3535
[] [] []
 []


Overfull \hbox (2.32373pt too wide) in alignment at lines 3535--3540
[] [] []
 []


Overfull \hbox (2.32373pt too wide) in alignment at lines 3540--3628
[] [] []
 []

[94

] [95] [96]
Overfull \hbox (43.2904pt too wide) in alignment at lines 3639--3646
[] [] []
 []


Overfull \hbox (43.2904pt too wide) in alignment at lines 3646--3653
[] [] []
 []


Overfull \hbox (43.2904pt too wide) in alignment at lines 3653--3656
[] [] []
 []


Overfull \hbox (43.2904pt too wide) in alignment at lines 3656--3661
[] [] []
 []


Overfull \hbox (43.2904pt too wide) in alignment at lines 3661--3728
[] [] []
 []

[97] [98] [99]

[100] (SRS.aux)
 ***********
LaTeX2e <2025-06-01> patch level 1
L3 programming layer <2025-10-09>
 ***********


LaTeX Warning: There were multiply-defined labels.

 ) 
Here is how much of TeX's memory you used:
 21018 strings out of 468080
 410023 string characters out of 5425771
 1012356 words of memory out of 5000000
 49010 multiletter control sequences out of 15000+600000
 641661 words of font info for 63 fonts, out of 8000000 for 9000
 1141 hyphenation exceptions out of 8191
 108i,8n,112p,11275b,2780s stack positions out of 10000i,1000n,20000p,200000b,200000s
 <C:\Users\Admin\AppData\Local\MiKTeX\fonts/pk/ljfour/jknappen/ec/dpi600\tcrm1095.pk><C:/Users/Admin/AppData/Local/Programs/MiKTeX/fonts/type1/vntex/vnr/vnbx10.pfb><C:/Users/Admin/AppData/Local/Programs/MiKTeX/fonts/type1/vntex/vnr/vnbx12.pfb><C:/Users/Admin/AppData/Local/Programs/MiKTeX/fonts/type1/vntex/vnr/vnbxti10.pfb><C:/Users/Admin/AppData/Local/Programs/MiKTeX/fonts/type1/vntex/vnr/vnr10.pfb><C:/Users/Admin/AppData/Local/Programs/MiKTeX/fonts/type1/vntex/vnr/vnssbx10.pfb><C:/Users/Admin/AppData/Local/Programs/MiKTeX/fonts/type1/vntex/vnr/vntt10.pfb>
Output written on SRS.pdf (100 pages, 1886695 bytes).
PDF statistics:
 1605 PDF objects out of 1728 (max. 8388607)
 453 named destinations out of 1000 (max. 500000)
 618 words of extra memory for PDF output out of 10000 (max. 10000000)

